{"C:\\Users\\skyis\\Downloads\\korea-care-concierge\\app\\error.tsx": {"path":"C:\\Users\\skyis\\Downloads\\korea-care-concierge\\app\\error.tsx","statementMap":{"0":{"start":{"line":8,"column":24},"end":{"line":8,"column":30}},"1":{"start":{"line":3,"column":26},"end":{"line":3,"column":null}},"2":{"start":{"line":4,"column":17},"end":{"line":4,"column":null}},"3":{"start":{"line":5,"column":23},"end":{"line":5,"column":null}},"4":{"start":{"line":6,"column":41},"end":{"line":6,"column":null}},"5":{"start":{"line":15,"column":2},"end":{"line":32,"column":null}},"6":{"start":{"line":17,"column":4},"end":{"line":24,"column":null}},"7":{"start":{"line":27,"column":4},"end":{"line":31,"column":null}}},"fnMap":{"0":{"name":"Error","decl":{"start":{"line":8,"column":24},"end":{"line":8,"column":30}},"loc":{"start":{"line":14,"column":1},"end":{"line":62,"column":null}}},"1":{"name":"(anonymous_3)","decl":{"start":{"line":15,"column":12},"end":{"line":15,"column":null}},"loc":{"start":{"line":15,"column":12},"end":{"line":32,"column":5}}}},"branchMap":{"0":{"loc":{"start":{"line":22,"column":17},"end":{"line":22,"column":null}},"type":"cond-expr","locations":[{"start":{"line":22,"column":49},"end":{"line":22,"column":75}},{"start":{"line":22,"column":78},"end":{"line":22,"column":null}}]},"1":{"loc":{"start":{"line":23,"column":11},"end":{"line":23,"column":null}},"type":"cond-expr","locations":[{"start":{"line":23,"column":43},"end":{"line":23,"column":63}},{"start":{"line":23,"column":66},"end":{"line":23,"column":null}}]},"2":{"loc":{"start":{"line":27,"column":4},"end":{"line":31,"column":null}},"type":"if","locations":[{"start":{"line":27,"column":4},"end":{"line":31,"column":null}},{"start":{},"end":{}}]}},"s":{"0":0,"1":0,"2":0,"3":0,"4":0,"5":0,"6":0,"7":0},"f":{"0":0,"1":0},"b":{"0":[0,0],"1":[0,0],"2":[0,0]}}
,"C:\\Users\\skyis\\Downloads\\korea-care-concierge\\app\\layout.tsx": {"path":"C:\\Users\\skyis\\Downloads\\korea-care-concierge\\app\\layout.tsx","statementMap":{"0":{"start":{"line":145,"column":24},"end":{"line":145,"column":35}},"1":{"start":{"line":42,"column":13},"end":{"line":42,"column":21}},"2":{"start":{"line":3,"column":56},"end":{"line":3,"column":null}},"3":{"start":{"line":4,"column":19},"end":{"line":4,"column":null}},"4":{"start":{"line":5,"column":30},"end":{"line":5,"column":null}},"5":{"start":{"line":6,"column":30},"end":{"line":6,"column":null}},"6":{"start":{"line":7,"column":36},"end":{"line":7,"column":null}},"7":{"start":{"line":8,"column":50},"end":{"line":8,"column":null}},"8":{"start":{"line":9,"column":7},"end":{"line":9,"column":null}},"9":{"start":{"line":13,"column":16},"end":{"line":19,"column":null}},"10":{"start":{"line":23,"column":17},"end":{"line":29,"column":null}},"11":{"start":{"line":33,"column":19},"end":{"line":39,"column":null}},"12":{"start":{"line":42,"column":34},"end":{"line":143,"column":null}},"13":{"start":{"line":150,"column":23},"end":{"line":202,"column":null}}},"fnMap":{"0":{"name":"RootLayout","decl":{"start":{"line":145,"column":24},"end":{"line":145,"column":35}},"loc":{"start":{"line":149,"column":2},"end":{"line":238,"column":1}}}},"branchMap":{},"s":{"0":0,"1":0,"2":0,"3":0,"4":0,"5":0,"6":0,"7":0,"8":0,"9":0,"10":0,"11":0,"12":0,"13":0},"f":{"0":0},"b":{}}
,"C:\\Users\\skyis\\Downloads\\korea-care-concierge\\app\\loading.tsx": {"path":"C:\\Users\\skyis\\Downloads\\korea-care-concierge\\app\\loading.tsx","statementMap":{"0":{"start":{"line":1,"column":24},"end":{"line":1,"column":null}}},"fnMap":{"0":{"name":"Loading","decl":{"start":{"line":1,"column":24},"end":{"line":1,"column":null}},"loc":{"start":{"line":1,"column":24},"end":{"line":19,"column":null}}}},"branchMap":{},"s":{"0":0},"f":{"0":0},"b":{}}
,"C:\\Users\\skyis\\Downloads\\korea-care-concierge\\app\\not-found.tsx": {"path":"C:\\Users\\skyis\\Downloads\\korea-care-concierge\\app\\not-found.tsx","statementMap":{"0":{"start":{"line":7,"column":24},"end":{"line":7,"column":null}},"1":{"start":{"line":3,"column":17},"end":{"line":3,"column":null}},"2":{"start":{"line":4,"column":23},"end":{"line":4,"column":null}},"3":{"start":{"line":5,"column":32},"end":{"line":5,"column":null}},"4":{"start":{"line":32,"column":27},"end":{"line":32,"column":null}}},"fnMap":{"0":{"name":"NotFound","decl":{"start":{"line":7,"column":24},"end":{"line":7,"column":null}},"loc":{"start":{"line":7,"column":24},"end":{"line":41,"column":null}}},"1":{"name":"(anonymous_3)","decl":{"start":{"line":32,"column":21},"end":{"line":32,"column":27}},"loc":{"start":{"line":32,"column":27},"end":{"line":32,"column":null}}}},"branchMap":{},"s":{"0":0,"1":0,"2":0,"3":0,"4":0},"f":{"0":0,"1":0},"b":{}}
,"C:\\Users\\skyis\\Downloads\\korea-care-concierge\\app\\page.tsx": {"path":"C:\\Users\\skyis\\Downloads\\korea-care-concierge\\app\\page.tsx","statementMap":{"0":{"start":{"line":15,"column":24},"end":{"line":15,"column":null}},"1":{"start":{"line":3,"column":19},"end":{"line":3,"column":null}},"2":{"start":{"line":4,"column":24},"end":{"line":4,"column":null}},"3":{"start":{"line":5,"column":27},"end":{"line":5,"column":null}},"4":{"start":{"line":6,"column":32},"end":{"line":6,"column":null}},"5":{"start":{"line":7,"column":28},"end":{"line":7,"column":null}},"6":{"start":{"line":8,"column":30},"end":{"line":8,"column":null}},"7":{"start":{"line":9,"column":27},"end":{"line":9,"column":null}},"8":{"start":{"line":10,"column":23},"end":{"line":10,"column":null}},"9":{"start":{"line":11,"column":34},"end":{"line":11,"column":null}},"10":{"start":{"line":12,"column":19},"end":{"line":12,"column":null}},"11":{"start":{"line":13,"column":22},"end":{"line":13,"column":null}}},"fnMap":{"0":{"name":"Home","decl":{"start":{"line":15,"column":24},"end":{"line":15,"column":null}},"loc":{"start":{"line":15,"column":24},"end":{"line":31,"column":null}}}},"branchMap":{},"s":{"0":0,"1":0,"2":0,"3":0,"4":0,"5":0,"6":0,"7":0,"8":0,"9":0,"10":0,"11":0},"f":{"0":0},"b":{}}
,"C:\\Users\\skyis\\Downloads\\korea-care-concierge\\app\\robots.ts": {"path":"C:\\Users\\skyis\\Downloads\\korea-care-concierge\\app\\robots.ts","statementMap":{"0":{"start":{"line":3,"column":24},"end":{"line":3,"column":null}},"1":{"start":{"line":4,"column":2},"end":{"line":19,"column":null}}},"fnMap":{"0":{"name":"robots","decl":{"start":{"line":3,"column":24},"end":{"line":3,"column":null}},"loc":{"start":{"line":3,"column":24},"end":{"line":20,"column":null}}}},"branchMap":{},"s":{"0":0,"1":0},"f":{"0":0},"b":{}}
,"C:\\Users\\skyis\\Downloads\\korea-care-concierge\\app\\sitemap.ts": {"path":"C:\\Users\\skyis\\Downloads\\korea-care-concierge\\app\\sitemap.ts","statementMap":{"0":{"start":{"line":3,"column":24},"end":{"line":3,"column":null}},"1":{"start":{"line":4,"column":2},"end":{"line":17,"column":null}}},"fnMap":{"0":{"name":"sitemap","decl":{"start":{"line":3,"column":24},"end":{"line":3,"column":null}},"loc":{"start":{"line":3,"column":24},"end":{"line":18,"column":null}}}},"branchMap":{},"s":{"0":0,"1":0},"f":{"0":0},"b":{}}
,"C:\\Users\\skyis\\Downloads\\korea-care-concierge\\app\\(workspace)\\layout.tsx": {"path":"C:\\Users\\skyis\\Downloads\\korea-care-concierge\\app\\(workspace)\\layout.tsx","statementMap":{"0":{"start":{"line":6,"column":30},"end":{"line":6,"column":46}},"1":{"start":{"line":4,"column":13},"end":{"line":4,"column":20}},"2":{"start":{"line":1,"column":37},"end":{"line":1,"column":null}},"3":{"start":{"line":2,"column":26},"end":{"line":2,"column":null}},"4":{"start":{"line":4,"column":23},"end":{"line":4,"column":null}},"5":{"start":{"line":12,"column":2},"end":{"line":12,"column":null}}},"fnMap":{"0":{"name":"WorkspaceLayout","decl":{"start":{"line":6,"column":30},"end":{"line":6,"column":46}},"loc":{"start":{"line":10,"column":1},"end":{"line":22,"column":1}}}},"branchMap":{},"s":{"0":0,"1":0,"2":0,"3":0,"4":0,"5":0},"f":{"0":0},"b":{}}
,"C:\\Users\\skyis\\Downloads\\korea-care-concierge\\app\\(workspace)\\loading.tsx": {"path":"C:\\Users\\skyis\\Downloads\\korea-care-concierge\\app\\(workspace)\\loading.tsx","statementMap":{"0":{"start":{"line":1,"column":24},"end":{"line":1,"column":null}}},"fnMap":{"0":{"name":"WorkspaceLoading","decl":{"start":{"line":1,"column":24},"end":{"line":1,"column":null}},"loc":{"start":{"line":1,"column":24},"end":{"line":18,"column":null}}}},"branchMap":{},"s":{"0":0},"f":{"0":0},"b":{}}
,"C:\\Users\\skyis\\Downloads\\korea-care-concierge\\app\\(workspace)\\databases\\page.tsx": {"path":"C:\\Users\\skyis\\Downloads\\korea-care-concierge\\app\\(workspace)\\databases\\page.tsx","statementMap":{"0":{"start":{"line":9,"column":30},"end":{"line":9,"column":null}},"1":{"start":{"line":7,"column":13},"end":{"line":7,"column":20}},"2":{"start":{"line":1,"column":36},"end":{"line":1,"column":null}},"3":{"start":{"line":2,"column":74},"end":{"line":2,"column":null}},"4":{"start":{"line":3,"column":22},"end":{"line":3,"column":null}},"5":{"start":{"line":4,"column":51},"end":{"line":4,"column":null}},"6":{"start":{"line":5,"column":17},"end":{"line":5,"column":null}},"7":{"start":{"line":7,"column":23},"end":{"line":7,"column":null}},"8":{"start":{"line":10,"column":24},"end":{"line":10,"column":null}},"9":{"start":{"line":12,"column":2},"end":{"line":116,"column":null}},"10":{"start":{"line":13,"column":21},"end":{"line":13,"column":null}},"11":{"start":{"line":14,"column":22},"end":{"line":14,"column":38}},"12":{"start":{"line":40,"column":14},"end":{"line":40,"column":32}},"13":{"start":{"line":86,"column":4},"end":{"line":86,"column":null}}},"fnMap":{"0":{"name":"DatabasesPage","decl":{"start":{"line":9,"column":30},"end":{"line":9,"column":null}},"loc":{"start":{"line":9,"column":30},"end":{"line":117,"column":1}}},"1":{"name":"(anonymous_5)","decl":{"start":{"line":39,"column":27},"end":{"line":39,"column":28}},"loc":{"start":{"line":40,"column":14},"end":{"line":40,"column":32}}}},"branchMap":{"0":{"loc":{"start":{"line":26,"column":10},"end":{"line":38,"column":11}},"type":"cond-expr","locations":[{"start":{"line":26,"column":10},"end":{"line":38,"column":11}}]},"1":{"loc":{"start":{"line":46,"column":25},"end":{"line":46,"column":null}},"type":"binary-expr","locations":[{"start":{"line":46,"column":25},"end":{"line":46,"column":54}},{"start":{"line":46,"column":54},"end":{"line":46,"column":null}}]},"2":{"loc":{"start":{"line":54,"column":21},"end":{"line":54,"column":null}},"type":"binary-expr","locations":[{"start":{"line":54,"column":21},"end":{"line":54,"column":56}},{"start":{"line":54,"column":56},"end":{"line":54,"column":null}}]},"3":{"loc":{"start":{"line":65,"column":28},"end":{"line":65,"column":null}},"type":"binary-expr","locations":[{"start":{"line":65,"column":28},"end":{"line":65,"column":51}},{"start":{"line":65,"column":51},"end":{"line":65,"column":null}}]}},"s":{"0":0,"1":0,"2":0,"3":0,"4":0,"5":0,"6":0,"7":0,"8":0,"9":0,"10":0,"11":0,"12":0,"13":0},"f":{"0":0,"1":0},"b":{"0":[0],"1":[0,0],"2":[0,0],"3":[0,0]}}
,"C:\\Users\\skyis\\Downloads\\korea-care-concierge\\app\\(workspace)\\settings\\page.tsx": {"path":"C:\\Users\\skyis\\Downloads\\korea-care-concierge\\app\\(workspace)\\settings\\page.tsx","statementMap":{"0":{"start":{"line":17,"column":24},"end":{"line":17,"column":null}},"1":{"start":{"line":3,"column":25},"end":{"line":3,"column":null}},"2":{"start":{"line":4,"column":26},"end":{"line":4,"column":null}},"3":{"start":{"line":5,"column":74},"end":{"line":5,"column":null}},"4":{"start":{"line":6,"column":23},"end":{"line":6,"column":null}},"5":{"start":{"line":7,"column":40},"end":{"line":7,"column":null}},"6":{"start":{"line":14,"column":7},"end":{"line":14,"column":null}},"7":{"start":{"line":15,"column":34},"end":{"line":15,"column":null}},"8":{"start":{"line":18,"column":40},"end":{"line":18,"column":null}},"9":{"start":{"line":19,"column":40},"end":{"line":19,"column":null}},"10":{"start":{"line":20,"column":17},"end":{"line":20,"column":null}},"11":{"start":{"line":22,"column":28},"end":{"line":32,"column":null}},"12":{"start":{"line":23,"column":4},"end":{"line":23,"column":null}},"13":{"start":{"line":24,"column":4},"end":{"line":31,"column":null}},"14":{"start":{"line":25,"column":6},"end":{"line":25,"column":null}},"15":{"start":{"line":28,"column":6},"end":{"line":28,"column":null}},"16":{"start":{"line":30,"column":6},"end":{"line":30,"column":null}},"17":{"start":{"line":71,"column":31},"end":{"line":71,"column":null}},"18":{"start":{"line":81,"column":31},"end":{"line":81,"column":null}},"19":{"start":{"line":134,"column":33},"end":{"line":134,"column":null}}},"fnMap":{"0":{"name":"SettingsPage","decl":{"start":{"line":17,"column":24},"end":{"line":17,"column":null}},"loc":{"start":{"line":17,"column":24},"end":{"line":154,"column":null}}},"1":{"name":"(anonymous_2)","decl":{"start":{"line":22,"column":28},"end":{"line":22,"column":null}},"loc":{"start":{"line":22,"column":28},"end":{"line":32,"column":null}}},"2":{"name":"(anonymous_3)","decl":{"start":{"line":71,"column":25},"end":{"line":71,"column":31}},"loc":{"start":{"line":71,"column":31},"end":{"line":71,"column":null}}},"3":{"name":"(anonymous_4)","decl":{"start":{"line":81,"column":25},"end":{"line":81,"column":31}},"loc":{"start":{"line":81,"column":31},"end":{"line":81,"column":null}}},"4":{"name":"(anonymous_5)","decl":{"start":{"line":134,"column":27},"end":{"line":134,"column":33}},"loc":{"start":{"line":134,"column":33},"end":{"line":134,"column":null}}}},"branchMap":{"0":{"loc":{"start":{"line":75,"column":17},"end":{"line":75,"column":null}},"type":"cond-expr","locations":[{"start":{"line":75,"column":31},"end":{"line":75,"column":44}},{"start":{"line":75,"column":44},"end":{"line":75,"column":null}}]},"1":{"loc":{"start":{"line":118,"column":7},"end":{"line":118,"column":null}},"type":"binary-expr","locations":[{"start":{"line":118,"column":7},"end":{"line":118,"column":null}}]},"2":{"loc":{"start":{"line":145,"column":19},"end":{"line":145,"column":null}},"type":"cond-expr","locations":[{"start":{"line":145,"column":33},"end":{"line":145,"column":45}},{"start":{"line":145,"column":45},"end":{"line":145,"column":null}}]}},"s":{"0":0,"1":0,"2":0,"3":0,"4":0,"5":0,"6":0,"7":0,"8":0,"9":0,"10":0,"11":0,"12":0,"13":0,"14":0,"15":0,"16":0,"17":0,"18":0,"19":0},"f":{"0":0,"1":0,"2":0,"3":0,"4":0},"b":{"0":[0,0],"1":[0],"2":[0,0]}}
,"C:\\Users\\skyis\\Downloads\\korea-care-concierge\\app\\actions\\auth.ts": {"path":"C:\\Users\\skyis\\Downloads\\korea-care-concierge\\app\\actions\\auth.ts","statementMap":{"0":{"start":{"line":112,"column":22},"end":{"line":112,"column":42}},"1":{"start":{"line":104,"column":22},"end":{"line":104,"column":39}},"2":{"start":{"line":59,"column":22},"end":{"line":59,"column":37}},"3":{"start":{"line":78,"column":22},"end":{"line":78,"column":37}},"4":{"start":{"line":122,"column":22},"end":{"line":122,"column":39}},"5":{"start":{"line":27,"column":22},"end":{"line":27,"column":38}},"6":{"start":{"line":88,"column":22},"end":{"line":88,"column":42}},"7":{"start":{"line":3,"column":35},"end":{"line":3,"column":null}},"8":{"start":{"line":4,"column":24},"end":{"line":4,"column":null}},"9":{"start":{"line":5,"column":25},"end":{"line":5,"column":null}},"10":{"start":{"line":6,"column":23},"end":{"line":6,"column":null}},"11":{"start":{"line":9,"column":19},"end":{"line":12,"column":null}},"12":{"start":{"line":11,"column":4},"end":{"line":11,"column":null}},"13":{"start":{"line":16,"column":20},"end":{"line":16,"column":null}},"14":{"start":{"line":17,"column":23},"end":{"line":22,"column":null}},"15":{"start":{"line":28,"column":2},"end":{"line":53,"column":null}},"16":{"start":{"line":30,"column":19},"end":{"line":30,"column":null}},"17":{"start":{"line":33,"column":4},"end":{"line":33,"column":null}},"18":{"start":{"line":36,"column":18},"end":{"line":40,"column":null}},"19":{"start":{"line":43,"column":24},"end":{"line":43,"column":null}},"20":{"start":{"line":44,"column":4},"end":{"line":44,"column":null}},"21":{"start":{"line":46,"column":4},"end":{"line":46,"column":null}},"22":{"start":{"line":48,"column":4},"end":{"line":48,"column":null}},"23":{"start":{"line":49,"column":4},"end":{"line":52,"column":null}},"24":{"start":{"line":60,"column":2},"end":{"line":72,"column":null}},"25":{"start":{"line":61,"column":24},"end":{"line":61,"column":null}},"26":{"start":{"line":62,"column":18},"end":{"line":62,"column":null}},"27":{"start":{"line":64,"column":4},"end":{"line":64,"column":null}},"28":{"start":{"line":64,"column":16},"end":{"line":64,"column":null}},"29":{"start":{"line":67,"column":24},"end":{"line":67,"column":null}},"30":{"start":{"line":68,"column":4},"end":{"line":68,"column":null}},"31":{"start":{"line":70,"column":4},"end":{"line":70,"column":null}},"32":{"start":{"line":71,"column":4},"end":{"line":71,"column":null}},"33":{"start":{"line":79,"column":17},"end":{"line":79,"column":null}},"34":{"start":{"line":80,"column":2},"end":{"line":80,"column":null}},"35":{"start":{"line":80,"column":15},"end":{"line":80,"column":null}},"36":{"start":{"line":82,"column":2},"end":{"line":82,"column":null}},"37":{"start":{"line":89,"column":2},"end":{"line":98,"column":null}},"38":{"start":{"line":90,"column":19},"end":{"line":90,"column":null}},"39":{"start":{"line":91,"column":4},"end":{"line":91,"column":null}},"40":{"start":{"line":91,"column":17},"end":{"line":91,"column":null}},"41":{"start":{"line":93,"column":4},"end":{"line":93,"column":null}},"42":{"start":{"line":94,"column":4},"end":{"line":94,"column":null}},"43":{"start":{"line":96,"column":4},"end":{"line":96,"column":null}},"44":{"start":{"line":97,"column":4},"end":{"line":97,"column":null}},"45":{"start":{"line":105,"column":22},"end":{"line":105,"column":null}},"46":{"start":{"line":106,"column":2},"end":{"line":106,"column":null}},"47":{"start":{"line":113,"column":18},"end":{"line":113,"column":null}},"48":{"start":{"line":114,"column":2},"end":{"line":116,"column":null}},"49":{"start":{"line":115,"column":4},"end":{"line":115,"column":null}},"50":{"start":{"line":123,"column":2},"end":{"line":123,"column":null}},"51":{"start":{"line":124,"column":2},"end":{"line":124,"column":null}}},"fnMap":{"0":{"name":"(anonymous_8)","decl":{"start":{"line":10,"column":29},"end":{"line":10,"column":null}},"loc":{"start":{"line":10,"column":29},"end":{"line":12,"column":null}}},"1":{"name":"saveNotionApiKey","decl":{"start":{"line":27,"column":22},"end":{"line":27,"column":38}},"loc":{"start":{"line":27,"column":53},"end":{"line":54,"column":null}}},"2":{"name":"getNotionApiKey","decl":{"start":{"line":59,"column":22},"end":{"line":59,"column":37}},"loc":{"start":{"line":59,"column":22},"end":{"line":73,"column":null}}},"3":{"name":"getNotionClient","decl":{"start":{"line":78,"column":22},"end":{"line":78,"column":37}},"loc":{"start":{"line":78,"column":22},"end":{"line":83,"column":null}}},"4":{"name":"validateNotionApiKey","decl":{"start":{"line":88,"column":22},"end":{"line":88,"column":42}},"loc":{"start":{"line":88,"column":22},"end":{"line":99,"column":null}}},"5":{"name":"clearNotionApiKey","decl":{"start":{"line":104,"column":22},"end":{"line":104,"column":39}},"loc":{"start":{"line":104,"column":22},"end":{"line":107,"column":null}}},"6":{"name":"checkAuthAndRedirect","decl":{"start":{"line":112,"column":22},"end":{"line":112,"column":42}},"loc":{"start":{"line":112,"column":22},"end":{"line":117,"column":null}}},"7":{"name":"resetNotionApiKey","decl":{"start":{"line":122,"column":22},"end":{"line":122,"column":39}},"loc":{"start":{"line":122,"column":22},"end":{"line":125,"column":null}}}},"branchMap":{"0":{"loc":{"start":{"line":10,"column":2},"end":{"line":12,"column":null}},"type":"binary-expr","locations":[{"start":{"line":10,"column":2},"end":{"line":10,"column":24}},{"start":{"line":10,"column":28},"end":{"line":12,"column":null}}]},"1":{"loc":{"start":{"line":64,"column":4},"end":{"line":64,"column":null}},"type":"if","locations":[{"start":{"line":64,"column":4},"end":{"line":64,"column":null}},{"start":{},"end":{}}]},"2":{"loc":{"start":{"line":80,"column":2},"end":{"line":80,"column":null}},"type":"if","locations":[{"start":{"line":80,"column":2},"end":{"line":80,"column":null}},{"start":{},"end":{}}]},"3":{"loc":{"start":{"line":91,"column":4},"end":{"line":91,"column":null}},"type":"if","locations":[{"start":{"line":91,"column":4},"end":{"line":91,"column":null}},{"start":{},"end":{}}]},"4":{"loc":{"start":{"line":114,"column":2},"end":{"line":116,"column":null}},"type":"if","locations":[{"start":{"line":114,"column":2},"end":{"line":116,"column":null}},{"start":{},"end":{}}]}},"s":{"0":0,"1":0,"2":0,"3":0,"4":0,"5":0,"6":0,"7":0,"8":0,"9":0,"10":0,"11":0,"12":0,"13":0,"14":0,"15":0,"16":0,"17":0,"18":0,"19":0,"20":0,"21":0,"22":0,"23":0,"24":0,"25":0,"26":0,"27":0,"28":0,"29":0,"30":0,"31":0,"32":0,"33":0,"34":0,"35":0,"36":0,"37":0,"38":0,"39":0,"40":0,"41":0,"42":0,"43":0,"44":0,"45":0,"46":0,"47":0,"48":0,"49":0,"50":0,"51":0},"f":{"0":0,"1":0,"2":0,"3":0,"4":0,"5":0,"6":0,"7":0},"b":{"0":[0,0],"1":[0,0],"2":[0,0],"3":[0,0],"4":[0,0]}}
,"C:\\Users\\skyis\\Downloads\\korea-care-concierge\\app\\actions\\notion-database.ts": {"path":"C:\\Users\\skyis\\Downloads\\korea-care-concierge\\app\\actions\\notion-database.ts","statementMap":{"0":{"start":{"line":75,"column":22},"end":{"line":75,"column":36}},"1":{"start":{"line":135,"column":22},"end":{"line":135,"column":36}},"2":{"start":{"line":220,"column":22},"end":{"line":220,"column":39}},"3":{"start":{"line":54,"column":22},"end":{"line":54,"column":37}},"4":{"start":{"line":165,"column":22},"end":{"line":165,"column":42}},"5":{"start":{"line":29,"column":22},"end":{"line":29,"column":34}},"6":{"start":{"line":190,"column":22},"end":{"line":190,"column":44}},"7":{"start":{"line":102,"column":22},"end":{"line":102,"column":46}},"8":{"start":{"line":3,"column":80},"end":{"line":3,"column":null}},"9":{"start":{"line":4,"column":31},"end":{"line":4,"column":null}},"10":{"start":{"line":30,"column":2},"end":{"line":48,"column":null}},"11":{"start":{"line":31,"column":21},"end":{"line":31,"column":null}},"12":{"start":{"line":33,"column":22},"end":{"line":34,"column":null}},"13":{"start":{"line":34,"column":16},"end":{"line":34,"column":null}},"14":{"start":{"line":36,"column":4},"end":{"line":40,"column":null}},"15":{"start":{"line":42,"column":4},"end":{"line":42,"column":null}},"16":{"start":{"line":43,"column":4},"end":{"line":47,"column":null}},"17":{"start":{"line":55,"column":2},"end":{"line":69,"column":null}},"18":{"start":{"line":56,"column":21},"end":{"line":56,"column":null}},"19":{"start":{"line":57,"column":4},"end":{"line":61,"column":null}},"20":{"start":{"line":63,"column":4},"end":{"line":63,"column":null}},"21":{"start":{"line":64,"column":4},"end":{"line":68,"column":null}},"22":{"start":{"line":76,"column":2},"end":{"line":96,"column":null}},"23":{"start":{"line":77,"column":19},"end":{"line":77,"column":null}},"24":{"start":{"line":78,"column":21},"end":{"line":78,"column":null}},"25":{"start":{"line":81,"column":4},"end":{"line":81,"column":null}},"26":{"start":{"line":82,"column":4},"end":{"line":82,"column":null}},"27":{"start":{"line":84,"column":4},"end":{"line":88,"column":null}},"28":{"start":{"line":90,"column":4},"end":{"line":90,"column":null}},"29":{"start":{"line":91,"column":4},"end":{"line":95,"column":null}},"30":{"start":{"line":106,"column":2},"end":{"line":129,"column":null}},"31":{"start":{"line":107,"column":19},"end":{"line":107,"column":null}},"32":{"start":{"line":108,"column":20},"end":{"line":111,"column":null}},"33":{"start":{"line":114,"column":4},"end":{"line":114,"column":null}},"34":{"start":{"line":115,"column":4},"end":{"line":115,"column":null}},"35":{"start":{"line":117,"column":4},"end":{"line":121,"column":null}},"36":{"start":{"line":123,"column":4},"end":{"line":123,"column":null}},"37":{"start":{"line":124,"column":4},"end":{"line":128,"column":null}},"38":{"start":{"line":136,"column":2},"end":{"line":159,"column":null}},"39":{"start":{"line":137,"column":19},"end":{"line":137,"column":null}},"40":{"start":{"line":138,"column":20},"end":{"line":141,"column":null}},"41":{"start":{"line":144,"column":4},"end":{"line":144,"column":null}},"42":{"start":{"line":145,"column":4},"end":{"line":145,"column":null}},"43":{"start":{"line":147,"column":4},"end":{"line":151,"column":null}},"44":{"start":{"line":153,"column":4},"end":{"line":153,"column":null}},"45":{"start":{"line":154,"column":4},"end":{"line":158,"column":null}},"46":{"start":{"line":166,"column":2},"end":{"line":184,"column":null}},"47":{"start":{"line":167,"column":21},"end":{"line":167,"column":null}},"48":{"start":{"line":168,"column":4},"end":{"line":174,"column":null}},"49":{"start":{"line":176,"column":4},"end":{"line":176,"column":null}},"50":{"start":{"line":177,"column":4},"end":{"line":183,"column":null}},"51":{"start":{"line":191,"column":2},"end":{"line":214,"column":null}},"52":{"start":{"line":192,"column":19},"end":{"line":192,"column":null}},"53":{"start":{"line":193,"column":21},"end":{"line":196,"column":null}},"54":{"start":{"line":199,"column":22},"end":{"line":200,"column":null}},"55":{"start":{"line":200,"column":16},"end":{"line":200,"column":null}},"56":{"start":{"line":202,"column":4},"end":{"line":206,"column":null}},"57":{"start":{"line":208,"column":4},"end":{"line":208,"column":null}},"58":{"start":{"line":209,"column":4},"end":{"line":213,"column":null}},"59":{"start":{"line":221,"column":2},"end":{"line":252,"column":null}},"60":{"start":{"line":222,"column":19},"end":{"line":222,"column":null}},"61":{"start":{"line":225,"column":29},"end":{"line":225,"column":null}},"62":{"start":{"line":228,"column":24},"end":{"line":235,"column":null}},"63":{"start":{"line":238,"column":4},"end":{"line":238,"column":null}},"64":{"start":{"line":240,"column":4},"end":{"line":244,"column":null}},"65":{"start":{"line":246,"column":4},"end":{"line":246,"column":null}},"66":{"start":{"line":247,"column":4},"end":{"line":251,"column":null}}},"fnMap":{"0":{"name":"getDatabases","decl":{"start":{"line":29,"column":22},"end":{"line":29,"column":34}},"loc":{"start":{"line":29,"column":22},"end":{"line":49,"column":null}}},"1":{"name":"(anonymous_10)","decl":{"start":{"line":34,"column":6},"end":{"line":34,"column":7}},"loc":{"start":{"line":34,"column":16},"end":{"line":34,"column":null}}},"2":{"name":"getDatabaseById","decl":{"start":{"line":54,"column":22},"end":{"line":54,"column":37}},"loc":{"start":{"line":54,"column":56},"end":{"line":70,"column":null}}},"3":{"name":"createDatabase","decl":{"start":{"line":75,"column":22},"end":{"line":75,"column":36}},"loc":{"start":{"line":75,"column":56},"end":{"line":97,"column":null}}},"4":{"name":"updateDatabaseProperties","decl":{"start":{"line":102,"column":22},"end":{"line":102,"column":46}},"loc":{"start":{"line":104,"column":38},"end":{"line":130,"column":null}}},"5":{"name":"deleteDatabase","decl":{"start":{"line":135,"column":22},"end":{"line":135,"column":36}},"loc":{"start":{"line":135,"column":55},"end":{"line":160,"column":null}}},"6":{"name":"getDatabasePagesById","decl":{"start":{"line":165,"column":22},"end":{"line":165,"column":42}},"loc":{"start":{"line":165,"column":77},"end":{"line":185,"column":null}}},"7":{"name":"searchDatabasesByQuery","decl":{"start":{"line":190,"column":22},"end":{"line":190,"column":44}},"loc":{"start":{"line":190,"column":58},"end":{"line":215,"column":null}}},"8":{"name":"(anonymous_17)","decl":{"start":{"line":200,"column":6},"end":{"line":200,"column":7}},"loc":{"start":{"line":200,"column":16},"end":{"line":200,"column":null}}},"9":{"name":"duplicateDatabase","decl":{"start":{"line":220,"column":22},"end":{"line":220,"column":39}},"loc":{"start":{"line":220,"column":77},"end":{"line":253,"column":null}}}},"branchMap":{"0":{"loc":{"start":{"line":46,"column":13},"end":{"line":46,"column":null}},"type":"cond-expr","locations":[{"start":{"line":46,"column":38},"end":{"line":46,"column":51}},{"start":{"line":46,"column":54},"end":{"line":46,"column":null}}]},"1":{"loc":{"start":{"line":67,"column":13},"end":{"line":67,"column":null}},"type":"cond-expr","locations":[{"start":{"line":67,"column":38},"end":{"line":67,"column":51}},{"start":{"line":67,"column":54},"end":{"line":67,"column":null}}]},"2":{"loc":{"start":{"line":94,"column":13},"end":{"line":94,"column":null}},"type":"cond-expr","locations":[{"start":{"line":94,"column":38},"end":{"line":94,"column":51}},{"start":{"line":94,"column":54},"end":{"line":94,"column":null}}]},"3":{"loc":{"start":{"line":127,"column":13},"end":{"line":127,"column":null}},"type":"cond-expr","locations":[{"start":{"line":127,"column":38},"end":{"line":127,"column":51}},{"start":{"line":127,"column":54},"end":{"line":127,"column":null}}]},"4":{"loc":{"start":{"line":157,"column":13},"end":{"line":157,"column":null}},"type":"cond-expr","locations":[{"start":{"line":157,"column":38},"end":{"line":157,"column":51}},{"start":{"line":157,"column":54},"end":{"line":157,"column":null}}]},"5":{"loc":{"start":{"line":165,"column":63},"end":{"line":165,"column":77}},"type":"default-arg","locations":[{"start":{"line":165,"column":74},"end":{"line":165,"column":77}}]},"6":{"loc":{"start":{"line":182,"column":13},"end":{"line":182,"column":null}},"type":"cond-expr","locations":[{"start":{"line":182,"column":38},"end":{"line":182,"column":51}},{"start":{"line":182,"column":54},"end":{"line":182,"column":null}}]},"7":{"loc":{"start":{"line":212,"column":13},"end":{"line":212,"column":null}},"type":"cond-expr","locations":[{"start":{"line":212,"column":38},"end":{"line":212,"column":51}},{"start":{"line":212,"column":54},"end":{"line":212,"column":null}}]},"8":{"loc":{"start":{"line":230,"column":13},"end":{"line":230,"column":82}},"type":"cond-expr","locations":[{"start":{"line":230,"column":24},"end":{"line":230,"column":60}},{"start":{"line":230,"column":60},"end":{"line":230,"column":82}}]},"9":{"loc":{"start":{"line":250,"column":13},"end":{"line":250,"column":null}},"type":"cond-expr","locations":[{"start":{"line":250,"column":38},"end":{"line":250,"column":51}},{"start":{"line":250,"column":54},"end":{"line":250,"column":null}}]}},"s":{"0":0,"1":0,"2":0,"3":0,"4":0,"5":0,"6":0,"7":0,"8":0,"9":0,"10":0,"11":0,"12":0,"13":0,"14":0,"15":0,"16":0,"17":0,"18":0,"19":0,"20":0,"21":0,"22":0,"23":0,"24":0,"25":0,"26":0,"27":0,"28":0,"29":0,"30":0,"31":0,"32":0,"33":0,"34":0,"35":0,"36":0,"37":0,"38":0,"39":0,"40":0,"41":0,"42":0,"43":0,"44":0,"45":0,"46":0,"47":0,"48":0,"49":0,"50":0,"51":0,"52":0,"53":0,"54":0,"55":0,"56":0,"57":0,"58":0,"59":0,"60":0,"61":0,"62":0,"63":0,"64":0,"65":0,"66":0},"f":{"0":0,"1":0,"2":0,"3":0,"4":0,"5":0,"6":0,"7":0,"8":0,"9":0},"b":{"0":[0,0],"1":[0,0],"2":[0,0],"3":[0,0],"4":[0,0],"5":[0],"6":[0,0],"7":[0,0],"8":[0,0],"9":[0,0]}}
,"C:\\Users\\skyis\\Downloads\\korea-care-concierge\\app\\actions\\notion-optimistic.ts": {"path":"C:\\Users\\skyis\\Downloads\\korea-care-concierge\\app\\actions\\notion-optimistic.ts","statementMap":{"0":{"start":{"line":173,"column":22},"end":{"line":173,"column":43}},"1":{"start":{"line":142,"column":22},"end":{"line":142,"column":39}},"2":{"start":{"line":112,"column":22},"end":{"line":112,"column":40}},"3":{"start":{"line":81,"column":22},"end":{"line":81,"column":41}},"4":{"start":{"line":44,"column":22},"end":{"line":44,"column":40}},"5":{"start":{"line":9,"column":22},"end":{"line":9,"column":37}},"6":{"start":{"line":3,"column":32},"end":{"line":3,"column":null}},"7":{"start":{"line":4,"column":31},"end":{"line":4,"column":null}},"8":{"start":{"line":10,"column":2},"end":{"line":38,"column":null}},"9":{"start":{"line":11,"column":19},"end":{"line":11,"column":null}},"10":{"start":{"line":13,"column":20},"end":{"line":20,"column":null}},"11":{"start":{"line":23,"column":4},"end":{"line":23,"column":null}},"12":{"start":{"line":24,"column":4},"end":{"line":24,"column":null}},"13":{"start":{"line":26,"column":4},"end":{"line":30,"column":null}},"14":{"start":{"line":32,"column":4},"end":{"line":32,"column":null}},"15":{"start":{"line":33,"column":4},"end":{"line":37,"column":null}},"16":{"start":{"line":49,"column":2},"end":{"line":75,"column":null}},"17":{"start":{"line":50,"column":19},"end":{"line":50,"column":null}},"18":{"start":{"line":52,"column":20},"end":{"line":57,"column":null}},"19":{"start":{"line":60,"column":4},"end":{"line":60,"column":null}},"20":{"start":{"line":61,"column":4},"end":{"line":61,"column":null}},"21":{"start":{"line":63,"column":4},"end":{"line":67,"column":null}},"22":{"start":{"line":69,"column":4},"end":{"line":69,"column":null}},"23":{"start":{"line":70,"column":4},"end":{"line":74,"column":null}},"24":{"start":{"line":82,"column":2},"end":{"line":106,"column":null}},"25":{"start":{"line":83,"column":19},"end":{"line":83,"column":null}},"26":{"start":{"line":85,"column":20},"end":{"line":88,"column":null}},"27":{"start":{"line":91,"column":4},"end":{"line":91,"column":null}},"28":{"start":{"line":92,"column":4},"end":{"line":92,"column":null}},"29":{"start":{"line":94,"column":4},"end":{"line":98,"column":null}},"30":{"start":{"line":100,"column":4},"end":{"line":100,"column":null}},"31":{"start":{"line":101,"column":4},"end":{"line":105,"column":null}},"32":{"start":{"line":113,"column":2},"end":{"line":136,"column":null}},"33":{"start":{"line":114,"column":19},"end":{"line":114,"column":null}},"34":{"start":{"line":116,"column":20},"end":{"line":119,"column":null}},"35":{"start":{"line":122,"column":4},"end":{"line":122,"column":null}},"36":{"start":{"line":124,"column":4},"end":{"line":128,"column":null}},"37":{"start":{"line":130,"column":4},"end":{"line":130,"column":null}},"38":{"start":{"line":131,"column":4},"end":{"line":135,"column":null}},"39":{"start":{"line":143,"column":2},"end":{"line":167,"column":null}},"40":{"start":{"line":144,"column":19},"end":{"line":144,"column":null}},"41":{"start":{"line":146,"column":20},"end":{"line":149,"column":null}},"42":{"start":{"line":152,"column":4},"end":{"line":152,"column":null}},"43":{"start":{"line":153,"column":4},"end":{"line":153,"column":null}},"44":{"start":{"line":155,"column":4},"end":{"line":159,"column":null}},"45":{"start":{"line":161,"column":4},"end":{"line":161,"column":null}},"46":{"start":{"line":162,"column":4},"end":{"line":166,"column":null}},"47":{"start":{"line":174,"column":2},"end":{"line":198,"column":null}},"48":{"start":{"line":175,"column":19},"end":{"line":175,"column":null}},"49":{"start":{"line":177,"column":20},"end":{"line":180,"column":null}},"50":{"start":{"line":183,"column":4},"end":{"line":183,"column":null}},"51":{"start":{"line":184,"column":4},"end":{"line":184,"column":null}},"52":{"start":{"line":186,"column":4},"end":{"line":190,"column":null}},"53":{"start":{"line":192,"column":4},"end":{"line":192,"column":null}},"54":{"start":{"line":193,"column":4},"end":{"line":197,"column":null}}},"fnMap":{"0":{"name":"updatePageTitle","decl":{"start":{"line":9,"column":22},"end":{"line":9,"column":37}},"loc":{"start":{"line":9,"column":67},"end":{"line":39,"column":null}}},"1":{"name":"updatePageProperty","decl":{"start":{"line":44,"column":22},"end":{"line":44,"column":40}},"loc":{"start":{"line":47,"column":12},"end":{"line":76,"column":null}}},"2":{"name":"updateDatabaseTitle","decl":{"start":{"line":81,"column":22},"end":{"line":81,"column":41}},"loc":{"start":{"line":81,"column":75},"end":{"line":107,"column":null}}},"3":{"name":"updateBlockContent","decl":{"start":{"line":112,"column":22},"end":{"line":112,"column":40}},"loc":{"start":{"line":112,"column":70},"end":{"line":137,"column":null}}},"4":{"name":"togglePageArchive","decl":{"start":{"line":142,"column":22},"end":{"line":142,"column":39}},"loc":{"start":{"line":142,"column":73},"end":{"line":168,"column":null}}},"5":{"name":"toggleDatabaseArchive","decl":{"start":{"line":173,"column":22},"end":{"line":173,"column":43}},"loc":{"start":{"line":173,"column":81},"end":{"line":199,"column":null}}}},"branchMap":{"0":{"loc":{"start":{"line":36,"column":13},"end":{"line":36,"column":null}},"type":"cond-expr","locations":[{"start":{"line":36,"column":38},"end":{"line":36,"column":51}},{"start":{"line":36,"column":54},"end":{"line":36,"column":null}}]},"1":{"loc":{"start":{"line":73,"column":13},"end":{"line":73,"column":null}},"type":"cond-expr","locations":[{"start":{"line":73,"column":38},"end":{"line":73,"column":51}},{"start":{"line":73,"column":54},"end":{"line":73,"column":null}}]},"2":{"loc":{"start":{"line":104,"column":13},"end":{"line":104,"column":null}},"type":"cond-expr","locations":[{"start":{"line":104,"column":38},"end":{"line":104,"column":51}},{"start":{"line":104,"column":54},"end":{"line":104,"column":null}}]},"3":{"loc":{"start":{"line":134,"column":13},"end":{"line":134,"column":null}},"type":"cond-expr","locations":[{"start":{"line":134,"column":38},"end":{"line":134,"column":51}},{"start":{"line":134,"column":54},"end":{"line":134,"column":null}}]},"4":{"loc":{"start":{"line":165,"column":13},"end":{"line":165,"column":null}},"type":"cond-expr","locations":[{"start":{"line":165,"column":38},"end":{"line":165,"column":51}},{"start":{"line":165,"column":54},"end":{"line":165,"column":null}}]},"5":{"loc":{"start":{"line":196,"column":13},"end":{"line":196,"column":null}},"type":"cond-expr","locations":[{"start":{"line":196,"column":38},"end":{"line":196,"column":51}},{"start":{"line":196,"column":54},"end":{"line":196,"column":null}}]}},"s":{"0":0,"1":0,"2":0,"3":0,"4":0,"5":0,"6":0,"7":0,"8":0,"9":0,"10":0,"11":0,"12":0,"13":0,"14":0,"15":0,"16":0,"17":0,"18":0,"19":0,"20":0,"21":0,"22":0,"23":0,"24":0,"25":0,"26":0,"27":0,"28":0,"29":0,"30":0,"31":0,"32":0,"33":0,"34":0,"35":0,"36":0,"37":0,"38":0,"39":0,"40":0,"41":0,"42":0,"43":0,"44":0,"45":0,"46":0,"47":0,"48":0,"49":0,"50":0,"51":0,"52":0,"53":0,"54":0},"f":{"0":0,"1":0,"2":0,"3":0,"4":0,"5":0},"b":{"0":[0,0],"1":[0,0],"2":[0,0],"3":[0,0],"4":[0,0],"5":[0,0]}}
,"C:\\Users\\skyis\\Downloads\\korea-care-concierge\\app\\actions\\notion-pages.ts": {"path":"C:\\Users\\skyis\\Downloads\\korea-care-concierge\\app\\actions\\notion-pages.ts","statementMap":{"0":{"start":{"line":70,"column":22},"end":{"line":70,"column":32}},"1":{"start":{"line":130,"column":22},"end":{"line":130,"column":32}},"2":{"start":{"line":211,"column":22},"end":{"line":211,"column":35}},"3":{"start":{"line":160,"column":22},"end":{"line":160,"column":39}},"4":{"start":{"line":49,"column":22},"end":{"line":49,"column":33}},"5":{"start":{"line":28,"column":22},"end":{"line":28,"column":30}},"6":{"start":{"line":254,"column":22},"end":{"line":254,"column":40}},"7":{"start":{"line":185,"column":22},"end":{"line":185,"column":40}},"8":{"start":{"line":97,"column":22},"end":{"line":97,"column":42}},"9":{"start":{"line":291,"column":22},"end":{"line":291,"column":39}},"10":{"start":{"line":3,"column":69},"end":{"line":3,"column":null}},"11":{"start":{"line":4,"column":31},"end":{"line":4,"column":null}},"12":{"start":{"line":29,"column":2},"end":{"line":43,"column":null}},"13":{"start":{"line":30,"column":21},"end":{"line":30,"column":null}},"14":{"start":{"line":31,"column":4},"end":{"line":35,"column":null}},"15":{"start":{"line":37,"column":4},"end":{"line":37,"column":null}},"16":{"start":{"line":38,"column":4},"end":{"line":42,"column":null}},"17":{"start":{"line":50,"column":2},"end":{"line":64,"column":null}},"18":{"start":{"line":51,"column":17},"end":{"line":51,"column":null}},"19":{"start":{"line":52,"column":4},"end":{"line":56,"column":null}},"20":{"start":{"line":58,"column":4},"end":{"line":58,"column":null}},"21":{"start":{"line":59,"column":4},"end":{"line":63,"column":null}},"22":{"start":{"line":71,"column":2},"end":{"line":91,"column":null}},"23":{"start":{"line":72,"column":19},"end":{"line":72,"column":null}},"24":{"start":{"line":73,"column":17},"end":{"line":73,"column":null}},"25":{"start":{"line":76,"column":4},"end":{"line":76,"column":null}},"26":{"start":{"line":77,"column":4},"end":{"line":77,"column":null}},"27":{"start":{"line":79,"column":4},"end":{"line":83,"column":null}},"28":{"start":{"line":85,"column":4},"end":{"line":85,"column":null}},"29":{"start":{"line":86,"column":4},"end":{"line":90,"column":null}},"30":{"start":{"line":101,"column":2},"end":{"line":124,"column":null}},"31":{"start":{"line":102,"column":19},"end":{"line":102,"column":null}},"32":{"start":{"line":103,"column":20},"end":{"line":106,"column":null}},"33":{"start":{"line":109,"column":4},"end":{"line":109,"column":null}},"34":{"start":{"line":110,"column":4},"end":{"line":110,"column":null}},"35":{"start":{"line":112,"column":4},"end":{"line":116,"column":null}},"36":{"start":{"line":118,"column":4},"end":{"line":118,"column":null}},"37":{"start":{"line":119,"column":4},"end":{"line":123,"column":null}},"38":{"start":{"line":131,"column":2},"end":{"line":154,"column":null}},"39":{"start":{"line":132,"column":19},"end":{"line":132,"column":null}},"40":{"start":{"line":133,"column":20},"end":{"line":136,"column":null}},"41":{"start":{"line":139,"column":4},"end":{"line":139,"column":null}},"42":{"start":{"line":140,"column":4},"end":{"line":140,"column":null}},"43":{"start":{"line":142,"column":4},"end":{"line":146,"column":null}},"44":{"start":{"line":148,"column":4},"end":{"line":148,"column":null}},"45":{"start":{"line":149,"column":4},"end":{"line":153,"column":null}},"46":{"start":{"line":161,"column":2},"end":{"line":179,"column":null}},"47":{"start":{"line":162,"column":21},"end":{"line":162,"column":null}},"48":{"start":{"line":163,"column":4},"end":{"line":169,"column":null}},"49":{"start":{"line":171,"column":4},"end":{"line":171,"column":null}},"50":{"start":{"line":172,"column":4},"end":{"line":178,"column":null}},"51":{"start":{"line":186,"column":2},"end":{"line":205,"column":null}},"52":{"start":{"line":187,"column":19},"end":{"line":187,"column":null}},"53":{"start":{"line":188,"column":21},"end":{"line":191,"column":null}},"54":{"start":{"line":193,"column":4},"end":{"line":197,"column":null}},"55":{"start":{"line":199,"column":4},"end":{"line":199,"column":null}},"56":{"start":{"line":200,"column":4},"end":{"line":204,"column":null}},"57":{"start":{"line":212,"column":2},"end":{"line":248,"column":null}},"58":{"start":{"line":213,"column":19},"end":{"line":213,"column":null}},"59":{"start":{"line":216,"column":25},"end":{"line":216,"column":null}},"60":{"start":{"line":217,"column":27},"end":{"line":217,"column":null}},"61":{"start":{"line":220,"column":20},"end":{"line":231,"column":null}},"62":{"start":{"line":234,"column":4},"end":{"line":234,"column":null}},"63":{"start":{"line":236,"column":4},"end":{"line":240,"column":null}},"64":{"start":{"line":242,"column":4},"end":{"line":242,"column":null}},"65":{"start":{"line":243,"column":4},"end":{"line":247,"column":null}},"66":{"start":{"line":255,"column":2},"end":{"line":285,"column":null}},"67":{"start":{"line":256,"column":19},"end":{"line":256,"column":null}},"68":{"start":{"line":259,"column":17},"end":{"line":259,"column":null}},"69":{"start":{"line":262,"column":20},"end":{"line":266,"column":null}},"70":{"start":{"line":269,"column":4},"end":{"line":269,"column":null}},"71":{"start":{"line":270,"column":4},"end":{"line":270,"column":null}},"72":{"start":{"line":271,"column":4},"end":{"line":271,"column":null}},"73":{"start":{"line":273,"column":4},"end":{"line":277,"column":null}},"74":{"start":{"line":279,"column":4},"end":{"line":279,"column":null}},"75":{"start":{"line":280,"column":4},"end":{"line":284,"column":null}},"76":{"start":{"line":292,"column":2},"end":{"line":319,"column":null}},"77":{"start":{"line":293,"column":19},"end":{"line":293,"column":null}},"78":{"start":{"line":295,"column":4},"end":{"line":301,"column":null}},"79":{"start":{"line":297,"column":6},"end":{"line":300,"column":null}},"80":{"start":{"line":304,"column":4},"end":{"line":304,"column":null}},"81":{"start":{"line":305,"column":4},"end":{"line":305,"column":null}},"82":{"start":{"line":307,"column":4},"end":{"line":311,"column":null}},"83":{"start":{"line":313,"column":4},"end":{"line":313,"column":null}},"84":{"start":{"line":314,"column":4},"end":{"line":318,"column":null}}},"fnMap":{"0":{"name":"getPages","decl":{"start":{"line":28,"column":22},"end":{"line":28,"column":30}},"loc":{"start":{"line":28,"column":22},"end":{"line":44,"column":null}}},"1":{"name":"getPageById","decl":{"start":{"line":49,"column":22},"end":{"line":49,"column":33}},"loc":{"start":{"line":49,"column":48},"end":{"line":65,"column":null}}},"2":{"name":"createPage","decl":{"start":{"line":70,"column":22},"end":{"line":70,"column":32}},"loc":{"start":{"line":70,"column":48},"end":{"line":92,"column":null}}},"3":{"name":"updatePageProperties","decl":{"start":{"line":97,"column":22},"end":{"line":97,"column":42}},"loc":{"start":{"line":99,"column":34},"end":{"line":125,"column":null}}},"4":{"name":"deletePage","decl":{"start":{"line":130,"column":22},"end":{"line":130,"column":32}},"loc":{"start":{"line":130,"column":47},"end":{"line":155,"column":null}}},"5":{"name":"getPageBlocksById","decl":{"start":{"line":160,"column":22},"end":{"line":160,"column":39}},"loc":{"start":{"line":160,"column":54},"end":{"line":180,"column":null}}},"6":{"name":"searchPagesByQuery","decl":{"start":{"line":185,"column":22},"end":{"line":185,"column":40}},"loc":{"start":{"line":185,"column":54},"end":{"line":206,"column":null}}},"7":{"name":"duplicatePage","decl":{"start":{"line":211,"column":22},"end":{"line":211,"column":35}},"loc":{"start":{"line":211,"column":69},"end":{"line":249,"column":null}}},"8":{"name":"movePageToDatabase","decl":{"start":{"line":254,"column":22},"end":{"line":254,"column":40}},"loc":{"start":{"line":254,"column":75},"end":{"line":286,"column":null}}},"9":{"name":"updatePageSharing","decl":{"start":{"line":291,"column":22},"end":{"line":291,"column":39}},"loc":{"start":{"line":291,"column":77},"end":{"line":320,"column":null}}}},"branchMap":{"0":{"loc":{"start":{"line":41,"column":13},"end":{"line":41,"column":null}},"type":"cond-expr","locations":[{"start":{"line":41,"column":38},"end":{"line":41,"column":51}},{"start":{"line":41,"column":54},"end":{"line":41,"column":null}}]},"1":{"loc":{"start":{"line":62,"column":13},"end":{"line":62,"column":null}},"type":"cond-expr","locations":[{"start":{"line":62,"column":38},"end":{"line":62,"column":51}},{"start":{"line":62,"column":54},"end":{"line":62,"column":null}}]},"2":{"loc":{"start":{"line":89,"column":13},"end":{"line":89,"column":null}},"type":"cond-expr","locations":[{"start":{"line":89,"column":38},"end":{"line":89,"column":51}},{"start":{"line":89,"column":54},"end":{"line":89,"column":null}}]},"3":{"loc":{"start":{"line":122,"column":13},"end":{"line":122,"column":null}},"type":"cond-expr","locations":[{"start":{"line":122,"column":38},"end":{"line":122,"column":51}},{"start":{"line":122,"column":54},"end":{"line":122,"column":null}}]},"4":{"loc":{"start":{"line":152,"column":13},"end":{"line":152,"column":null}},"type":"cond-expr","locations":[{"start":{"line":152,"column":38},"end":{"line":152,"column":51}},{"start":{"line":152,"column":54},"end":{"line":152,"column":null}}]},"5":{"loc":{"start":{"line":177,"column":13},"end":{"line":177,"column":null}},"type":"cond-expr","locations":[{"start":{"line":177,"column":38},"end":{"line":177,"column":51}},{"start":{"line":177,"column":54},"end":{"line":177,"column":null}}]},"6":{"loc":{"start":{"line":203,"column":13},"end":{"line":203,"column":null}},"type":"cond-expr","locations":[{"start":{"line":203,"column":38},"end":{"line":203,"column":51}},{"start":{"line":203,"column":54},"end":{"line":203,"column":null}}]},"7":{"loc":{"start":{"line":224,"column":12},"end":{"line":226,"column":14}},"type":"cond-expr","locations":[{"start":{"line":224,"column":56},"end":{"line":226,"column":12}},{"start":{"line":226,"column":12},"end":{"line":226,"column":14}}]},"8":{"loc":{"start":{"line":224,"column":12},"end":{"line":224,"column":53}},"type":"binary-expr","locations":[{"start":{"line":224,"column":12},"end":{"line":224,"column":24}},{"start":{"line":224,"column":24},"end":{"line":224,"column":53}}]},"9":{"loc":{"start":{"line":246,"column":13},"end":{"line":246,"column":null}},"type":"cond-expr","locations":[{"start":{"line":246,"column":38},"end":{"line":246,"column":51}},{"start":{"line":246,"column":54},"end":{"line":246,"column":null}}]},"10":{"loc":{"start":{"line":283,"column":13},"end":{"line":283,"column":null}},"type":"cond-expr","locations":[{"start":{"line":283,"column":38},"end":{"line":283,"column":51}},{"start":{"line":283,"column":54},"end":{"line":283,"column":null}}]},"11":{"loc":{"start":{"line":295,"column":4},"end":{"line":301,"column":null}},"type":"if","locations":[{"start":{"line":295,"column":4},"end":{"line":301,"column":null}},{"start":{},"end":{}}]},"12":{"loc":{"start":{"line":317,"column":13},"end":{"line":317,"column":null}},"type":"cond-expr","locations":[{"start":{"line":317,"column":38},"end":{"line":317,"column":51}},{"start":{"line":317,"column":54},"end":{"line":317,"column":null}}]}},"s":{"0":0,"1":0,"2":0,"3":0,"4":0,"5":0,"6":0,"7":0,"8":0,"9":0,"10":0,"11":0,"12":0,"13":0,"14":0,"15":0,"16":0,"17":0,"18":0,"19":0,"20":0,"21":0,"22":0,"23":0,"24":0,"25":0,"26":0,"27":0,"28":0,"29":0,"30":0,"31":0,"32":0,"33":0,"34":0,"35":0,"36":0,"37":0,"38":0,"39":0,"40":0,"41":0,"42":0,"43":0,"44":0,"45":0,"46":0,"47":0,"48":0,"49":0,"50":0,"51":0,"52":0,"53":0,"54":0,"55":0,"56":0,"57":0,"58":0,"59":0,"60":0,"61":0,"62":0,"63":0,"64":0,"65":0,"66":0,"67":0,"68":0,"69":0,"70":0,"71":0,"72":0,"73":0,"74":0,"75":0,"76":0,"77":0,"78":0,"79":0,"80":0,"81":0,"82":0,"83":0,"84":0},"f":{"0":0,"1":0,"2":0,"3":0,"4":0,"5":0,"6":0,"7":0,"8":0,"9":0},"b":{"0":[0,0],"1":[0,0],"2":[0,0],"3":[0,0],"4":[0,0],"5":[0,0],"6":[0,0],"7":[0,0],"8":[0,0],"9":[0,0],"10":[0,0],"11":[0,0],"12":[0,0]}}
,"C:\\Users\\skyis\\Downloads\\korea-care-concierge\\app\\api\\notion\\client\\route.ts": {"path":"C:\\Users\\skyis\\Downloads\\korea-care-concierge\\app\\api\\notion\\client\\route.ts","statementMap":{"0":{"start":{"line":6,"column":22},"end":{"line":6,"column":25}},"1":{"start":{"line":4,"column":13},"end":{"line":4,"column":20}},"2":{"start":{"line":1,"column":42},"end":{"line":1,"column":null}},"3":{"start":{"line":2,"column":32},"end":{"line":2,"column":null}},"4":{"start":{"line":4,"column":23},"end":{"line":4,"column":null}},"5":{"start":{"line":7,"column":2},"end":{"line":23,"column":null}},"6":{"start":{"line":8,"column":19},"end":{"line":8,"column":null}},"7":{"start":{"line":10,"column":4},"end":{"line":15,"column":null}},"8":{"start":{"line":11,"column":6},"end":{"line":13,"column":null}},"9":{"start":{"line":17,"column":4},"end":{"line":17,"column":null}},"10":{"start":{"line":19,"column":4},"end":{"line":21,"column":null}}},"fnMap":{"0":{"name":"GET","decl":{"start":{"line":6,"column":22},"end":{"line":6,"column":25}},"loc":{"start":{"line":6,"column":46},"end":{"line":24,"column":null}}}},"branchMap":{"0":{"loc":{"start":{"line":10,"column":4},"end":{"line":15,"column":null}},"type":"if","locations":[{"start":{"line":10,"column":4},"end":{"line":15,"column":null}},{"start":{},"end":{}}]}},"s":{"0":0,"1":0,"2":0,"3":0,"4":0,"5":0,"6":0,"7":0,"8":0,"9":0,"10":0},"f":{"0":0},"b":{"0":[0,0]}}
,"C:\\Users\\skyis\\Downloads\\korea-care-concierge\\app\\api\\notion\\databases\\route.ts": {"path":"C:\\Users\\skyis\\Downloads\\korea-care-concierge\\app\\api\\notion\\databases\\route.ts","statementMap":{"0":{"start":{"line":6,"column":22},"end":{"line":6,"column":25}},"1":{"start":{"line":4,"column":13},"end":{"line":4,"column":20}},"2":{"start":{"line":1,"column":42},"end":{"line":1,"column":null}},"3":{"start":{"line":2,"column":29},"end":{"line":2,"column":null}},"4":{"start":{"line":4,"column":23},"end":{"line":4,"column":null}},"5":{"start":{"line":7,"column":2},"end":{"line":23,"column":null}},"6":{"start":{"line":8,"column":19},"end":{"line":8,"column":null}},"7":{"start":{"line":10,"column":4},"end":{"line":15,"column":null}},"8":{"start":{"line":11,"column":6},"end":{"line":13,"column":null}},"9":{"start":{"line":17,"column":4},"end":{"line":17,"column":null}},"10":{"start":{"line":19,"column":4},"end":{"line":21,"column":null}}},"fnMap":{"0":{"name":"GET","decl":{"start":{"line":6,"column":22},"end":{"line":6,"column":25}},"loc":{"start":{"line":6,"column":46},"end":{"line":24,"column":null}}}},"branchMap":{"0":{"loc":{"start":{"line":10,"column":4},"end":{"line":15,"column":null}},"type":"if","locations":[{"start":{"line":10,"column":4},"end":{"line":15,"column":null}},{"start":{},"end":{}}]}},"s":{"0":0,"1":0,"2":0,"3":0,"4":0,"5":0,"6":0,"7":0,"8":0,"9":0,"10":0},"f":{"0":0},"b":{"0":[0,0]}}
,"C:\\Users\\skyis\\Downloads\\korea-care-concierge\\app\\api\\notion\\pages\\route.ts": {"path":"C:\\Users\\skyis\\Downloads\\korea-care-concierge\\app\\api\\notion\\pages\\route.ts","statementMap":{"0":{"start":{"line":6,"column":22},"end":{"line":6,"column":25}},"1":{"start":{"line":4,"column":13},"end":{"line":4,"column":20}},"2":{"start":{"line":1,"column":42},"end":{"line":1,"column":null}},"3":{"start":{"line":2,"column":25},"end":{"line":2,"column":null}},"4":{"start":{"line":4,"column":23},"end":{"line":4,"column":null}},"5":{"start":{"line":7,"column":2},"end":{"line":23,"column":null}},"6":{"start":{"line":8,"column":19},"end":{"line":8,"column":null}},"7":{"start":{"line":10,"column":4},"end":{"line":15,"column":null}},"8":{"start":{"line":11,"column":6},"end":{"line":13,"column":null}},"9":{"start":{"line":17,"column":4},"end":{"line":17,"column":null}},"10":{"start":{"line":19,"column":4},"end":{"line":21,"column":null}}},"fnMap":{"0":{"name":"GET","decl":{"start":{"line":6,"column":22},"end":{"line":6,"column":25}},"loc":{"start":{"line":6,"column":46},"end":{"line":24,"column":null}}}},"branchMap":{"0":{"loc":{"start":{"line":10,"column":4},"end":{"line":15,"column":null}},"type":"if","locations":[{"start":{"line":10,"column":4},"end":{"line":15,"column":null}},{"start":{},"end":{}}]}},"s":{"0":0,"1":0,"2":0,"3":0,"4":0,"5":0,"6":0,"7":0,"8":0,"9":0,"10":0},"f":{"0":0},"b":{"0":[0,0]}}
,"C:\\Users\\skyis\\Downloads\\korea-care-concierge\\app\\api\\submit-inquiry\\route.ts": {"path":"C:\\Users\\skyis\\Downloads\\korea-care-concierge\\app\\api\\submit-inquiry\\route.ts","statementMap":{"0":{"start":{"line":5,"column":22},"end":{"line":5,"column":27}},"1":{"start":{"line":1,"column":42},"end":{"line":1,"column":null}},"2":{"start":{"line":2,"column":36},"end":{"line":2,"column":null}},"3":{"start":{"line":6,"column":2},"end":{"line":34,"column":null}},"4":{"start":{"line":7,"column":24},"end":{"line":7,"column":null}},"5":{"start":{"line":10,"column":22},"end":{"line":13,"column":null}},"6":{"start":{"line":15,"column":4},"end":{"line":17,"column":null}},"7":{"start":{"line":21,"column":4},"end":{"line":24,"column":null}},"8":{"start":{"line":27,"column":4},"end":{"line":32,"column":null}}},"fnMap":{"0":{"name":"POST","decl":{"start":{"line":5,"column":22},"end":{"line":5,"column":27}},"loc":{"start":{"line":5,"column":47},"end":{"line":35,"column":null}}}},"branchMap":{"0":{"loc":{"start":{"line":15,"column":4},"end":{"line":17,"column":null}},"type":"if","locations":[{"start":{"line":15,"column":4},"end":{"line":17,"column":null}},{"start":{},"end":{}}]}},"s":{"0":0,"1":0,"2":0,"3":0,"4":0,"5":0,"6":0,"7":0,"8":0},"f":{"0":0},"b":{"0":[0,0]}}
,"C:\\Users\\skyis\\Downloads\\korea-care-concierge\\app\\privacy-policy\\page.tsx": {"path":"C:\\Users\\skyis\\Downloads\\korea-care-concierge\\app\\privacy-policy\\page.tsx","statementMap":{"0":{"start":{"line":6,"column":24},"end":{"line":6,"column":null}},"1":{"start":{"line":3,"column":28},"end":{"line":3,"column":null}},"2":{"start":{"line":4,"column":28},"end":{"line":4,"column":null}},"3":{"start":{"line":7,"column":23},"end":{"line":7,"column":null}},"4":{"start":{"line":17,"column":14},"end":{"line":21,"column":null}},"5":{"start":{"line":18,"column":16},"end":{"line":18,"column":null}},"6":{"start":{"line":20,"column":16},"end":{"line":20,"column":null}}},"fnMap":{"0":{"name":"PrivacyPolicyPage","decl":{"start":{"line":6,"column":24},"end":{"line":6,"column":null}},"loc":{"start":{"line":6,"column":24},"end":{"line":213,"column":null}}},"1":{"name":"(anonymous_3)","decl":{"start":{"line":16,"column":21},"end":{"line":16,"column":null}},"loc":{"start":{"line":16,"column":21},"end":{"line":22,"column":null}}}},"branchMap":{"0":{"loc":{"start":{"line":17,"column":14},"end":{"line":21,"column":null}},"type":"if","locations":[{"start":{"line":17,"column":14},"end":{"line":21,"column":null}},{"start":{"line":19,"column":21},"end":{"line":21,"column":null}}]},"1":{"loc":{"start":{"line":26,"column":29},"end":{"line":26,"column":null}},"type":"cond-expr","locations":[{"start":{"line":26,"column":49},"end":{"line":26,"column":66}},{"start":{"line":26,"column":66},"end":{"line":26,"column":null}}]},"2":{"loc":{"start":{"line":27,"column":15},"end":{"line":27,"column":null}},"type":"cond-expr","locations":[{"start":{"line":27,"column":35},"end":{"line":27,"column":44}},{"start":{"line":27,"column":44},"end":{"line":27,"column":null}}]},"3":{"loc":{"start":{"line":33,"column":11},"end":{"line":33,"column":null}},"type":"cond-expr","locations":[{"start":{"line":33,"column":31},"end":{"line":33,"column":40}},{"start":{"line":33,"column":40},"end":{"line":33,"column":null}}]},"4":{"loc":{"start":{"line":40,"column":43},"end":{"line":40,"column":null}},"type":"cond-expr","locations":[{"start":{"line":40,"column":63},"end":{"line":40,"column":75}},{"start":{"line":40,"column":75},"end":{"line":40,"column":null}}]},"5":{"loc":{"start":{"line":41,"column":20},"end":{"line":41,"column":null}},"type":"cond-expr","locations":[{"start":{"line":41,"column":40},"end":{"line":41,"column":55}},{"start":{"line":41,"column":55},"end":{"line":41,"column":null}}]},"6":{"loc":{"start":{"line":47,"column":15},"end":{"line":47,"column":null}},"type":"cond-expr","locations":[{"start":{"line":47,"column":35},"end":{"line":47,"column":50}},{"start":{"line":47,"column":50},"end":{"line":47,"column":null}}]},"7":{"loc":{"start":{"line":50,"column":15},"end":{"line":52,"column":null}},"type":"cond-expr","locations":[{"start":{"line":51,"column":18},"end":{"line":51,"column":null}},{"start":{"line":52,"column":18},"end":{"line":52,"column":null}}]},"8":{"loc":{"start":{"line":56,"column":19},"end":{"line":56,"column":null}},"type":"cond-expr","locations":[{"start":{"line":56,"column":39},"end":{"line":56,"column":46}},{"start":{"line":56,"column":46},"end":{"line":56,"column":null}}]},"9":{"loc":{"start":{"line":57,"column":19},"end":{"line":57,"column":null}},"type":"cond-expr","locations":[{"start":{"line":57,"column":39},"end":{"line":57,"column":50}},{"start":{"line":57,"column":50},"end":{"line":57,"column":null}}]},"10":{"loc":{"start":{"line":58,"column":19},"end":{"line":58,"column":null}},"type":"cond-expr","locations":[{"start":{"line":58,"column":39},"end":{"line":58,"column":48}},{"start":{"line":58,"column":48},"end":{"line":58,"column":null}}]},"11":{"loc":{"start":{"line":59,"column":19},"end":{"line":59,"column":null}},"type":"cond-expr","locations":[{"start":{"line":59,"column":39},"end":{"line":59,"column":46}},{"start":{"line":59,"column":46},"end":{"line":59,"column":null}}]},"12":{"loc":{"start":{"line":60,"column":19},"end":{"line":60,"column":null}},"type":"cond-expr","locations":[{"start":{"line":60,"column":39},"end":{"line":60,"column":53}},{"start":{"line":60,"column":53},"end":{"line":60,"column":null}}]},"13":{"loc":{"start":{"line":66,"column":15},"end":{"line":66,"column":null}},"type":"cond-expr","locations":[{"start":{"line":66,"column":35},"end":{"line":66,"column":53}},{"start":{"line":66,"column":53},"end":{"line":66,"column":null}}]},"14":{"loc":{"start":{"line":69,"column":15},"end":{"line":69,"column":null}},"type":"cond-expr","locations":[{"start":{"line":69,"column":35},"end":{"line":69,"column":50}},{"start":{"line":69,"column":50},"end":{"line":69,"column":null}}]},"15":{"loc":{"start":{"line":72,"column":19},"end":{"line":72,"column":null}},"type":"cond-expr","locations":[{"start":{"line":72,"column":39},"end":{"line":72,"column":50}},{"start":{"line":72,"column":50},"end":{"line":72,"column":null}}]},"16":{"loc":{"start":{"line":73,"column":19},"end":{"line":73,"column":null}},"type":"cond-expr","locations":[{"start":{"line":73,"column":39},"end":{"line":73,"column":53}},{"start":{"line":73,"column":53},"end":{"line":73,"column":null}}]},"17":{"loc":{"start":{"line":74,"column":19},"end":{"line":74,"column":null}},"type":"cond-expr","locations":[{"start":{"line":74,"column":39},"end":{"line":74,"column":53}},{"start":{"line":74,"column":53},"end":{"line":74,"column":null}}]},"18":{"loc":{"start":{"line":75,"column":19},"end":{"line":75,"column":null}},"type":"cond-expr","locations":[{"start":{"line":75,"column":39},"end":{"line":75,"column":56}},{"start":{"line":75,"column":56},"end":{"line":75,"column":null}}]},"19":{"loc":{"start":{"line":81,"column":15},"end":{"line":81,"column":null}},"type":"cond-expr","locations":[{"start":{"line":81,"column":35},"end":{"line":81,"column":47}},{"start":{"line":81,"column":47},"end":{"line":81,"column":null}}]},"20":{"loc":{"start":{"line":84,"column":15},"end":{"line":84,"column":null}},"type":"cond-expr","locations":[{"start":{"line":84,"column":35},"end":{"line":84,"column":53}},{"start":{"line":84,"column":53},"end":{"line":84,"column":null}}]},"21":{"loc":{"start":{"line":87,"column":19},"end":{"line":87,"column":null}},"type":"cond-expr","locations":[{"start":{"line":87,"column":39},"end":{"line":87,"column":64}},{"start":{"line":87,"column":64},"end":{"line":87,"column":null}}]},"22":{"loc":{"start":{"line":88,"column":19},"end":{"line":88,"column":null}},"type":"cond-expr","locations":[{"start":{"line":88,"column":39},"end":{"line":88,"column":58}},{"start":{"line":88,"column":58},"end":{"line":88,"column":null}}]},"23":{"loc":{"start":{"line":89,"column":19},"end":{"line":89,"column":null}},"type":"cond-expr","locations":[{"start":{"line":89,"column":39},"end":{"line":89,"column":50}},{"start":{"line":89,"column":50},"end":{"line":89,"column":null}}]},"24":{"loc":{"start":{"line":92,"column":15},"end":{"line":94,"column":null}},"type":"cond-expr","locations":[{"start":{"line":93,"column":18},"end":{"line":93,"column":null}},{"start":{"line":94,"column":18},"end":{"line":94,"column":null}}]},"25":{"loc":{"start":{"line":101,"column":15},"end":{"line":101,"column":null}},"type":"cond-expr","locations":[{"start":{"line":101,"column":35},"end":{"line":101,"column":47}},{"start":{"line":101,"column":47},"end":{"line":101,"column":null}}]},"26":{"loc":{"start":{"line":104,"column":15},"end":{"line":106,"column":null}},"type":"cond-expr","locations":[{"start":{"line":105,"column":18},"end":{"line":105,"column":null}},{"start":{"line":106,"column":18},"end":{"line":106,"column":null}}]},"27":{"loc":{"start":{"line":113,"column":15},"end":{"line":113,"column":null}},"type":"cond-expr","locations":[{"start":{"line":113,"column":35},"end":{"line":113,"column":47}},{"start":{"line":113,"column":47},"end":{"line":113,"column":null}}]},"28":{"loc":{"start":{"line":116,"column":15},"end":{"line":116,"column":null}},"type":"cond-expr","locations":[{"start":{"line":116,"column":35},"end":{"line":116,"column":44}},{"start":{"line":116,"column":44},"end":{"line":116,"column":null}}]},"29":{"loc":{"start":{"line":119,"column":19},"end":{"line":119,"column":null}},"type":"cond-expr","locations":[{"start":{"line":119,"column":39},"end":{"line":119,"column":52}},{"start":{"line":119,"column":52},"end":{"line":119,"column":null}}]},"30":{"loc":{"start":{"line":120,"column":19},"end":{"line":120,"column":null}},"type":"cond-expr","locations":[{"start":{"line":120,"column":39},"end":{"line":120,"column":48}},{"start":{"line":120,"column":48},"end":{"line":120,"column":null}}]},"31":{"loc":{"start":{"line":121,"column":19},"end":{"line":121,"column":null}},"type":"cond-expr","locations":[{"start":{"line":121,"column":39},"end":{"line":121,"column":48}},{"start":{"line":121,"column":48},"end":{"line":121,"column":null}}]},"32":{"loc":{"start":{"line":122,"column":19},"end":{"line":122,"column":null}},"type":"cond-expr","locations":[{"start":{"line":122,"column":39},"end":{"line":122,"column":52}},{"start":{"line":122,"column":52},"end":{"line":122,"column":null}}]},"33":{"loc":{"start":{"line":128,"column":15},"end":{"line":128,"column":null}},"type":"cond-expr","locations":[{"start":{"line":128,"column":35},"end":{"line":128,"column":47}},{"start":{"line":128,"column":47},"end":{"line":128,"column":null}}]},"34":{"loc":{"start":{"line":131,"column":15},"end":{"line":133,"column":null}},"type":"cond-expr","locations":[{"start":{"line":132,"column":18},"end":{"line":132,"column":null}},{"start":{"line":133,"column":18},"end":{"line":133,"column":null}}]},"35":{"loc":{"start":{"line":140,"column":15},"end":{"line":140,"column":null}},"type":"cond-expr","locations":[{"start":{"line":140,"column":35},"end":{"line":140,"column":51}},{"start":{"line":140,"column":51},"end":{"line":140,"column":null}}]},"36":{"loc":{"start":{"line":143,"column":15},"end":{"line":145,"column":null}},"type":"cond-expr","locations":[{"start":{"line":144,"column":18},"end":{"line":144,"column":null}},{"start":{"line":145,"column":18},"end":{"line":145,"column":null}}]},"37":{"loc":{"start":{"line":152,"column":15},"end":{"line":152,"column":null}},"type":"cond-expr","locations":[{"start":{"line":152,"column":35},"end":{"line":152,"column":47}},{"start":{"line":152,"column":47},"end":{"line":152,"column":null}}]},"38":{"loc":{"start":{"line":155,"column":15},"end":{"line":155,"column":null}},"type":"cond-expr","locations":[{"start":{"line":155,"column":35},"end":{"line":155,"column":52}},{"start":{"line":155,"column":52},"end":{"line":155,"column":null}}]},"39":{"loc":{"start":{"line":163,"column":19},"end":{"line":163,"column":null}},"type":"cond-expr","locations":[{"start":{"line":163,"column":39},"end":{"line":163,"column":52}},{"start":{"line":163,"column":52},"end":{"line":163,"column":null}}]},"40":{"loc":{"start":{"line":191,"column":19},"end":{"line":193,"column":null}},"type":"cond-expr","locations":[{"start":{"line":192,"column":22},"end":{"line":192,"column":null}},{"start":{"line":193,"column":22},"end":{"line":193,"column":null}}]},"41":{"loc":{"start":{"line":202,"column":15},"end":{"line":204,"column":92}},"type":"cond-expr","locations":[{"start":{"line":203,"column":18},"end":{"line":203,"column":79}},{"start":{"line":204,"column":18},"end":{"line":204,"column":92}}]}},"s":{"0":0,"1":0,"2":0,"3":0,"4":0,"5":0,"6":0},"f":{"0":0,"1":0},"b":{"0":[0,0],"1":[0,0],"2":[0,0],"3":[0,0],"4":[0,0],"5":[0,0],"6":[0,0],"7":[0,0],"8":[0,0],"9":[0,0],"10":[0,0],"11":[0,0],"12":[0,0],"13":[0,0],"14":[0,0],"15":[0,0],"16":[0,0],"17":[0,0],"18":[0,0],"19":[0,0],"20":[0,0],"21":[0,0],"22":[0,0],"23":[0,0],"24":[0,0],"25":[0,0],"26":[0,0],"27":[0,0],"28":[0,0],"29":[0,0],"30":[0,0],"31":[0,0],"32":[0,0],"33":[0,0],"34":[0,0],"35":[0,0],"36":[0,0],"37":[0,0],"38":[0,0],"39":[0,0],"40":[0,0],"41":[0,0]}}
,"C:\\Users\\skyis\\Downloads\\korea-care-concierge\\app\\setup\\page.tsx": {"path":"C:\\Users\\skyis\\Downloads\\korea-care-concierge\\app\\setup\\page.tsx","statementMap":{"0":{"start":{"line":13,"column":24},"end":{"line":13,"column":null}},"1":{"start":{"line":3,"column":25},"end":{"line":3,"column":null}},"2":{"start":{"line":4,"column":26},"end":{"line":4,"column":null}},"3":{"start":{"line":5,"column":74},"end":{"line":5,"column":null}},"4":{"start":{"line":6,"column":23},"end":{"line":6,"column":null}},"5":{"start":{"line":7,"column":22},"end":{"line":7,"column":null}},"6":{"start":{"line":8,"column":22},"end":{"line":8,"column":null}},"7":{"start":{"line":9,"column":40},"end":{"line":9,"column":null}},"8":{"start":{"line":10,"column":65},"end":{"line":10,"column":null}},"9":{"start":{"line":11,"column":33},"end":{"line":11,"column":null}},"10":{"start":{"line":14,"column":30},"end":{"line":14,"column":null}},"11":{"start":{"line":15,"column":36},"end":{"line":15,"column":null}},"12":{"start":{"line":16,"column":28},"end":{"line":16,"column":null}},"13":{"start":{"line":17,"column":32},"end":{"line":17,"column":null}},"14":{"start":{"line":18,"column":17},"end":{"line":18,"column":null}},"15":{"start":{"line":20,"column":23},"end":{"line":43,"column":null}},"16":{"start":{"line":21,"column":4},"end":{"line":21,"column":null}},"17":{"start":{"line":22,"column":4},"end":{"line":22,"column":null}},"18":{"start":{"line":23,"column":4},"end":{"line":23,"column":null}},"19":{"start":{"line":24,"column":4},"end":{"line":24,"column":null}},"20":{"start":{"line":26,"column":4},"end":{"line":42,"column":null}},"21":{"start":{"line":27,"column":21},"end":{"line":27,"column":null}},"22":{"start":{"line":29,"column":6},"end":{"line":37,"column":null}},"23":{"start":{"line":30,"column":8},"end":{"line":30,"column":null}},"24":{"start":{"line":32,"column":8},"end":{"line":34,"column":null}},"25":{"start":{"line":33,"column":10},"end":{"line":33,"column":null}},"26":{"start":{"line":36,"column":8},"end":{"line":36,"column":null}},"27":{"start":{"line":39,"column":6},"end":{"line":39,"column":null}},"28":{"start":{"line":41,"column":6},"end":{"line":41,"column":null}},"29":{"start":{"line":45,"column":2},"end":{"line":66,"column":null}},"30":{"start":{"line":90,"column":33},"end":{"line":90,"column":null}},"31":{"start":{"line":130,"column":33},"end":{"line":130,"column":null}}},"fnMap":{"0":{"name":"SetupPage","decl":{"start":{"line":13,"column":24},"end":{"line":13,"column":null}},"loc":{"start":{"line":13,"column":24},"end":{"line":143,"column":null}}},"1":{"name":"(anonymous_2)","decl":{"start":{"line":20,"column":23},"end":{"line":20,"column":30}},"loc":{"start":{"line":20,"column":30},"end":{"line":43,"column":null}}},"2":{"name":"(anonymous_3)","decl":{"start":{"line":32,"column":19},"end":{"line":32,"column":null}},"loc":{"start":{"line":32,"column":19},"end":{"line":34,"column":11}}},"3":{"name":"(anonymous_4)","decl":{"start":{"line":90,"column":26},"end":{"line":90,"column":27}},"loc":{"start":{"line":90,"column":33},"end":{"line":90,"column":null}}},"4":{"name":"(anonymous_5)","decl":{"start":{"line":130,"column":27},"end":{"line":130,"column":33}},"loc":{"start":{"line":130,"column":33},"end":{"line":130,"column":null}}}},"branchMap":{"0":{"loc":{"start":{"line":29,"column":6},"end":{"line":37,"column":null}},"type":"if","locations":[{"start":{"line":29,"column":6},"end":{"line":37,"column":null}},{"start":{"line":35,"column":13},"end":{"line":37,"column":null}}]},"1":{"loc":{"start":{"line":36,"column":17},"end":{"line":36,"column":null}},"type":"binary-expr","locations":[{"start":{"line":36,"column":17},"end":{"line":36,"column":29}},{"start":{"line":36,"column":33},"end":{"line":36,"column":null}}]},"2":{"loc":{"start":{"line":45,"column":2},"end":{"line":66,"column":null}},"type":"if","locations":[{"start":{"line":45,"column":2},"end":{"line":66,"column":null}},{"start":{},"end":{}}]},"3":{"loc":{"start":{"line":99,"column":13},"end":{"line":99,"column":null}},"type":"binary-expr","locations":[{"start":{"line":99,"column":13},"end":{"line":99,"column":null}}]},"4":{"loc":{"start":{"line":110,"column":26},"end":{"line":110,"column":null}},"type":"binary-expr","locations":[{"start":{"line":110,"column":26},"end":{"line":110,"column":39}},{"start":{"line":110,"column":39},"end":{"line":110,"column":null}}]},"5":{"loc":{"start":{"line":112,"column":17},"end":{"line":118,"column":null}},"type":"cond-expr","locations":[{"start":{"line":113,"column":18},"end":{"line":118,"column":null}},{"start":{"line":118,"column":18},"end":{"line":118,"column":null}}]}},"s":{"0":0,"1":0,"2":0,"3":0,"4":0,"5":0,"6":0,"7":0,"8":0,"9":0,"10":0,"11":0,"12":0,"13":0,"14":0,"15":0,"16":0,"17":0,"18":0,"19":0,"20":0,"21":0,"22":0,"23":0,"24":0,"25":0,"26":0,"27":0,"28":0,"29":0,"30":0,"31":0},"f":{"0":0,"1":0,"2":0,"3":0,"4":0},"b":{"0":[0,0],"1":[0,0],"2":[0,0],"3":[0],"4":[0,0],"5":[0,0]}}
,"C:\\Users\\skyis\\Downloads\\korea-care-concierge\\app\\wechat-qr\\page.tsx": {"path":"C:\\Users\\skyis\\Downloads\\korea-care-concierge\\app\\wechat-qr\\page.tsx","statementMap":{"0":{"start":{"line":9,"column":24},"end":{"line":9,"column":null}},"1":{"start":{"line":3,"column":25},"end":{"line":3,"column":null}},"2":{"start":{"line":4,"column":18},"end":{"line":4,"column":null}},"3":{"start":{"line":5,"column":24},"end":{"line":5,"column":null}},"4":{"start":{"line":6,"column":28},"end":{"line":6,"column":null}},"5":{"start":{"line":7,"column":23},"end":{"line":7,"column":null}},"6":{"start":{"line":10,"column":23},"end":{"line":10,"column":null}},"7":{"start":{"line":11,"column":30},"end":{"line":11,"column":null}},"8":{"start":{"line":12,"column":48},"end":{"line":12,"column":null}},"9":{"start":{"line":14,"column":26},"end":{"line":22,"column":null}},"10":{"start":{"line":15,"column":4},"end":{"line":21,"column":null}},"11":{"start":{"line":16,"column":6},"end":{"line":16,"column":null}},"12":{"start":{"line":17,"column":6},"end":{"line":17,"column":null}},"13":{"start":{"line":18,"column":6},"end":{"line":18,"column":null}},"14":{"start":{"line":18,"column":23},"end":{"line":18,"column":41}},"15":{"start":{"line":20,"column":6},"end":{"line":20,"column":null}},"16":{"start":{"line":56,"column":20},"end":{"line":56,"column":null}},"17":{"start":{"line":57,"column":20},"end":{"line":57,"column":null}},"18":{"start":{"line":71,"column":27},"end":{"line":71,"column":null}},"19":{"start":{"line":82,"column":27},"end":{"line":82,"column":null}}},"fnMap":{"0":{"name":"WeChatQRPage","decl":{"start":{"line":9,"column":24},"end":{"line":9,"column":null}},"loc":{"start":{"line":9,"column":24},"end":{"line":101,"column":null}}},"1":{"name":"(anonymous_3)","decl":{"start":{"line":14,"column":26},"end":{"line":14,"column":33}},"loc":{"start":{"line":14,"column":33},"end":{"line":22,"column":null}}},"2":{"name":"(anonymous_4)","decl":{"start":{"line":18,"column":17},"end":{"line":18,"column":23}},"loc":{"start":{"line":18,"column":23},"end":{"line":18,"column":41}}},"3":{"name":"(anonymous_5)","decl":{"start":{"line":55,"column":27},"end":{"line":55,"column":28}},"loc":{"start":{"line":55,"column":28},"end":{"line":58,"column":null}}},"4":{"name":"(anonymous_6)","decl":{"start":{"line":71,"column":21},"end":{"line":71,"column":27}},"loc":{"start":{"line":71,"column":27},"end":{"line":71,"column":null}}},"5":{"name":"(anonymous_7)","decl":{"start":{"line":82,"column":21},"end":{"line":82,"column":27}},"loc":{"start":{"line":82,"column":27},"end":{"line":82,"column":null}}}},"branchMap":{"0":{"loc":{"start":{"line":29,"column":13},"end":{"line":29,"column":null}},"type":"cond-expr","locations":[{"start":{"line":29,"column":33},"end":{"line":29,"column":48}},{"start":{"line":29,"column":48},"end":{"line":29,"column":null}}]},"1":{"loc":{"start":{"line":32,"column":13},"end":{"line":34,"column":null}},"type":"cond-expr","locations":[{"start":{"line":33,"column":16},"end":{"line":33,"column":null}},{"start":{"line":34,"column":16},"end":{"line":34,"column":null}}]},"2":{"loc":{"start":{"line":43,"column":16},"end":{"line":49,"column":17}},"type":"cond-expr","locations":[{"start":{"line":43,"column":16},"end":{"line":49,"column":17}}]},"3":{"loc":{"start":{"line":63,"column":15},"end":{"line":63,"column":null}},"type":"cond-expr","locations":[{"start":{"line":63,"column":35},"end":{"line":63,"column":51}},{"start":{"line":63,"column":51},"end":{"line":63,"column":null}}]},"4":{"loc":{"start":{"line":75,"column":13},"end":{"line":77,"column":null}},"type":"cond-expr","locations":[{"start":{"line":76,"column":17},"end":{"line":76,"column":null}},{"start":{"line":77,"column":17},"end":{"line":77,"column":null}}]},"5":{"loc":{"start":{"line":76,"column":17},"end":{"line":76,"column":null}},"type":"cond-expr","locations":[{"start":{"line":76,"column":37},"end":{"line":76,"column":46}},{"start":{"line":76,"column":46},"end":{"line":76,"column":null}}]},"6":{"loc":{"start":{"line":77,"column":17},"end":{"line":77,"column":null}},"type":"cond-expr","locations":[{"start":{"line":77,"column":37},"end":{"line":77,"column":47}},{"start":{"line":77,"column":47},"end":{"line":77,"column":null}}]},"7":{"loc":{"start":{"line":86,"column":13},"end":{"line":86,"column":null}},"type":"cond-expr","locations":[{"start":{"line":86,"column":33},"end":{"line":86,"column":40}},{"start":{"line":86,"column":40},"end":{"line":86,"column":null}}]},"8":{"loc":{"start":{"line":92,"column":13},"end":{"line":94,"column":null}},"type":"cond-expr","locations":[{"start":{"line":93,"column":16},"end":{"line":93,"column":null}},{"start":{"line":94,"column":16},"end":{"line":94,"column":null}}]}},"s":{"0":0,"1":0,"2":0,"3":0,"4":0,"5":0,"6":0,"7":0,"8":0,"9":0,"10":0,"11":0,"12":0,"13":0,"14":0,"15":0,"16":0,"17":0,"18":0,"19":0},"f":{"0":0,"1":0,"2":0,"3":0,"4":0,"5":0},"b":{"0":[0,0],"1":[0,0],"2":[0],"3":[0,0],"4":[0,0],"5":[0,0],"6":[0,0],"7":[0,0],"8":[0,0]}}
,"C:\\Users\\skyis\\Downloads\\korea-care-concierge\\components\\analytics.tsx": {"path":"C:\\Users\\skyis\\Downloads\\korea-care-concierge\\components\\analytics.tsx","statementMap":{"0":{"start":{"line":8,"column":16},"end":{"line":8,"column":31}},"1":{"start":{"line":48,"column":16},"end":{"line":48,"column":32}},"2":{"start":{"line":3,"column":19},"end":{"line":3,"column":null}},"3":{"start":{"line":4,"column":26},"end":{"line":4,"column":null}},"4":{"start":{"line":5,"column":28},"end":{"line":5,"column":null}},"5":{"start":{"line":6,"column":30},"end":{"line":6,"column":null}},"6":{"start":{"line":9,"column":19},"end":{"line":9,"column":null}},"7":{"start":{"line":11,"column":2},"end":{"line":15,"column":null}},"8":{"start":{"line":12,"column":4},"end":{"line":14,"column":null}},"9":{"start":{"line":13,"column":6},"end":{"line":13,"column":null}},"10":{"start":{"line":17,"column":2},"end":{"line":19,"column":null}},"11":{"start":{"line":18,"column":4},"end":{"line":18,"column":null}},"12":{"start":{"line":49,"column":2},"end":{"line":51,"column":null}},"13":{"start":{"line":50,"column":4},"end":{"line":50,"column":null}}},"fnMap":{"0":{"name":"GoogleAnalytics","decl":{"start":{"line":8,"column":16},"end":{"line":8,"column":31}},"loc":{"start":{"line":8,"column":16},"end":{"line":46,"column":null}}},"1":{"name":"(anonymous_5)","decl":{"start":{"line":11,"column":12},"end":{"line":11,"column":null}},"loc":{"start":{"line":11,"column":12},"end":{"line":15,"column":5}}},"2":{"name":"GoogleTagManager","decl":{"start":{"line":48,"column":16},"end":{"line":48,"column":32}},"loc":{"start":{"line":48,"column":16},"end":{"line":70,"column":null}}}},"branchMap":{"0":{"loc":{"start":{"line":12,"column":4},"end":{"line":14,"column":null}},"type":"if","locations":[{"start":{"line":12,"column":4},"end":{"line":14,"column":null}},{"start":{},"end":{}}]},"1":{"loc":{"start":{"line":17,"column":2},"end":{"line":19,"column":null}},"type":"if","locations":[{"start":{"line":17,"column":2},"end":{"line":19,"column":null}},{"start":{},"end":{}}]},"2":{"loc":{"start":{"line":49,"column":2},"end":{"line":51,"column":null}},"type":"if","locations":[{"start":{"line":49,"column":2},"end":{"line":51,"column":null}},{"start":{},"end":{}}]}},"s":{"0":0,"1":0,"2":0,"3":0,"4":0,"5":0,"6":0,"7":0,"8":0,"9":0,"10":0,"11":0,"12":0,"13":0},"f":{"0":0,"1":0,"2":0},"b":{"0":[0,0],"1":[0,0],"2":[0,0]}}
[...]
e":62,"column":23}},"loc":{"start":{"line":62,"column":32},"end":{"line":64,"column":null}}},"3":{"name":"(anonymous_9)","decl":{"start":{"line":62,"column":36},"end":{"line":62,"column":37}},"loc":{"start":{"line":62,"column":48},"end":{"line":64,"column":null}}},"4":{"name":"(anonymous_10)","decl":{"start":{"line":65,"column":24},"end":{"line":65,"column":30}},"loc":{"start":{"line":65,"column":30},"end":{"line":65,"column":null}}},"5":{"name":"(anonymous_11)","decl":{"start":{"line":67,"column":26},"end":{"line":67,"column":27}},"loc":{"start":{"line":67,"column":41},"end":{"line":67,"column":null}}},"6":{"name":"(anonymous_12)","decl":{"start":{"line":76,"column":22},"end":{"line":76,"column":23}},"loc":{"start":{"line":76,"column":33},"end":{"line":78,"column":null}}},"7":{"name":"(anonymous_13)","decl":{"start":{"line":76,"column":37},"end":{"line":76,"column":38}},"loc":{"start":{"line":76,"column":49},"end":{"line":78,"column":null}}},"8":{"name":"(anonymous_14)","decl":{"start":{"line":82,"column":19},"end":{"line":82,"column":20}},"loc":{"start":{"line":82,"column":31},"end":{"line":82,"column":null}}},"9":{"name":"(anonymous_15)","decl":{"start":{"line":90,"column":24},"end":{"line":90,"column":25}},"loc":{"start":{"line":90,"column":35},"end":{"line":92,"column":null}}},"10":{"name":"(anonymous_16)","decl":{"start":{"line":90,"column":39},"end":{"line":90,"column":40}},"loc":{"start":{"line":90,"column":51},"end":{"line":92,"column":null}}},"11":{"name":"(anonymous_17)","decl":{"start":{"line":97,"column":27},"end":{"line":97,"column":33}},"loc":{"start":{"line":97,"column":33},"end":{"line":100,"column":null}}},"12":{"name":"(anonymous_18)","decl":{"start":{"line":97,"column":37},"end":{"line":97,"column":38}},"loc":{"start":{"line":97,"column":49},"end":{"line":100,"column":null}}},"13":{"name":"(anonymous_19)","decl":{"start":{"line":104,"column":29},"end":{"line":104,"column":30}},"loc":{"start":{"line":104,"column":44},"end":{"line":113,"column":null}}},"14":{"name":"(anonymous_20)","decl":{"start":{"line":104,"column":48},"end":{"line":104,"column":49}},"loc":{"start":{"line":104,"column":49},"end":{"line":113,"column":null}}},"15":{"name":"(anonymous_21)","decl":{"start":{"line":110,"column":31},"end":{"line":110,"column":37}},"loc":{"start":{"line":110,"column":37},"end":{"line":110,"column":null}}},"16":{"name":"(anonymous_22)","decl":{"start":{"line":117,"column":23},"end":{"line":117,"column":24}},"loc":{"start":{"line":117,"column":35},"end":{"line":122,"column":null}}},"17":{"name":"(anonymous_23)","decl":{"start":{"line":117,"column":39},"end":{"line":117,"column":40}},"loc":{"start":{"line":117,"column":40},"end":{"line":122,"column":null}}},"18":{"name":"(anonymous_24)","decl":{"start":{"line":118,"column":53},"end":{"line":118,"column":58}},"loc":{"start":{"line":118,"column":58},"end":{"line":118,"column":null}}},"19":{"name":"(anonymous_25)","decl":{"start":{"line":123,"column":27},"end":{"line":123,"column":33}},"loc":{"start":{"line":123,"column":33},"end":{"line":123,"column":null}}},"20":{"name":"(anonymous_26)","decl":{"start":{"line":127,"column":18},"end":{"line":127,"column":19}},"loc":{"start":{"line":127,"column":30},"end":{"line":135,"column":null}}},"21":{"name":"(anonymous_27)","decl":{"start":{"line":141,"column":27},"end":{"line":141,"column":null}},"loc":{"start":{"line":141,"column":27},"end":{"line":146,"column":null}}},"22":{"name":"(anonymous_28)","decl":{"start":{"line":142,"column":31},"end":{"line":142,"column":32}},"loc":{"start":{"line":142,"column":42},"end":{"line":142,"column":56}}},"23":{"name":"(anonymous_29)","decl":{"start":{"line":143,"column":34},"end":{"line":143,"column":35}},"loc":{"start":{"line":143,"column":45},"end":{"line":143,"column":62}}},"24":{"name":"(anonymous_30)","decl":{"start":{"line":148,"column":30},"end":{"line":148,"column":null}},"loc":{"start":{"line":148,"column":30},"end":{"line":162,"column":null}}},"25":{"name":"(anonymous_31)","decl":{"start":{"line":149,"column":34},"end":{"line":149,"column":35}},"loc":{"start":{"line":149,"column":45},"end":{"line":149,"column":62}}},"26":{"name":"(anonymous_32)","decl":{"start":{"line":150,"column":37},"end":{"line":150,"column":38}},"loc":{"start":{"line":150,"column":48},"end":{"line":150,"column":68}}},"27":{"name":"(anonymous_33)","decl":{"start":{"line":151,"column":39},"end":{"line":151,"column":40}},"loc":{"start":{"line":151,"column":50},"end":{"line":151,"column":72}}},"28":{"name":"(anonymous_34)","decl":{"start":{"line":152,"column":38},"end":{"line":152,"column":39}},"loc":{"start":{"line":152,"column":49},"end":{"line":152,"column":70}}},"29":{"name":"(anonymous_35)","decl":{"start":{"line":153,"column":41},"end":{"line":153,"column":42}},"loc":{"start":{"line":153,"column":52},"end":{"line":153,"column":76}}},"30":{"name":"(anonymous_36)","decl":{"start":{"line":164,"column":30},"end":{"line":164,"column":null}},"loc":{"start":{"line":164,"column":30},"end":{"line":169,"column":null}}},"31":{"name":"(anonymous_37)","decl":{"start":{"line":165,"column":34},"end":{"line":165,"column":35}},"loc":{"start":{"line":165,"column":45},"end":{"line":165,"column":62}}},"32":{"name":"(anonymous_38)","decl":{"start":{"line":166,"column":37},"end":{"line":166,"column":38}},"loc":{"start":{"line":166,"column":48},"end":{"line":166,"column":68}}},"33":{"name":"(anonymous_39)","decl":{"start":{"line":171,"column":32},"end":{"line":171,"column":null}},"loc":{"start":{"line":171,"column":32},"end":{"line":176,"column":null}}},"34":{"name":"(anonymous_40)","decl":{"start":{"line":172,"column":36},"end":{"line":172,"column":37}},"loc":{"start":{"line":172,"column":47},"end":{"line":172,"column":66}}},"35":{"name":"(anonymous_41)","decl":{"start":{"line":173,"column":39},"end":{"line":173,"column":40}},"loc":{"start":{"line":173,"column":50},"end":{"line":173,"column":72}}}},"branchMap":{"0":{"loc":{"start":{"line":109,"column":28},"end":{"line":111,"column":null}},"type":"cond-expr","locations":[{"start":{"line":110,"column":14},"end":{"line":110,"column":null}},{"start":{"line":111,"column":14},"end":{"line":111,"column":null}}]}},"s":{"0":0,"1":0,"2":0,"3":0,"4":0,"5":0,"6":0,"7":0,"8":0,"9":0,"10":0,"11":0,"12":0,"13":0,"14":0,"15":0,"16":0,"17":0,"18":0,"19":0,"20":0,"21":0,"22":0,"23":0,"24":0,"25":0,"26":0,"27":0,"28":0,"29":0,"30":0,"31":0,"32":0,"33":0,"34":0,"35":0,"36":0,"37":0,"38":0,"39":0,"40":0,"41":0,"42":0,"43":0,"44":0,"45":0,"46":0,"47":0,"48":0,"49":0,"50":0,"51":0,"52":0,"53":0,"54":0,"55":0,"56":0,"57":0,"58":0,"59":0,"60":0,"61":0},"f":{"0":0,"1":0,"2":0,"3":0,"4":0,"5":0,"6":0,"7":0,"8":0,"9":0,"10":0,"11":0,"12":0,"13":0,"14":0,"15":0,"16":0,"17":0,"18":0,"19":0,"20":0,"21":0,"22":0,"23":0,"24":0,"25":0,"26":0,"27":0,"28":0,"29":0,"30":0,"31":0,"32":0,"33":0,"34":0,"35":0},"b":{"0":[0,0]}}
,"C:\\Users\\skyis\\Downloads\\korea-care-concierge\\lib\\store\\uiStore.ts": {"path":"C:\\Users\\skyis\\Downloads\\korea-care-concierge\\lib\\store\\uiStore.ts","statementMap":{"0":{"start":{"line":157,"column":13},"end":{"line":157,"column":26}},"1":{"start":{"line":173,"column":13},"end":{"line":173,"column":22}},"2":{"start":{"line":142,"column":13},"end":{"line":142,"column":23}},"3":{"start":{"line":165,"column":13},"end":{"line":165,"column":21}},"4":{"start":{"line":52,"column":13},"end":{"line":52,"column":23}},"5":{"start":{"line":150,"column":13},"end":{"line":150,"column":20}},"6":{"start":{"line":1,"column":23},"end":{"line":1,"column":null}},"7":{"start":{"line":2,"column":24},"end":{"line":2,"column":null}},"8":{"start":{"line":52,"column":26},"end":{"line":137,"column":null}},"9":{"start":{"line":54,"column":19},"end":{"line":128,"column":null}},"10":{"start":{"line":57,"column":27},"end":{"line":57,"column":null}},"11":{"start":{"line":57,"column":43},"end":{"line":57,"column":null}},"12":{"start":{"line":58,"column":32},"end":{"line":58,"column":null}},"13":{"start":{"line":62,"column":25},"end":{"line":62,"column":null}},"14":{"start":{"line":66,"column":30},"end":{"line":66,"column":null}},"15":{"start":{"line":66,"column":46},"end":{"line":66,"column":null}},"16":{"start":{"line":67,"column":35},"end":{"line":67,"column":null}},"17":{"start":{"line":71,"column":33},"end":{"line":71,"column":null}},"18":{"start":{"line":79,"column":45},"end":{"line":85,"column":null}},"19":{"start":{"line":86,"column":23},"end":{"line":91,"column":null}},"20":{"start":{"line":86,"column":39},"end":{"line":91,"column":null}},"21":{"start":{"line":100,"column":28},"end":{"line":105,"column":null}},"22":{"start":{"line":100,"column":44},"end":{"line":105,"column":null}},"23":{"start":{"line":106,"column":29},"end":{"line":111,"column":null}},"24":{"start":{"line":106,"column":45},"end":{"line":111,"column":null}},"25":{"start":{"line":112,"column":28},"end":{"line":119,"column":null}},"26":{"start":{"line":123,"column":39},"end":{"line":123,"column":null}},"27":{"start":{"line":127,"column":27},"end":{"line":127,"column":null}},"28":{"start":{"line":131,"column":30},"end":{"line":136,"column":null}},"29":{"start":{"line":142,"column":26},"end":{"line":148,"column":null}},"30":{"start":{"line":143,"column":22},"end":{"line":143,"column":null}},"31":{"start":{"line":143,"column":44},"end":{"line":143,"column":61}},"32":{"start":{"line":144,"column":24},"end":{"line":144,"column":null}},"33":{"start":{"line":144,"column":46},"end":{"line":144,"column":65}},"34":{"start":{"line":145,"column":25},"end":{"line":145,"column":null}},"35":{"start":{"line":145,"column":47},"end":{"line":145,"column":67}},"36":{"start":{"line":147,"column":2},"end":{"line":147,"column":null}},"37":{"start":{"line":150,"column":23},"end":{"line":155,"column":null}},"38":{"start":{"line":151,"column":22},"end":{"line":151,"column":null}},"39":{"start":{"line":151,"column":44},"end":{"line":151,"column":61}},"40":{"start":{"line":152,"column":18},"end":{"line":152,"column":null}},"41":{"start":{"line":152,"column":40},"end":{"line":152,"column":53}},"42":{"start":{"line":154,"column":2},"end":{"line":154,"column":null}},"43":{"start":{"line":157,"column":29},"end":{"line":163,"column":null}},"44":{"start":{"line":158,"column":25},"end":{"line":158,"column":null}},"45":{"start":{"line":158,"column":47},"end":{"line":158,"column":67}},"46":{"start":{"line":159,"column":27},"end":{"line":159,"column":null}},"47":{"start":{"line":159,"column":49},"end":{"line":159,"column":71}},"48":{"start":{"line":160,"column":28},"end":{"line":160,"column":null}},"49":{"start":{"line":160,"column":50},"end":{"line":160,"column":73}},"50":{"start":{"line":162,"column":2},"end":{"line":162,"column":null}},"51":{"start":{"line":165,"column":24},"end":{"line":171,"column":null}},"52":{"start":{"line":166,"column":16},"end":{"line":166,"column":null}},"53":{"start":{"line":166,"column":38},"end":{"line":166,"column":49}},"54":{"start":{"line":167,"column":20},"end":{"line":167,"column":null}},"55":{"start":{"line":167,"column":42},"end":{"line":167,"column":57}},"56":{"start":{"line":168,"column":20},"end":{"line":168,"column":null}},"57":{"start":{"line":168,"column":42},"end":{"line":168,"column":57}},"58":{"start":{"line":170,"column":2},"end":{"line":170,"column":null}},"59":{"start":{"line":173,"column":25},"end":{"line":180,"column":null}},"60":{"start":{"line":174,"column":17},"end":{"line":174,"column":null}},"61":{"start":{"line":174,"column":39},"end":{"line":174,"column":51}},"62":{"start":{"line":175,"column":20},"end":{"line":175,"column":null}},"63":{"start":{"line":175,"column":42},"end":{"line":175,"column":57}},"64":{"start":{"line":176,"column":21},"end":{"line":176,"column":null}},"65":{"start":{"line":176,"column":43},"end":{"line":176,"column":59}},"66":{"start":{"line":177,"column":25},"end":{"line":177,"column":null}},"67":{"start":{"line":177,"column":47},"end":{"line":177,"column":67}},"68":{"start":{"line":179,"column":2},"end":{"line":179,"column":null}}},"fnMap":{"0":{"name":"(anonymous_7)","decl":{"start":{"line":54,"column":4},"end":{"line":54,"column":5}},"loc":{"start":{"line":54,"column":19},"end":{"line":128,"column":null}}},"1":{"name":"(anonymous_8)","decl":{"start":{"line":57,"column":21},"end":{"line":57,"column":27}},"loc":{"start":{"line":57,"column":27},"end":{"line":57,"column":null}}},"2":{"name":"(anonymous_9)","decl":{"start":{"line":57,"column":31},"end":{"line":57,"column":32}},"loc":{"start":{"line":57,"column":43},"end":{"line":57,"column":null}}},"3":{"name":"(anonymous_10)","decl":{"start":{"line":58,"column":22},"end":{"line":58,"column":23}},"loc":{"start":{"line":58,"column":32},"end":{"line":58,"column":null}}},"4":{"name":"(anonymous_11)","decl":{"start":{"line":62,"column":15},"end":{"line":62,"column":16}},"loc":{"start":{"line":62,"column":25},"end":{"line":62,"column":null}}},"5":{"name":"(anonymous_12)","decl":{"start":{"line":66,"column":24},"end":{"line":66,"column":30}},"loc":{"start":{"line":66,"column":30},"end":{"line":66,"column":null}}},"6":{"name":"(anonymous_13)","decl":{"start":{"line":66,"column":34},"end":{"line":66,"column":35}},"loc":{"start":{"line":66,"column":46},"end":{"line":66,"column":null}}},"7":{"name":"(anonymous_14)","decl":{"start":{"line":67,"column":25},"end":{"line":67,"column":26}},"loc":{"start":{"line":67,"column":35},"end":{"line":67,"column":null}}},"8":{"name":"(anonymous_15)","decl":{"start":{"line":71,"column":20},"end":{"line":71,"column":21}},"loc":{"start":{"line":71,"column":33},"end":{"line":71,"column":null}}},"9":{"name":"(anonymous_16)","decl":{"start":{"line":79,"column":17},"end":{"line":79,"column":18}},"loc":{"start":{"line":79,"column":45},"end":{"line":85,"column":null}}},"10":{"name":"(anonymous_17)","decl":{"start":{"line":86,"column":17},"end":{"line":86,"column":23}},"loc":{"start":{"line":86,"column":23},"end":{"line":91,"column":null}}},"11":{"name":"(anonymous_18)","decl":{"start":{"line":86,"column":27},"end":{"line":86,"column":28}},"loc":{"start":{"line":86,"column":39},"end":{"line":91,"column":null}}},"12":{"name":"(anonymous_19)","decl":{"start":{"line":100,"column":17},"end":{"line":100,"column":18}},"loc":{"start":{"line":100,"column":28},"end":{"line":105,"column":null}}},"13":{"name":"(anonymous_20)","decl":{"start":{"line":100,"column":32},"end":{"line":100,"column":33}},"loc":{"start":{"line":100,"column":44},"end":{"line":105,"column":null}}},"14":{"name":"(anonymous_21)","decl":{"start":{"line":106,"column":18},"end":{"line":106,"column":19}},"loc":{"start":{"line":106,"column":29},"end":{"line":111,"column":null}}},"15":{"name":"(anonymous_22)","decl":{"start":{"line":106,"column":33},"end":{"line":106,"column":34}},"loc":{"start":{"line":106,"column":45},"end":{"line":111,"column":null}}},"16":{"name":"(anonymous_23)","decl":{"start":{"line":112,"column":22},"end":{"line":112,"column":28}},"loc":{"start":{"line":112,"column":28},"end":{"line":119,"column":null}}},"17":{"name":"(anonymous_24)","decl":{"start":{"line":123,"column":25},"end":{"line":123,"column":26}},"loc":{"start":{"line":123,"column":39},"end":{"line":123,"column":null}}},"18":{"name":"(anonymous_25)","decl":{"start":{"line":127,"column":16},"end":{"line":127,"column":17}},"loc":{"start":{"line":127,"column":27},"end":{"line":127,"column":null}}},"19":{"name":"(anonymous_26)","decl":{"start":{"line":131,"column":18},"end":{"line":131,"column":19}},"loc":{"start":{"line":131,"column":30},"end":{"line":136,"column":null}}},"20":{"name":"(anonymous_27)","decl":{"start":{"line":142,"column":26},"end":{"line":142,"column":null}},"loc":{"start":{"line":142,"column":26},"end":{"line":148,"column":null}}},"21":{"name":"(anonymous_28)","decl":{"start":{"line":143,"column":33},"end":{"line":143,"column":34}},"loc":{"start":{"line":143,"column":44},"end":{"line":143,"column":61}}},"22":{"name":"(anonymous_29)","decl":{"start":{"line":144,"column":35},"end":{"line":144,"column":36}},"loc":{"start":{"line":144,"column":46},"end":{"line":144,"column":65}}},"23":{"name":"(anonymous_30)","decl":{"start":{"line":145,"column":36},"end":{"line":145,"column":37}},"loc":{"start":{"line":145,"column":47},"end":{"line":145,"column":67}}},"24":{"name":"(anonymous_31)","decl":{"start":{"line":150,"column":23},"end":{"line":150,"column":null}},"loc":{"start":{"line":150,"column":23},"end":{"line":155,"column":null}}},"25":{"name":"(anonymous_32)","decl":{"start":{"line":151,"column":33},"end":{"line":151,"column":34}},"loc":{"start":{"line":151,"column":44},"end":{"line":151,"column":61}}},"26":{"name":"(anonymous_33)","decl":{"start":{"line":152,"column":29},"end":{"line":152,"column":30}},"loc":{"start":{"line":152,"column":40},"end":{"line":152,"column":53}}},"27":{"name":"(anonymous_34)","decl":{"start":{"line":157,"column":29},"end":{"line":157,"column":null}},"loc":{"start":{"line":157,"column":29},"end":{"line":163,"column":null}}},"28":{"name":"(anonymous_35)","decl":{"start":{"line":158,"column":36},"end":{"line":158,"column":37}},"loc":{"start":{"line":158,"column":47},"end":{"line":158,"column":67}}},"29":{"name":"(anonymous_36)","decl":{"start":{"line":159,"column":38},"end":{"line":159,"column":39}},"loc":{"start":{"line":159,"column":49},"end":{"line":159,"column":71}}},"30":{"name":"(anonymous_37)","decl":{"start":{"line":160,"column":39},"end":{"line":160,"column":40}},"loc":{"start":{"line":160,"column":50},"end":{"line":160,"column":73}}},"31":{"name":"(anonymous_38)","decl":{"start":{"line":165,"column":24},"end":{"line":165,"column":null}},"loc":{"start":{"line":165,"column":24},"end":{"line":171,"column":null}}},"32":{"name":"(anonymous_39)","decl":{"start":{"line":166,"column":27},"end":{"line":166,"column":28}},"loc":{"start":{"line":166,"column":38},"end":{"line":166,"column":49}}},"33":{"name":"(anonymous_40)","decl":{"start":{"line":167,"column":31},"end":{"line":167,"column":32}},"loc":{"start":{"line":167,"column":42},"end":{"line":167,"column":57}}},"34":{"name":"(anonymous_41)","decl":{"start":{"line":168,"column":31},"end":{"line":168,"column":32}},"loc":{"start":{"line":168,"column":42},"end":{"line":168,"column":57}}},"35":{"name":"(anonymous_42)","decl":{"start":{"line":173,"column":25},"end":{"line":173,"column":null}},"loc":{"start":{"line":173,"column":25},"end":{"line":180,"column":null}}},"36":{"name":"(anonymous_43)","decl":{"start":{"line":174,"column":28},"end":{"line":174,"column":29}},"loc":{"start":{"line":174,"column":39},"end":{"line":174,"column":51}}},"37":{"name":"(anonymous_44)","decl":{"start":{"line":175,"column":31},"end":{"line":175,"column":32}},"loc":{"start":{"line":175,"column":42},"end":{"line":175,"column":57}}},"38":{"name":"(anonymous_45)","decl":{"start":{"line":176,"column":32},"end":{"line":176,"column":33}},"loc":{"start":{"line":176,"column":43},"end":{"line":176,"column":59}}},"39":{"name":"(anonymous_46)","decl":{"start":{"line":177,"column":36},"end":{"line":177,"column":37}},"loc":{"start":{"line":177,"column":47},"end":{"line":177,"column":67}}}},"branchMap":{"0":{"loc":{"start":{"line":79,"column":27},"end":{"line":79,"column":40}},"type":"default-arg","locations":[{"start":{"line":79,"column":34},"end":{"line":79,"column":40}}]}},"s":{"0":0,"1":0,"2":0,"3":0,"4":0,"5":0,"6":0,"7":0,"8":0,"9":0,"10":0,"11":0,"12":0,"13":0,"14":0,"15":0,"16":0,"17":0,"18":0,"19":0,"20":0,"21":0,"22":0,"23":0,"24":0,"25":0,"26":0,"27":0,"28":0,"29":0,"30":0,"31":0,"32":0,"33":0,"34":0,"35":0,"36":0,"37":0,"38":0,"39":0,"40":0,"41":0,"42":0,"43":0,"44":0,"45":0,"46":0,"47":0,"48":0,"49":0,"50":0,"51":0,"52":0,"53":0,"54":0,"55":0,"56":0,"57":0,"58":0,"59":0,"60":0,"61":0,"62":0,"63":0,"64":0,"65":0,"66":0,"67":0,"68":0},"f":{"0":0,"1":0,"2":0,"3":0,"4":0,"5":0,"6":0,"7":0,"8":0,"9":0,"10":0,"11":0,"12":0,"13":0,"14":0,"15":0,"16":0,"17":0,"18":0,"19":0,"20":0,"21":0,"22":0,"23":0,"24":0,"25":0,"26":0,"27":0,"28":0,"29":0,"30":0,"31":0,"32":0,"33":0,"34":0,"35":0,"36":0,"37":0,"38":0,"39":0},"b":{"0":[0]}}
}
