TN:
SF:app\error.tsx
FN:8,Error
FN:15,(anonymous_3)
FNF:2
FNH:0
FNDA:0,Error
FNDA:0,(anonymous_3)
DA:3,0
DA:4,0
DA:5,0
DA:6,0
DA:8,0
DA:15,0
DA:17,0
DA:27,0
LF:8
LH:0
BRDA:22,0,0,0
BRDA:22,0,1,0
BRDA:23,1,0,0
BRDA:23,1,1,0
BRDA:27,2,0,0
BRDA:27,2,1,0
BRF:6
BRH:0
end_of_record
TN:
SF:app\layout.tsx
FN:145,RootLayout
FNF:1
FNH:0
FNDA:0,RootLayout
DA:3,0
DA:4,0
DA:5,0
DA:6,0
DA:7,0
DA:8,0
DA:9,0
DA:13,0
DA:23,0
DA:33,0
DA:42,0
DA:145,0
DA:150,0
LF:13
LH:0
BRF:0
BRH:0
end_of_record
TN:
SF:app\loading.tsx
FN:1,Loading
FNF:1
FNH:0
FNDA:0,Loading
DA:1,0
LF:1
LH:0
BRF:0
BRH:0
end_of_record
TN:
SF:app\not-found.tsx
FN:7,NotFound
FN:32,(anonymous_3)
FNF:2
FNH:0
FNDA:0,NotFound
FNDA:0,(anonymous_3)
DA:3,0
DA:4,0
DA:5,0
DA:7,0
DA:32,0
LF:5
LH:0
BRF:0
BRH:0
end_of_record
TN:
SF:app\page.tsx
FN:15,Home
FNF:1
FNH:0
FNDA:0,Home
DA:3,0
DA:4,0
DA:5,0
DA:6,0
DA:7,0
DA:8,0
DA:9,0
DA:10,0
DA:11,0
DA:12,0
DA:13,0
DA:15,0
LF:12
LH:0
BRF:0
BRH:0
end_of_record
TN:
SF:app\robots.ts
FN:3,robots
FNF:1
FNH:0
FNDA:0,robots
DA:3,0
DA:4,0
LF:2
LH:0
BRF:0
BRH:0
end_of_record
TN:
SF:app\sitemap.ts
FN:3,sitemap
FNF:1
FNH:0
FNDA:0,sitemap
DA:3,0
DA:4,0
LF:2
LH:0
BRF:0
BRH:0
end_of_record
TN:
SF:app\(workspace)\layout.tsx
FN:6,WorkspaceLayout
FNF:1
FNH:0
FNDA:0,WorkspaceLayout
DA:1,0
DA:2,0
DA:4,0
DA:6,0
DA:12,0
LF:5
LH:0
BRF:0
BRH:0
end_of_record
TN:
SF:app\(workspace)\loading.tsx
FN:1,WorkspaceLoading
FNF:1
FNH:0
FNDA:0,WorkspaceLoading
DA:1,0
LF:1
LH:0
BRF:0
BRH:0
end_of_record
TN:
SF:app\(workspace)\databases\page.tsx
FN:9,DatabasesPage
FN:39,(anonymous_5)
FNF:2
FNH:0
FNDA:0,DatabasesPage
FNDA:0,(anonymous_5)
DA:1,0
DA:2,0
DA:3,0
DA:4,0
DA:5,0
DA:7,0
DA:9,0
DA:10,0
DA:12,0
DA:13,0
DA:14,0
DA:40,0
DA:86,0
LF:13
LH:0
BRDA:26,0,0,0
BRDA:46,1,0,0
BRDA:46,1,1,0
BRDA:54,2,0,0
BRDA:54,2,1,0
BRDA:65,3,0,0
BRDA:65,3,1,0
BRF:7
BRH:0
end_of_record
TN:
SF:app\(workspace)\settings\page.tsx
FN:17,SettingsPage
FN:22,(anonymous_2)
FN:71,(anonymous_3)
FN:81,(anonymous_4)
FN:134,(anonymous_5)
FNF:5
FNH:0
FNDA:0,SettingsPage
FNDA:0,(anonymous_2)
FNDA:0,(anonymous_3)
FNDA:0,(anonymous_4)
FNDA:0,(anonymous_5)
DA:3,0
DA:4,0
DA:5,0
DA:6,0
DA:7,0
DA:14,0
DA:15,0
DA:17,0
DA:18,0
DA:19,0
DA:20,0
DA:22,0
DA:23,0
DA:24,0
DA:25,0
DA:28,0
DA:30,0
DA:71,0
DA:81,0
DA:134,0
LF:20
LH:0
BRDA:75,0,0,0
BRDA:75,0,1,0
BRDA:118,1,0,0
BRDA:145,2,0,0
BRDA:145,2,1,0
BRF:5
BRH:0
end_of_record
TN:
SF:app\actions\auth.ts
FN:10,(anonymous_8)
FN:27,saveNotionApiKey
FN:59,getNotionApiKey
FN:78,getNotionClient
FN:88,validateNotionApiKey
FN:104,clearNotionApiKey
FN:112,checkAuthAndRedirect
FN:122,resetNotionApiKey
FNF:8
FNH:0
FNDA:0,(anonymous_8)
FNDA:0,saveNotionApiKey
FNDA:0,getNotionApiKey
FNDA:0,getNotionClient
FNDA:0,validateNotionApiKey
FNDA:0,clearNotionApiKey
FNDA:0,checkAuthAndRedirect
FNDA:0,resetNotionApiKey
DA:3,0
DA:4,0
DA:5,0
DA:6,0
DA:9,0
DA:11,0
DA:16,0
DA:17,0
DA:27,0
DA:28,0
DA:30,0
DA:33,0
DA:36,0
DA:43,0
DA:44,0
DA:46,0
DA:48,0
DA:49,0
DA:59,0
DA:60,0
DA:61,0
DA:62,0
DA:64,0
DA:67,0
DA:68,0
DA:70,0
DA:71,0
DA:78,0
DA:79,0
DA:80,0
DA:82,0
DA:88,0
DA:89,0
DA:90,0
DA:91,0
DA:93,0
DA:94,0
DA:96,0
DA:97,0
DA:104,0
DA:105,0
DA:106,0
DA:112,0
DA:113,0
DA:114,0
DA:115,0
DA:122,0
DA:123,0
DA:124,0
LF:49
LH:0
BRDA:10,0,0,0
BRDA:10,0,1,0
BRDA:64,1,0,0
BRDA:64,1,1,0
BRDA:80,2,0,0
BRDA:80,2,1,0
BRDA:91,3,0,0
BRDA:91,3,1,0
BRDA:114,4,0,0
BRDA:114,4,1,0
BRF:10
BRH:0
end_of_record
TN:
SF:app\actions\notion-database.ts
FN:29,getDatabases
FN:34,(anonymous_10)
FN:54,getDatabaseById
FN:75,createDatabase
FN:102,updateDatabaseProperties
FN:135,deleteDatabase
FN:165,getDatabasePagesById
FN:190,searchDatabasesByQuery
FN:200,(anonymous_17)
FN:220,duplicateDatabase
FNF:10
FNH:0
FNDA:0,getDatabases
FNDA:0,(anonymous_10)
FNDA:0,getDatabaseById
FNDA:0,createDatabase
FNDA:0,updateDatabaseProperties
FNDA:0,deleteDatabase
FNDA:0,getDatabasePagesById
FNDA:0,searchDatabasesByQuery
FNDA:0,(anonymous_17)
FNDA:0,duplicateDatabase
DA:3,0
DA:4,0
DA:29,0
DA:30,0
DA:31,0
DA:33,0
DA:34,0
DA:36,0
DA:42,0
DA:43,0
DA:54,0
DA:55,0
DA:56,0
DA:57,0
DA:63,0
DA:64,0
DA:75,0
DA:76,0
DA:77,0
DA:78,0
DA:81,0
DA:82,0
DA:84,0
DA:90,0
DA:91,0
DA:102,0
DA:106,0
DA:107,0
DA:108,0
DA:114,0
DA:115,0
DA:117,0
DA:123,0
DA:124,0
DA:135,0
DA:136,0
DA:137,0
DA:138,0
DA:144,0
DA:145,0
DA:147,0
DA:153,0
DA:154,0
DA:165,0
DA:166,0
DA:167,0
DA:168,0
DA:176,0
DA:177,0
DA:190,0
DA:191,0
DA:192,0
DA:193,0
DA:199,0
DA:200,0
DA:202,0
DA:208,0
DA:209,0
DA:220,0
DA:221,0
DA:222,0
DA:225,0
DA:228,0
DA:238,0
DA:240,0
DA:246,0
DA:247,0
LF:67
LH:0
BRDA:46,0,0,0
BRDA:46,0,1,0
BRDA:67,1,0,0
BRDA:67,1,1,0
BRDA:94,2,0,0
BRDA:94,2,1,0
BRDA:127,3,0,0
BRDA:127,3,1,0
BRDA:157,4,0,0
BRDA:157,4,1,0
BRDA:165,5,0,0
BRDA:182,6,0,0
BRDA:182,6,1,0
BRDA:212,7,0,0
BRDA:212,7,1,0
BRDA:230,8,0,0
BRDA:230,8,1,0
BRDA:250,9,0,0
BRDA:250,9,1,0
BRF:19
BRH:0
end_of_record
TN:
SF:app\actions\notion-optimistic.ts
FN:9,updatePageTitle
FN:44,updatePageProperty
FN:81,updateDatabaseTitle
FN:112,updateBlockContent
FN:142,togglePageArchive
FN:173,toggleDatabaseArchive
FNF:6
FNH:0
FNDA:0,updatePageTitle
FNDA:0,updatePageProperty
FNDA:0,updateDatabaseTitle
FNDA:0,updateBlockContent
FNDA:0,togglePageArchive
FNDA:0,toggleDatabaseArchive
DA:3,0
DA:4,0
DA:9,0
DA:10,0
DA:11,0
DA:13,0
DA:23,0
DA:24,0
DA:26,0
DA:32,0
DA:33,0
DA:44,0
DA:49,0
DA:50,0
DA:52,0
DA:60,0
DA:61,0
DA:63,0
DA:69,0
DA:70,0
DA:81,0
DA:82,0
DA:83,0
DA:85,0
DA:91,0
DA:92,0
DA:94,0
DA:100,0
DA:101,0
DA:112,0
DA:113,0
DA:114,0
DA:116,0
DA:122,0
DA:124,0
DA:130,0
DA:131,0
DA:142,0
DA:143,0
DA:144,0
DA:146,0
DA:152,0
DA:153,0
DA:155,0
DA:161,0
DA:162,0
DA:173,0
DA:174,0
DA:175,0
DA:177,0
DA:183,0
DA:184,0
DA:186,0
DA:192,0
DA:193,0
LF:55
LH:0
BRDA:36,0,0,0
BRDA:36,0,1,0
BRDA:73,1,0,0
BRDA:73,1,1,0
BRDA:104,2,0,0
BRDA:104,2,1,0
BRDA:134,3,0,0
BRDA:134,3,1,0
BRDA:165,4,0,0
BRDA:165,4,1,0
BRDA:196,5,0,0
BRDA:196,5,1,0
BRF:12
BRH:0
end_of_record
TN:
SF:app\actions\notion-pages.ts
FN:28,getPages
FN:49,getPageById
FN:70,createPage
FN:97,updatePageProperties
FN:130,deletePage
FN:160,getPageBlocksById
FN:185,searchPagesByQuery
FN:211,duplicatePage
FN:254,movePageToDatabase
FN:291,updatePageSharing
FNF:10
FNH:0
FNDA:0,getPages
FNDA:0,getPageById
FNDA:0,createPage
FNDA:0,updatePageProperties
FNDA:0,deletePage
FNDA:0,getPageBlocksById
FNDA:0,searchPagesByQuery
FNDA:0,duplicatePage
FNDA:0,movePageToDatabase
FNDA:0,updatePageSharing
DA:3,0
DA:4,0
DA:28,0
DA:29,0
DA:30,0
DA:31,0
DA:37,0
DA:38,0
DA:49,0
DA:50,0
DA:51,0
DA:52,0
DA:58,0
DA:59,0
DA:70,0
DA:71,0
DA:72,0
DA:73,0
DA:76,0
DA:77,0
DA:79,0
DA:85,0
DA:86,0
DA:97,0
DA:101,0
DA:102,0
DA:103,0
DA:109,0
DA:110,0
DA:112,0
DA:118,0
DA:119,0
DA:130,0
DA:131,0
DA:132,0
DA:133,0
DA:139,0
DA:140,0
DA:142,0
DA:148,0
DA:149,0
DA:160,0
DA:161,0
DA:162,0
DA:163,0
DA:171,0
DA:172,0
DA:185,0
DA:186,0
DA:187,0
DA:188,0
DA:193,0
DA:199,0
DA:200,0
DA:211,0
DA:212,0
DA:213,0
DA:216,0
DA:217,0
DA:220,0
DA:234,0
DA:236,0
DA:242,0
DA:243,0
DA:254,0
DA:255,0
DA:256,0
DA:259,0
DA:262,0
DA:269,0
DA:270,0
DA:271,0
DA:273,0
DA:279,0
DA:280,0
DA:291,0
DA:292,0
DA:293,0
DA:295,0
DA:297,0
DA:304,0
DA:305,0
DA:307,0
DA:313,0
DA:314,0
LF:85
LH:0
BRDA:41,0,0,0
BRDA:41,0,1,0
BRDA:62,1,0,0
BRDA:62,1,1,0
BRDA:89,2,0,0
BRDA:89,2,1,0
BRDA:122,3,0,0
BRDA:122,3,1,0
BRDA:152,4,0,0
BRDA:152,4,1,0
BRDA:177,5,0,0
BRDA:177,5,1,0
BRDA:203,6,0,0
BRDA:203,6,1,0
BRDA:224,7,0,0
BRDA:224,7,1,0
BRDA:224,8,0,0
BRDA:224,8,1,0
BRDA:246,9,0,0
BRDA:246,9,1,0
BRDA:283,10,0,0
BRDA:283,10,1,0
BRDA:295,11,0,0
BRDA:295,11,1,0
BRDA:317,12,0,0
BRDA:317,12,1,0
BRF:26
BRH:0
end_of_record
TN:
SF:app\api\notion\client\route.ts
FN:6,GET
FNF:1
FNH:0
FNDA:0,GET
DA:1,0
DA:2,0
DA:4,0
DA:6,0
DA:7,0
DA:8,0
DA:10,0
DA:11,0
DA:17,0
DA:19,0
LF:10
LH:0
BRDA:10,0,0,0
BRDA:10,0,1,0
BRF:2
BRH:0
end_of_record
TN:
SF:app\api\notion\databases\route.ts
FN:6,GET
FNF:1
FNH:0
FNDA:0,GET
DA:1,0
DA:2,0
DA:4,0
DA:6,0
DA:7,0
DA:8,0
DA:10,0
DA:11,0
DA:17,0
DA:19,0
LF:10
LH:0
BRDA:10,0,0,0
BRDA:10,0,1,0
BRF:2
BRH:0
end_of_record
TN:
SF:app\api\notion\pages\route.ts
FN:6,GET
FNF:1
FNH:0
FNDA:0,GET
DA:1,0
DA:2,0
DA:4,0
DA:6,0
DA:7,0
DA:8,0
DA:10,0
DA:11,0
DA:17,0
DA:19,0
LF:10
LH:0
BRDA:10,0,0,0
BRDA:10,0,1,0
BRF:2
BRH:0
end_of_record
TN:
SF:app\api\submit-inquiry\route.ts
FN:5,POST
FNF:1
FNH:0
FNDA:0,POST
DA:1,0
DA:2,0
DA:5,0
DA:6,0
DA:7,0
DA:10,0
DA:15,0
DA:21,0
DA:27,0
LF:9
LH:0
BRDA:15,0,0,0
BRDA:15,0,1,0
BRF:2
BRH:0
end_of_record
TN:
SF:app\privacy-policy\page.tsx
FN:6,PrivacyPolicyPage
FN:16,(anonymous_3)
FNF:2
FNH:0
FNDA:0,PrivacyPolicyPage
FNDA:0,(anonymous_3)
DA:3,0
DA:4,0
DA:6,0
DA:7,0
DA:17,0
DA:18,0
DA:20,0
LF:7
LH:0
BRDA:17,0,0,0
BRDA:17,0,1,0
BRDA:26,1,0,0
BRDA:26,1,1,0
BRDA:27,2,0,0
BRDA:27,2,1,0
BRDA:33,3,0,0
BRDA:33,3,1,0
BRDA:40,4,0,0
BRDA:40,4,1,0
BRDA:41,5,0,0
BRDA:41,5,1,0
BRDA:47,6,0,0
BRDA:47,6,1,0
BRDA:50,7,0,0
BRDA:50,7,1,0
BRDA:56,8,0,0
BRDA:56,8,1,0
BRDA:57,9,0,0
BRDA:57,9,1,0
BRDA:58,10,0,0
BRDA:58,10,1,0
BRDA:59,11,0,0
BRDA:59,11,1,0
BRDA:60,12,0,0
BRDA:60,12,1,0
BRDA:66,13,0,0
BRDA:66,13,1,0
BRDA:69,14,0,0
BRDA:69,14,1,0
BRDA:72,15,0,0
BRDA:72,15,1,0
BRDA:73,16,0,0
BRDA:73,16,1,0
BRDA:74,17,0,0
BRDA:74,17,1,0
BRDA:75,18,0,0
BRDA:75,18,1,0
BRDA:81,19,0,0
BRDA:81,19,1,0
BRDA:84,20,0,0
BRDA:84,20,1,0
BRDA:87,21,0,0
BRDA:87,21,1,0
BRDA:88,22,0,0
BRDA:88,22,1,0
BRDA:89,23,0,0
BRDA:89,23,1,0
BRDA:92,24,0,0
BRDA:92,24,1,0
BRDA:101,25,0,0
BRDA:101,25,1,0
BRDA:104,26,0,0
BRDA:104,26,1,0
BRDA:113,27,0,0
BRDA:113,27,1,0
BRDA:116,28,0,0
BRDA:116,28,1,0
BRDA:119,29,0,0
BRDA:119,29,1,0
BRDA:120,30,0,0
BRDA:120,30,1,0
BRDA:121,31,0,0
BRDA:121,31,1,0
BRDA:122,32,0,0
BRDA:122,32,1,0
BRDA:128,33,0,0
BRDA:128,33,1,0
BRDA:131,34,0,0
BRDA:131,34,1,0
BRDA:140,35,0,0
BRDA:140,35,1,0
BRDA:143,36,0,0
BRDA:143,36,1,0
BRDA:152,37,0,0
BRDA:152,37,1,0
BRDA:155,38,0,0
BRDA:155,38,1,0
BRDA:163,39,0,0
BRDA:163,39,1,0
BRDA:191,40,0,0
BRDA:191,40,1,0
BRDA:202,41,0,0
BRDA:202,41,1,0
BRF:84
BRH:0
end_of_record
TN:
SF:app\setup\page.tsx
FN:13,SetupPage
FN:20,(anonymous_2)
FN:32,(anonymous_3)
FN:90,(anonymous_4)
FN:130,(anonymous_5)
FNF:5
FNH:0
FNDA:0,SetupPage
FNDA:0,(anonymous_2)
FNDA:0,(anonymous_3)
FNDA:0,(anonymous_4)
FNDA:0,(anonymous_5)
DA:3,0
DA:4,0
DA:5,0
DA:6,0
DA:7,0
DA:8,0
DA:9,0
DA:10,0
DA:11,0
DA:13,0
DA:14,0
DA:15,0
DA:16,0
DA:17,0
DA:18,0
DA:20,0
DA:21,0
DA:22,0
DA:23,0
DA:24,0
DA:26,0
DA:27,0
DA:29,0
DA:30,0
DA:32,0
DA:33,0
DA:36,0
DA:39,0
DA:41,0
DA:45,0
DA:90,0
DA:130,0
LF:32
LH:0
BRDA:29,0,0,0
BRDA:29,0,1,0
BRDA:36,1,0,0
BRDA:36,1,1,0
BRDA:45,2,0,0
BRDA:45,2,1,0
BRDA:99,3,0,0
BRDA:110,4,0,0
BRDA:110,4,1,0
BRDA:112,5,0,0
BRDA:112,5,1,0
BRF:11
BRH:0
end_of_record
TN:
SF:app\wechat-qr\page.tsx
FN:9,WeChatQRPage
FN:14,(anonymous_3)
FN:18,(anonymous_4)
FN:55,(anonymous_5)
FN:71,(anonymous_6)
FN:82,(anonymous_7)
FNF:6
FNH:0
FNDA:0,WeChatQRPage
FNDA:0,(anonymous_3)
FNDA:0,(anonymous_4)
FNDA:0,(anonymous_5)
FNDA:0,(anonymous_6)
FNDA:0,(anonymous_7)
DA:3,0
DA:4,0
DA:5,0
DA:6,0
DA:7,0
DA:9,0
DA:10,0
DA:11,0
DA:12,0
DA:14,0
DA:15,0
DA:16,0
DA:17,0
DA:18,0
DA:20,0
DA:56,0
DA:57,0
DA:71,0
DA:82,0
LF:19
LH:0
BRDA:29,0,0,0
BRDA:29,0,1,0
BRDA:32,1,0,0
BRDA:32,1,1,0
BRDA:43,2,0,0
BRDA:63,3,0,0
BRDA:63,3,1,0
BRDA:75,4,0,0
BRDA:75,4,1,0
BRDA:76,5,0,0
BRDA:76,5,1,0
BRDA:77,6,0,0
BRDA:77,6,1,0
BRDA:86,7,0,0
BRDA:86,7,1,0
BRDA:92,8,0,0
BRDA:92,8,1,0
BRF:17
BRH:0
end_of_record
TN:
SF:components\analytics.tsx
FN:8,GoogleAnalytics
FN:11,(anonymous_5)
FN:48,GoogleTagManager
FNF:3
FNH:0
FNDA:0,GoogleAnalytics
FNDA:0,(anonymous_5)
FNDA:0,GoogleTagManager
DA:3,0
DA:4,0
DA:5,0
DA:6,0
DA:8,0
DA:9,0
DA:11,0
DA:12,0
DA:13,0
DA:17,0
DA:18,0
DA:48,0
DA:49,0
DA:50,0
LF:14
LH:0
BRDA:12,0,0,0
BRDA:12,0,1,0
BRDA:17,1,0,0
BRDA:17,1,1,0
BRDA:49,2,0,0
BRDA:49,2,1,0
BRF:6
BRH:0
end_of_record
TN:
SF:components\back-to-top.tsx
FN:7,BackToTop
FN:10,(anonymous_2)
FN:11,(anonymous_3)
FN:20,(anonymous_4)
FN:23,(anonymous_5)
FNF:5
FNH:0
FNDA:0,BackToTop
FNDA:0,(anonymous_2)
FNDA:0,(anonymous_3)
FNDA:0,(anonymous_4)
FNDA:0,(anonymous_5)
DA:3,0
DA:4,0
DA:5,0
DA:7,0
DA:8,0
DA:10,0
DA:11,0
DA:12,0
DA:13,0
DA:15,0
DA:19,0
DA:20,0
DA:23,0
DA:24,0
LF:14
LH:0
BRDA:12,0,0,0
BRDA:12,0,1,0
BRDA:32,1,0,0
BRF:3
BRH:0
end_of_record
TN:
SF:components\commitment-section.tsx
FN:7,CommitmentSection
FN:14,(anonymous_2)
FN:16,(anonymous_3)
FN:17,(anonymous_4)
FN:20,(anonymous_5)
FN:33,(anonymous_6)
FN:42,(anonymous_7)
FN:90,(anonymous_8)
FN:93,(anonymous_9)
FN:127,(anonymous_10)
FNF:10
FNH:0
FNDA:0,CommitmentSection
FNDA:0,(anonymous_2)
FNDA:0,(anonymous_3)
FNDA:0,(anonymous_4)
FNDA:0,(anonymous_5)
FNDA:0,(anonymous_6)
FNDA:0,(anonymous_7)
FNDA:0,(anonymous_8)
FNDA:0,(anonymous_9)
FNDA:0,(anonymous_10)
DA:3,0
DA:4,0
DA:5,0
DA:7,0
DA:8,0
DA:9,0
DA:10,0
DA:11,0
DA:14,0
DA:15,0
DA:17,0
DA:18,0
DA:19,0
DA:20,0
DA:22,0
DA:33,0
DA:34,0
DA:38,0
DA:39,0
DA:42,0
DA:46,0
DA:91,0
DA:93,0
DA:128,0
DA:129,0
DA:130,0
DA:131,0
DA:132,0
DA:134,0
LF:29
LH:0
BRDA:18,0,0,0
BRDA:18,0,1,0
BRDA:19,1,0,0
BRDA:19,1,1,0
BRDA:34,2,0,0
BRDA:34,2,1,0
BRDA:38,3,0,0
BRDA:38,3,1,0
BRDA:49,4,0,0
BRDA:49,4,1,0
BRDA:50,5,0,0
BRDA:50,5,1,0
BRDA:56,6,0,0
BRDA:56,6,1,0
BRDA:57,7,0,0
BRDA:57,7,1,0
BRDA:63,8,0,0
BRDA:63,8,1,0
BRDA:64,9,0,0
BRDA:64,9,1,0
BRDA:70,10,0,0
BRDA:70,10,1,0
BRDA:71,11,0,0
BRDA:71,11,1,0
BRDA:81,12,0,0
BRDA:81,12,1,0
BRDA:82,13,0,0
BRDA:82,13,1,0
BRDA:84,14,0,0
BRDA:84,14,1,0
BRDA:85,15,0,0
BRDA:85,15,1,0
BRDA:96,16,0,0
BRDA:96,16,1,0
BRDA:109,17,0,0
BRDA:109,17,1,0
BRDA:112,18,0,0
BRDA:112,18,1,0
BRDA:113,19,0,0
BRDA:113,19,1,0
BRDA:114,20,0,0
BRDA:114,20,1,0
BRDA:115,21,0,0
BRDA:115,21,1,0
BRDA:129,22,0,0
BRDA:129,22,1,0
BRDA:142,23,0,0
BRDA:142,23,1,0
BRF:48
BRH:0
end_of_record
TN:
SF:components\contact-section.tsx
FN:11,ContactSection
FN:15,(anonymous_3)
FN:17,(anonymous_4)
FN:24,(anonymous_5)
FN:27,(anonymous_6)
FN:57,(anonymous_7)
FN:66,(anonymous_8)
FN:70,(anonymous_9)
FN:74,(anonymous_10)
FN:252,(anonymous_11)
FN:273,(anonymous_12)
FNF:11
FNH:0
FNDA:0,ContactSection
FNDA:0,(anonymous_3)
FNDA:0,(anonymous_4)
FNDA:0,(anonymous_5)
FNDA:0,(anonymous_6)
FNDA:0,(anonymous_7)
FNDA:0,(anonymous_8)
FNDA:0,(anonymous_9)
FNDA:0,(anonymous_10)
FNDA:0,(anonymous_11)
FNDA:0,(anonymous_12)
DA:3,0
DA:4,0
DA:5,0
DA:6,0
DA:7,0
DA:11,0
DA:12,0
DA:13,0
DA:15,0
DA:17,0
DA:18,0
DA:19,0
DA:20,0
DA:24,0
DA:27,0
DA:28,0
DA:31,0
DA:32,0
DA:33,0
DA:37,0
DA:38,0
DA:49,0
DA:53,0
DA:54,0
DA:55,0
DA:57,0
DA:59,0
DA:60,0
DA:62,0
DA:66,0
DA:67,0
DA:70,0
DA:71,0
DA:72,0
DA:73,0
DA:74,0
DA:253,0
DA:254,0
DA:273,0
LF:39
LH:0
BRDA:18,0,0,0
BRDA:18,0,1,0
BRDA:18,1,0,0
BRDA:18,1,1,0
BRDA:28,2,0,0
BRDA:28,2,1,0
BRDA:31,3,0,0
BRDA:31,3,1,0
BRDA:37,4,0,0
BRDA:37,4,1,0
BRDA:37,5,0,0
BRDA:37,5,1,0
BRDA:59,6,0,0
BRDA:59,6,1,0
BRDA:84,7,0,0
BRDA:84,7,1,0
BRDA:85,8,0,0
BRDA:85,8,1,0
BRDA:90,9,0,0
BRDA:90,9,1,0
BRDA:116,10,0,0
BRDA:116,10,1,0
BRDA:117,11,0,0
BRDA:117,11,1,0
BRDA:120,12,0,0
BRDA:120,12,1,0
BRDA:121,13,0,0
BRDA:121,13,1,0
BRDA:127,14,0,0
BRDA:127,14,1,0
BRDA:128,15,0,0
BRDA:128,15,1,0
BRDA:132,16,0,0
BRDA:230,17,0,0
BRDA:234,18,0,0
BRDA:234,18,1,0
BRDA:240,19,0,0
BRDA:260,20,0,0
BRDA:260,20,1,0
BRDA:266,21,0,0
BRDA:266,21,1,0
BRDA:276,22,0,0
BRDA:276,22,1,0
BRDA:282,23,0,0
BRDA:282,23,1,0
BRDA:285,24,0,0
BRDA:287,25,0,0
BRDA:287,25,1,0
BRF:48
BRH:0
end_of_record
TN:
SF:components\error-boundary.tsx
FN:16,(anonymous_1)
FN:21,(anonymous_2)
FN:25,(anonymous_3)
FN:29,(anonymous_4)
FN:44,(anonymous_5)
FNF:5
FNH:0
FNDA:0,(anonymous_1)
FNDA:0,(anonymous_2)
FNDA:0,(anonymous_3)
FNDA:0,(anonymous_4)
FNDA:0,(anonymous_5)
DA:3,0
DA:15,0
DA:17,0
DA:18,0
DA:22,0
DA:26,0
DA:30,0
DA:44,0
DA:61,0
LF:9
LH:0
BRDA:30,0,0,0
BRDA:30,0,1,0
BRDA:31,1,0,0
BRDA:49,2,0,0
BRDA:49,2,1,0
BRF:5
BRH:0
end_of_record
TN:
SF:components\faq-section.tsx
FN:74,FAQSection
FN:79,(anonymous_2)
FN:80,(anonymous_3)
FN:84,(anonymous_4)
FN:86,(anonymous_5)
FN:87,(anonymous_6)
FN:99,(anonymous_7)
FN:100,(anonymous_8)
FN:114,(anonymous_9)
FN:117,(anonymous_10)
FNF:10
FNH:0
FNDA:0,FAQSection
FNDA:0,(anonymous_2)
FNDA:0,(anonymous_3)
FNDA:0,(anonymous_4)
FNDA:0,(anonymous_5)
FNDA:0,(anonymous_6)
FNDA:0,(anonymous_7)
FNDA:0,(anonymous_8)
FNDA:0,(anonymous_9)
FNDA:0,(anonymous_10)
DA:3,0
DA:4,0
DA:5,0
DA:7,0
DA:74,0
DA:75,0
DA:76,0
DA:77,0
DA:79,0
DA:80,0
DA:81,0
DA:83,0
DA:85,0
DA:86,0
DA:87,0
DA:89,0
DA:95,0
DA:96,0
DA:99,0
DA:100,0
DA:115,0
DA:117,0
LF:22
LH:0
BRDA:81,0,0,0
BRDA:81,0,1,0
BRDA:85,1,0,0
BRDA:85,1,1,0
BRDA:108,2,0,0
BRDA:108,2,1,0
BRDA:109,3,0,0
BRDA:109,3,1,0
BRDA:118,4,0,0
BRDA:118,4,1,0
BRDA:126,5,0,0
BRDA:126,5,1,0
BRDA:127,6,0,0
BRDA:127,6,1,0
BRDA:131,7,0,0
BRDA:131,7,1,0
BRDA:132,8,0,0
BRDA:132,8,1,0
BRF:18
BRH:0
end_of_record
TN:
SF:components\floating-buttons.tsx
FN:8,FloatingButtons
FN:12,(anonymous_2)
FN:13,(anonymous_3)
FN:22,(anonymous_4)
FN:25,(anonymous_5)
FN:32,(anonymous_6)
FNF:6
FNH:0
FNDA:0,FloatingButtons
FNDA:0,(anonymous_2)
FNDA:0,(anonymous_3)
FNDA:0,(anonymous_4)
FNDA:0,(anonymous_5)
FNDA:0,(anonymous_6)
DA:3,0
DA:4,0
DA:5,0
DA:6,0
DA:8,0
DA:9,0
DA:10,0
DA:12,0
DA:13,0
DA:14,0
DA:15,0
DA:17,0
DA:21,0
DA:22,0
DA:25,0
DA:26,0
DA:32,0
DA:33,0
LF:18
LH:0
BRDA:14,0,0,0
BRDA:14,0,1,0
BRDA:38,1,0,0
BRDA:44,2,0,0
BRDA:44,2,1,0
BRDA:45,3,0,0
BRDA:45,3,1,0
BRDA:54,4,0,0
BRDA:54,4,1,0
BRDA:55,5,0,0
BRDA:55,5,1,0
BRF:11
BRH:0
end_of_record
TN:
SF:components\footer.tsx
FN:9,Footer
FN:14,(anonymous_3)
FN:18,(anonymous_4)
FN:24,(anonymous_5)
FN:33,(anonymous_6)
FN:37,(anonymous_7)
FN:65,(anonymous_8)
FN:80,(anonymous_9)
FN:102,(anonymous_10)
FN:108,(anonymous_11)
FN:122,(anonymous_12)
FN:128,(anonymous_13)
FN:211,(anonymous_14)
FN:236,(anonymous_15)
FNF:14
FNH:0
FNDA:0,Footer
FNDA:0,(anonymous_3)
FNDA:0,(anonymous_4)
FNDA:0,(anonymous_5)
FNDA:0,(anonymous_6)
FNDA:0,(anonymous_7)
FNDA:0,(anonymous_8)
FNDA:0,(anonymous_9)
FNDA:0,(anonymous_10)
FNDA:0,(anonymous_11)
FNDA:0,(anonymous_12)
FNDA:0,(anonymous_13)
FNDA:0,(anonymous_14)
FNDA:0,(anonymous_15)
DA:4,0
DA:5,0
DA:6,0
DA:7,0
DA:9,0
DA:10,0
DA:11,0
DA:12,0
DA:14,0
DA:15,0
DA:16,0
DA:17,0
DA:18,0
DA:24,0
DA:26,0
DA:27,0
DA:29,0
DA:33,0
DA:34,0
DA:37,0
DA:38,0
DA:39,0
DA:40,0
DA:43,0
DA:47,0
DA:48,0
DA:50,0
DA:66,0
DA:82,0
DA:102,0
DA:108,0
DA:122,0
DA:128,0
DA:213,0
DA:236,0
LF:35
LH:0
BRDA:26,0,0,0
BRDA:26,0,1,0
BRDA:39,1,0,0
BRDA:39,1,1,0
BRDA:43,2,0,0
BRDA:43,2,1,0
BRDA:72,3,0,0
BRDA:72,3,1,0
BRDA:87,4,0,0
BRDA:87,4,1,0
BRDA:88,5,0,0
BRDA:88,5,1,0
BRDA:90,6,0,0
BRDA:90,6,1,0
BRDA:91,7,0,0
BRDA:91,7,1,0
BRDA:97,8,0,0
BRDA:97,8,1,0
BRDA:98,9,0,0
BRDA:98,9,1,0
BRDA:103,10,0,0
BRDA:103,10,1,0
BRDA:105,11,0,0
BRDA:105,11,1,0
BRDA:109,12,0,0
BRDA:109,12,1,0
BRDA:111,13,0,0
BRDA:111,13,1,0
BRDA:117,14,0,0
BRDA:117,14,1,0
BRDA:119,15,0,0
BRDA:119,15,1,0
BRDA:123,16,0,0
BRDA:123,16,1,0
BRDA:125,17,0,0
BRDA:125,17,1,0
BRDA:129,18,0,0
BRDA:129,18,1,0
BRDA:138,19,0,0
BRDA:138,19,1,0
BRDA:139,20,0,0
BRDA:139,20,1,0
BRDA:142,21,0,0
BRDA:142,21,1,0
BRDA:144,22,0,0
BRDA:144,22,1,0
BRDA:153,23,0,0
BRDA:153,23,1,0
BRDA:155,24,0,0
BRDA:155,24,1,0
BRDA:166,25,0,0
BRDA:166,25,1,0
BRDA:168,26,0,0
BRDA:168,26,1,0
BRDA:175,27,0,0
BRDA:177,28,0,0
BRDA:177,28,1,0
BRDA:182,29,0,0
BRDA:182,29,1,0
BRDA:184,30,0,0
BRDA:184,30,1,0
BRDA:196,31,0,0
BRDA:199,32,0,0
BRDA:199,32,1,0
BRDA:200,33,0,0
BRDA:200,33,1,0
BRDA:222,34,0,0
BRDA:222,34,1,0
BRDA:223,35,0,0
BRDA:223,35,1,0
BRDA:228,36,0,0
BRDA:228,36,1,0
BRDA:229,37,0,0
BRDA:229,37,1,0
BRDA:237,38,0,0
BRDA:237,38,1,0
BRDA:239,39,0,0
BRDA:239,39,1,0
BRDA:243,40,0,0
BRDA:243,40,1,0
BRDA:245,41,0,0
BRDA:245,41,1,0
BRDA:248,42,0,0
BRDA:249,43,0,0
BRDA:249,43,1,0
BRDA:250,44,0,0
BRDA:250,44,1,0
BRF:87
BRH:0
end_of_record
TN:
SF:components\hero-section.tsx
FN:12,HeroSection
FN:16,(anonymous_3)
FN:18,(anonymous_4)
FN:25,(anonymous_5)
FN:28,(anonymous_6)
FN:48,(anonymous_7)
FN:87,(anonymous_8)
FN:128,(anonymous_9)
FN:136,(anonymous_10)
FN:144,(anonymous_11)
FN:152,(anonymous_12)
FNF:11
FNH:0
FNDA:0,HeroSection
FNDA:0,(anonymous_3)
FNDA:0,(anonymous_4)
FNDA:0,(anonymous_5)
FNDA:0,(anonymous_6)
FNDA:0,(anonymous_7)
FNDA:0,(anonymous_8)
FNDA:0,(anonymous_9)
FNDA:0,(anonymous_10)
FNDA:0,(anonymous_11)
FNDA:0,(anonymous_12)
DA:3,0
DA:6,0
DA:7,0
DA:8,0
DA:12,0
DA:13,0
DA:14,0
DA:16,0
DA:18,0
DA:19,0
DA:20,0
DA:21,0
DA:25,0
DA:28,0
DA:29,0
DA:30,0
DA:31,0
DA:34,0
DA:38,0
DA:39,0
DA:41,0
DA:48,0
DA:49,0
DA:52,0
DA:53,0
DA:54,0
DA:58,0
DA:59,0
DA:70,0
DA:89,0
DA:128,0
DA:136,0
DA:144,0
DA:152,0
LF:34
LH:0
BRDA:19,0,0,0
BRDA:19,0,1,0
BRDA:19,1,0,0
BRDA:19,1,1,0
BRDA:30,2,0,0
BRDA:30,2,1,0
BRDA:34,3,0,0
BRDA:34,3,1,0
BRDA:49,4,0,0
BRDA:49,4,1,0
BRDA:52,5,0,0
BRDA:52,5,1,0
BRDA:58,6,0,0
BRDA:58,6,1,0
BRDA:58,7,0,0
BRDA:58,7,1,0
BRDA:100,8,0,0
BRDA:100,8,1,0
BRDA:103,9,0,0
BRDA:103,9,1,0
BRDA:112,10,0,0
BRDA:112,10,1,0
BRDA:113,11,0,0
BRDA:113,11,1,0
BRDA:117,12,0,0
BRDA:117,12,1,0
BRDA:120,13,0,0
BRDA:120,13,1,0
BRDA:121,14,0,0
BRDA:121,14,1,0
BRDA:131,15,0,0
BRDA:131,15,1,0
BRDA:132,16,0,0
BRDA:132,16,1,0
BRDA:139,17,0,0
BRDA:139,17,1,0
BRDA:140,18,0,0
BRDA:140,18,1,0
BRDA:147,19,0,0
BRDA:147,19,1,0
BRDA:148,20,0,0
BRDA:148,20,1,0
BRDA:155,21,0,0
BRDA:155,21,1,0
BRDA:156,22,0,0
BRDA:156,22,1,0
BRF:46
BRH:0
end_of_record
TN:
SF:components\how-it-works.tsx
FN:8,HowItWorks
FN:15,(anonymous_2)
FN:17,(anonymous_3)
FN:18,(anonymous_4)
FN:21,(anonymous_5)
FN:34,(anonymous_6)
FN:43,(anonymous_7)
FN:109,(anonymous_8)
FN:112,(anonymous_9)
FN:128,(anonymous_10)
FNF:10
FNH:0
FNDA:0,HowItWorks
FNDA:0,(anonymous_2)
FNDA:0,(anonymous_3)
FNDA:0,(anonymous_4)
FNDA:0,(anonymous_5)
FNDA:0,(anonymous_6)
FNDA:0,(anonymous_7)
FNDA:0,(anonymous_8)
FNDA:0,(anonymous_9)
FNDA:0,(anonymous_10)
DA:3,0
DA:5,0
DA:6,0
DA:8,0
DA:9,0
DA:10,0
DA:11,0
DA:12,0
DA:15,0
DA:16,0
DA:18,0
DA:19,0
DA:20,0
DA:21,0
DA:23,0
DA:34,0
DA:35,0
DA:39,0
DA:40,0
DA:43,0
DA:46,0
DA:110,0
DA:112,0
DA:129,0
LF:24
LH:0
BRDA:19,0,0,0
BRDA:19,0,1,0
BRDA:20,1,0,0
BRDA:20,1,1,0
BRDA:35,2,0,0
BRDA:35,2,1,0
BRDA:39,3,0,0
BRDA:39,3,1,0
BRDA:50,4,0,0
BRDA:50,4,1,0
BRDA:52,5,0,0
BRDA:52,5,1,0
BRDA:53,6,0,0
BRDA:53,6,1,0
BRDA:54,7,0,0
BRDA:54,7,1,0
BRDA:60,8,0,0
BRDA:60,8,1,0
BRDA:62,9,0,0
BRDA:62,9,1,0
BRDA:63,10,0,0
BRDA:63,10,1,0
BRDA:64,11,0,0
BRDA:64,11,1,0
BRDA:65,12,0,0
BRDA:65,12,1,0
BRDA:71,13,0,0
BRDA:71,13,1,0
BRDA:73,14,0,0
BRDA:73,14,1,0
BRDA:74,15,0,0
BRDA:74,15,1,0
BRDA:75,16,0,0
BRDA:75,16,1,0
BRDA:76,17,0,0
BRDA:76,17,1,0
BRDA:82,18,0,0
BRDA:82,18,1,0
BRDA:84,19,0,0
BRDA:84,19,1,0
BRDA:85,20,0,0
BRDA:85,20,1,0
BRDA:86,21,0,0
BRDA:86,21,1,0
BRDA:87,22,0,0
BRDA:87,22,1,0
BRDA:96,23,0,0
BRDA:96,23,1,0
BRDA:97,24,0,0
BRDA:97,24,1,0
BRDA:100,25,0,0
BRDA:100,25,1,0
BRDA:104,26,0,0
BRDA:104,26,1,0
BRDA:115,27,0,0
BRDA:115,27,1,0
BRDA:126,28,0,0
BRDA:126,28,1,0
BRDA:127,29,0,0
BRDA:127,29,1,0
BRDA:135,30,0,0
BRDA:137,31,0,0
BRDA:137,31,1,0
BRF:63
BRH:0
end_of_record
TN:
SF:components\language-aware-layout.tsx
FN:10,LanguageAwareLayout
FN:13,(anonymous_2)
FNF:2
FNH:0
FNDA:0,LanguageAwareLayout
FNDA:0,(anonymous_2)
DA:3,0
DA:4,0
DA:10,0
DA:11,0
DA:13,0
DA:15,0
DA:16,0
LF:7
LH:0
BRDA:16,0,0,0
BRDA:16,0,1,0
BRF:2
BRH:0
end_of_record
TN:
SF:components\package-comparison.tsx
FN:9,PackageComparison
FN:14,(anonymous_2)
FN:34,(anonymous_3)
FN:35,(anonymous_4)
FN:39,(anonymous_5)
FN:41,(anonymous_6)
FN:42,(anonymous_7)
FN:54,(anonymous_8)
FN:55,(anonymous_9)
FN:147,(anonymous_10)
FN:171,(anonymous_11)
FN:197,(anonymous_12)
FN:209,(anonymous_13)
FN:235,(anonymous_14)
FN:261,(anonymous_15)
FN:279,(anonymous_16)
FN:310,(anonymous_17)
FNF:17
FNH:0
FNDA:0,PackageComparison
FNDA:0,(anonymous_2)
FNDA:0,(anonymous_3)
FNDA:0,(anonymous_4)
FNDA:0,(anonymous_5)
FNDA:0,(anonymous_6)
FNDA:0,(anonymous_7)
FNDA:0,(anonymous_8)
FNDA:0,(anonymous_9)
FNDA:0,(anonymous_10)
FNDA:0,(anonymous_11)
FNDA:0,(anonymous_12)
FNDA:0,(anonymous_13)
FNDA:0,(anonymous_14)
FNDA:0,(anonymous_15)
FNDA:0,(anonymous_16)
FNDA:0,(anonymous_17)
DA:3,0
DA:4,0
DA:5,0
DA:6,0
DA:7,0
DA:9,0
DA:10,0
DA:11,0
DA:12,0
DA:14,0
DA:15,0
DA:16,0
DA:17,0
DA:20,0
DA:24,0
DA:25,0
DA:27,0
DA:34,0
DA:35,0
DA:36,0
DA:38,0
DA:40,0
DA:41,0
DA:42,0
DA:44,0
DA:50,0
DA:51,0
DA:54,0
DA:55,0
DA:59,0
DA:116,0
DA:147,0
DA:172,0
DA:197,0
DA:209,0
DA:236,0
DA:261,0
DA:280,0
DA:310,0
LF:39
LH:0
BRDA:16,0,0,0
BRDA:16,0,1,0
BRDA:20,1,0,0
BRDA:20,1,1,0
BRDA:36,2,0,0
BRDA:36,2,1,0
BRDA:40,3,0,0
BRDA:40,3,1,0
BRDA:61,4,0,0
BRDA:61,4,1,0
BRDA:62,5,0,0
BRDA:62,5,1,0
BRDA:63,6,0,0
BRDA:63,6,1,0
BRDA:64,7,0,0
BRDA:64,7,1,0
BRDA:65,8,0,0
BRDA:65,8,1,0
BRDA:87,9,0,0
BRDA:87,9,1,0
BRDA:88,10,0,0
BRDA:88,10,1,0
BRDA:89,11,0,0
BRDA:89,11,1,0
BRDA:90,12,0,0
BRDA:90,12,1,0
BRDA:91,13,0,0
BRDA:91,13,1,0
BRDA:116,14,0,0
BRDA:116,14,1,0
BRDA:134,15,0,0
BRDA:134,15,1,0
BRDA:135,16,0,0
BRDA:135,16,1,0
BRDA:138,17,0,0
BRDA:138,17,1,0
BRDA:149,18,0,0
BRDA:149,18,1,0
BRDA:157,19,0,0
BRDA:157,19,1,0
BRDA:174,20,0,0
BRDA:174,20,1,0
BRDA:176,21,0,0
BRDA:176,21,1,0
BRDA:176,22,0,0
BRDA:176,22,1,0
BRDA:181,23,0,0
BRDA:183,24,0,0
BRDA:182,25,0,0
BRDA:182,25,1,0
BRDA:188,26,0,0
BRDA:188,26,1,0
BRDA:200,27,0,0
BRDA:200,27,1,0
BRDA:211,28,0,0
BRDA:211,28,1,0
BRDA:221,29,0,0
BRDA:221,29,1,0
BRDA:238,30,0,0
BRDA:238,30,1,0
BRDA:240,31,0,0
BRDA:240,31,1,0
BRDA:240,32,0,0
BRDA:240,32,1,0
BRDA:245,33,0,0
BRDA:247,34,0,0
BRDA:246,35,0,0
BRDA:246,35,1,0
BRDA:252,36,0,0
BRDA:252,36,1,0
BRDA:264,37,0,0
BRDA:264,37,1,0
BRDA:275,38,0,0
BRDA:275,38,1,0
BRDA:276,39,0,0
BRDA:276,39,1,0
BRDA:284,40,0,0
BRDA:284,40,1,0
BRDA:298,41,0,0
BRDA:298,41,1,0
BRDA:299,42,0,0
BRDA:299,42,1,0
BRDA:302,43,0,0
BRDA:302,43,1,0
BRDA:313,44,0,0
BRDA:313,44,1,0
BRF:86
BRH:0
end_of_record
TN:
SF:components\services-section.tsx
FN:8,ServicesSection
FN:13,(anonymous_2)
FN:14,(anonymous_3)
FN:18,(anonymous_4)
FN:20,(anonymous_5)
FN:21,(anonymous_6)
FN:33,(anonymous_7)
FN:34,(anonymous_8)
FN:90,(anonymous_9)
FN:93,(anonymous_10)
FN:122,(anonymous_11)
FN:126,(anonymous_12)
FNF:12
FNH:0
FNDA:0,ServicesSection
FNDA:0,(anonymous_2)
FNDA:0,(anonymous_3)
FNDA:0,(anonymous_4)
FNDA:0,(anonymous_5)
FNDA:0,(anonymous_6)
FNDA:0,(anonymous_7)
FNDA:0,(anonymous_8)
FNDA:0,(anonymous_9)
FNDA:0,(anonymous_10)
FNDA:0,(anonymous_11)
FNDA:0,(anonymous_12)
DA:3,0
DA:4,0
DA:6,0
DA:8,0
DA:9,0
DA:10,0
DA:11,0
DA:13,0
DA:14,0
DA:15,0
DA:17,0
DA:19,0
DA:20,0
DA:21,0
DA:23,0
DA:29,0
DA:30,0
DA:33,0
DA:34,0
DA:38,0
DA:91,0
DA:93,0
DA:123,0
DA:128,0
DA:129,0
DA:130,0
LF:26
LH:0
BRDA:15,0,0,0
BRDA:15,0,1,0
BRDA:19,1,0,0
BRDA:19,1,1,0
BRDA:41,2,0,0
BRDA:41,2,1,0
BRDA:42,3,0,0
BRDA:42,3,1,0
BRDA:45,4,0,0
BRDA:45,4,1,0
BRDA:53,5,0,0
BRDA:53,5,1,0
BRDA:54,6,0,0
BRDA:54,6,1,0
BRDA:57,7,0,0
BRDA:57,7,1,0
BRDA:65,8,0,0
BRDA:65,8,1,0
BRDA:66,9,0,0
BRDA:66,9,1,0
BRDA:69,10,0,0
BRDA:69,10,1,0
BRDA:81,11,0,0
BRDA:81,11,1,0
BRDA:82,12,0,0
BRDA:82,12,1,0
BRDA:85,13,0,0
BRDA:85,13,1,0
BRDA:95,14,0,0
BRDA:95,14,1,0
BRDA:110,15,0,0
BRDA:110,15,1,0
BRDA:114,16,0,0
BRDA:114,16,1,0
BRDA:115,17,0,0
BRDA:115,17,1,0
BRDA:116,18,0,0
BRDA:116,18,1,0
BRDA:125,19,0,0
BRDA:125,19,1,0
BRDA:129,20,0,0
BRDA:129,20,1,0
BRF:42
BRH:0
end_of_record
TN:
SF:components\theme-provider.tsx
FN:9,ThemeProvider
FNF:1
FNH:0
FNDA:0,ThemeProvider
DA:3,0
DA:7,0
DA:9,0
LF:3
LH:0
BRF:0
BRH:0
end_of_record
TN:
SF:components\theme-toggle.tsx
FN:17,ThemeToggle
FN:22,(anonymous_5)
FN:44,(anonymous_6)
FNF:3
FNH:0
FNDA:0,ThemeToggle
FNDA:0,(anonymous_5)
FNDA:0,(anonymous_6)
DA:3,0
DA:4,0
DA:5,0
DA:6,0
DA:17,0
DA:18,0
DA:19,0
DA:22,0
DA:23,0
DA:26,0
DA:44,0
LF:11
LH:0
BRDA:26,0,0,0
BRDA:26,0,1,0
BRDA:44,1,0,0
BRDA:44,1,1,0
BRDA:46,2,0,0
BRDA:46,2,1,0
BRDA:49,3,0,0
BRF:7
BRH:0
end_of_record
TN:
SF:components\why-choose-us.tsx
FN:8,WhyChooseUs
FN:13,(anonymous_5)
FN:14,(anonymous_6)
FN:18,(anonymous_7)
FN:20,(anonymous_8)
FN:21,(anonymous_9)
FN:33,(anonymous_10)
FN:34,(anonymous_11)
FN:82,(anonymous_12)
FN:85,(anonymous_13)
FNF:10
FNH:0
FNDA:0,WhyChooseUs
FNDA:0,(anonymous_5)
FNDA:0,(anonymous_6)
FNDA:0,(anonymous_7)
FNDA:0,(anonymous_8)
FNDA:0,(anonymous_9)
FNDA:0,(anonymous_10)
FNDA:0,(anonymous_11)
FNDA:0,(anonymous_12)
FNDA:0,(anonymous_13)
DA:3,0
DA:4,0
DA:5,0
DA:8,0
DA:9,0
DA:10,0
DA:11,0
DA:13,0
DA:14,0
DA:15,0
DA:17,0
DA:19,0
DA:21,0
DA:23,0
DA:29,0
DA:30,0
DA:33,0
DA:34,0
DA:38,0
DA:83,0
DA:85,0
LF:21
LH:0
BRDA:15,0,0,0
BRDA:15,0,1,0
BRDA:19,1,0,0
BRDA:19,1,1,0
BRDA:41,2,0,0
BRDA:41,2,1,0
BRDA:42,3,0,0
BRDA:42,3,1,0
BRDA:48,4,0,0
BRDA:48,4,1,0
BRDA:49,5,0,0
BRDA:49,5,1,0
BRDA:55,6,0,0
BRDA:55,6,1,0
BRDA:56,7,0,0
BRDA:56,7,1,0
BRDA:62,8,0,0
BRDA:62,8,1,0
BRDA:63,9,0,0
BRDA:63,9,1,0
BRDA:73,10,0,0
BRDA:73,10,1,0
BRDA:74,11,0,0
BRDA:74,11,1,0
BRDA:77,12,0,0
BRDA:77,12,1,0
BRDA:87,13,0,0
BRDA:87,13,1,0
BRDA:99,14,0,0
BRDA:99,14,1,0
BRDA:102,15,0,0
BRDA:102,15,1,0
BRDA:103,16,0,0
BRDA:103,16,1,0
BRDA:104,17,0,0
BRDA:104,17,1,0
BRDA:105,18,0,0
BRDA:105,18,1,0
BRF:38
BRH:0
end_of_record
TN:
SF:components\layout\app-header.tsx
FN:23,AppHeader
FN:28,(anonymous_3)
FN:108,(anonymous_4)
FN:126,(anonymous_5)
FN:133,(anonymous_6)
FN:140,(anonymous_7)
FNF:6
FNH:0
FNDA:0,AppHeader
FNDA:0,(anonymous_3)
FNDA:0,(anonymous_4)
FNDA:0,(anonymous_5)
FNDA:0,(anonymous_6)
FNDA:0,(anonymous_7)
DA:3,0
DA:4,0
DA:5,0
DA:11,0
DA:19,0
DA:20,0
DA:21,0
DA:23,0
DA:24,0
DA:25,0
DA:26,0
DA:28,0
DA:29,0
DA:30,0
DA:31,0
DA:32,0
DA:34,0
DA:36,0
DA:108,0
DA:126,0
DA:133,0
DA:140,0
LF:22
LH:0
BRDA:98,0,0,0
BRDA:98,0,1,0
BRDA:111,1,0,0
BRDA:120,2,0,0
BRDA:151,3,0,0
BRDA:151,3,1,0
BRF:6
BRH:0
end_of_record
TN:
SF:components\notion\block\BlockContent.tsx
FN:46,BlockContent
FN:68,(anonymous_2)
FN:71,(anonymous_3)
FN:154,(anonymous_4)
FN:163,(anonymous_5)
FN:172,(anonymous_6)
FN:187,(anonymous_7)
FN:198,(anonymous_8)
FN:208,(anonymous_9)
FN:219,(anonymous_10)
FN:242,(anonymous_11)
FNF:11
FNH:0
FNDA:0,BlockContent
FNDA:0,(anonymous_2)
FNDA:0,(anonymous_3)
FNDA:0,(anonymous_4)
FNDA:0,(anonymous_5)
FNDA:0,(anonymous_6)
FNDA:0,(anonymous_7)
FNDA:0,(anonymous_8)
FNDA:0,(anonymous_9)
FNDA:0,(anonymous_10)
FNDA:0,(anonymous_11)
DA:3,0
DA:4,0
DA:5,0
DA:6,0
DA:7,0
DA:8,0
DA:9,0
DA:10,0
DA:24,0
DA:35,0
DA:46,0
DA:57,0
DA:58,0
DA:59,0
DA:60,0
DA:61,0
DA:62,0
DA:64,0
DA:65,0
DA:68,0
DA:69,0
DA:71,0
DA:72,0
DA:73,0
DA:76,0
DA:78,0
DA:80,0
DA:85,0
DA:87,0
DA:92,0
DA:94,0
DA:99,0
DA:101,0
DA:106,0
DA:108,0
DA:113,0
DA:115,0
DA:120,0
DA:122,0
DA:127,0
DA:129,0
DA:135,0
DA:138,0
DA:140,0
DA:141,0
DA:142,0
DA:144,0
DA:147,0
DA:148,0
DA:154,0
DA:155,0
DA:156,0
DA:158,0
DA:159,0
DA:160,0
DA:163,0
DA:164,0
DA:167,0
DA:172,0
DA:173,0
DA:174,0
DA:175,0
DA:178,0
DA:179,0
DA:182,0
DA:183,0
DA:187,0
DA:188,0
DA:189,0
DA:192,0
DA:193,0
DA:194,0
DA:198,0
DA:199,0
DA:200,0
DA:202,0
DA:203,0
DA:208,0
DA:209,0
DA:210,0
DA:211,0
DA:212,0
DA:213,0
DA:214,0
DA:219,0
DA:220,0
DA:237,0
DA:242,0
LF:88
LH:0
BRDA:53,0,0,0
BRDA:54,1,0,0
BRDA:55,2,0,0
BRDA:69,3,0,0
BRDA:69,3,1,0
BRDA:78,4,0,0
BRDA:78,4,1,0
BRDA:78,4,2,0
BRDA:78,4,3,0
BRDA:78,4,4,0
BRDA:78,4,5,0
BRDA:78,4,6,0
BRDA:78,4,7,0
BRDA:140,5,0,0
BRDA:140,5,1,0
BRDA:142,6,0,0
BRDA:142,6,1,0
BRDA:158,7,0,0
BRDA:158,7,1,0
BRDA:158,8,0,0
BRDA:158,8,1,0
BRDA:159,9,0,0
BRDA:159,9,1,0
BRDA:173,10,0,0
BRDA:173,10,1,0
BRDA:178,11,0,0
BRDA:178,11,1,0
BRDA:188,12,0,0
BRDA:188,12,1,0
BRDA:199,13,0,0
BRDA:199,13,1,0
BRDA:209,14,0,0
BRDA:209,14,1,0
BRDA:209,15,0,0
BRDA:209,15,1,0
BRDA:209,15,2,0
BRDA:212,16,0,0
BRDA:212,16,1,0
BRDA:220,17,0,0
BRDA:220,17,1,0
BRDA:229,18,0,0
BRDA:237,19,0,0
BRDA:237,19,1,0
BRDA:248,20,0,0
BRDA:248,20,1,0
BRDA:258,21,0,0
BRDA:266,22,0,0
BRDA:276,23,0,0
BRDA:293,24,0,0
BRDA:304,25,0,0
BRDA:304,25,1,0
BRDA:309,26,0,0
BRF:52
BRH:0
end_of_record
TN:
SF:components\notion\blocks\BlockRenderer.tsx
FN:28,BlockRenderer
FN:36,(anonymous_4)
FN:216,BlockListRenderer
FN:226,(anonymous_6)
FN:237,(anonymous_7)
FN:243,(anonymous_8)
FN:261,(anonymous_9)
FNF:7
FNH:0
FNDA:0,BlockRenderer
FNDA:0,(anonymous_4)
FNDA:0,BlockListRenderer
FNDA:0,(anonymous_6)
FNDA:0,(anonymous_7)
FNDA:0,(anonymous_8)
FNDA:0,(anonymous_9)
DA:4,0
DA:5,0
DA:6,0
DA:7,0
DA:18,0
DA:28,0
DA:36,0
DA:37,0
DA:216,0
DA:224,0
DA:226,0
DA:227,0
DA:228,0
DA:229,0
DA:231,0
DA:232,0
DA:238,0
DA:244,0
DA:262,0
LF:19
LH:0
BRDA:31,0,0,0
BRDA:32,1,0,0
BRDA:37,2,0,0
BRDA:37,2,1,0
BRDA:37,2,2,0
BRDA:37,2,3,0
BRDA:44,3,0,0
BRDA:44,3,1,0
BRDA:56,4,0,0
BRDA:56,4,1,0
BRDA:66,5,0,0
BRDA:66,5,1,0
BRDA:76,6,0,0
BRDA:76,6,1,0
BRDA:86,7,0,0
BRDA:86,7,1,0
BRDA:97,8,0,0
BRDA:97,8,1,0
BRDA:107,9,0,0
BRDA:107,9,1,0
BRDA:117,10,0,0
BRDA:117,10,1,0
BRDA:127,11,0,0
BRDA:127,11,1,0
BRDA:137,12,0,0
BRDA:137,12,1,0
BRDA:147,13,0,0
BRDA:147,13,1,0
BRDA:157,14,0,0
BRDA:157,14,1,0
BRDA:167,15,0,0
BRDA:167,15,1,0
BRDA:178,16,0,0
BRDA:178,16,1,0
BRDA:219,17,0,0
BRDA:220,18,0,0
BRDA:222,19,0,0
BRDA:224,20,0,0
BRDA:224,20,1,0
BRDA:228,21,0,0
BRDA:228,21,1,0
BRDA:249,22,0,0
BRDA:249,22,1,0
BRDA:267,23,0,0
BRDA:267,23,1,0
BRF:45
BRH:0
end_of_record
TN:
SF:components\notion\blocks\CodeBlock.tsx
FN:27,CodeBlock
FN:43,(anonymous_2)
FN:47,(anonymous_3)
FN:78,(anonymous_4)
FN:88,(anonymous_5)
FN:97,(anonymous_6)
FN:107,(anonymous_7)
FN:116,(anonymous_8)
FN:132,(anonymous_9)
FN:145,(anonymous_10)
FN:156,(anonymous_11)
FN:174,(anonymous_12)
FN:185,(anonymous_13)
FNF:13
FNH:0
FNDA:0,CodeBlock
FNDA:0,(anonymous_2)
FNDA:0,(anonymous_3)
FNDA:0,(anonymous_4)
FNDA:0,(anonymous_5)
FNDA:0,(anonymous_6)
FNDA:0,(anonymous_7)
FNDA:0,(anonymous_8)
FNDA:0,(anonymous_9)
FNDA:0,(anonymous_10)
FNDA:0,(anonymous_11)
FNDA:0,(anonymous_12)
FNDA:0,(anonymous_13)
DA:3,0
DA:4,0
DA:5,0
DA:6,0
DA:7,0
DA:8,0
DA:9,0
DA:10,0
DA:20,0
DA:27,0
DA:33,0
DA:34,0
DA:35,0
DA:36,0
DA:37,0
DA:38,0
DA:39,0
DA:40,0
DA:43,0
DA:44,0
DA:45,0
DA:47,0
DA:48,0
DA:49,0
DA:50,0
DA:52,0
DA:59,0
DA:61,0
DA:62,0
DA:63,0
DA:64,0
DA:66,0
DA:67,0
DA:70,0
DA:71,0
DA:72,0
DA:78,0
DA:79,0
DA:80,0
DA:82,0
DA:84,0
DA:85,0
DA:88,0
DA:89,0
DA:92,0
DA:97,0
DA:98,0
DA:99,0
DA:101,0
DA:103,0
DA:104,0
DA:107,0
DA:108,0
DA:111,0
DA:116,0
DA:117,0
DA:119,0
DA:120,0
DA:123,0
DA:124,0
DA:127,0
DA:128,0
DA:132,0
DA:133,0
DA:134,0
DA:137,0
DA:138,0
DA:139,0
DA:140,0
DA:141,0
DA:145,0
DA:146,0
DA:147,0
DA:149,0
DA:150,0
DA:151,0
DA:156,0
DA:157,0
DA:158,0
DA:159,0
DA:175,0
DA:185,0
LF:82
LH:0
BRDA:29,0,0,0
BRDA:30,1,0,0
BRDA:33,2,0,0
BRDA:33,2,1,0
BRDA:34,3,0,0
BRDA:34,3,1,0
BRDA:37,4,0,0
BRDA:37,4,1,0
BRDA:38,5,0,0
BRDA:38,5,1,0
BRDA:44,6,0,0
BRDA:44,6,1,0
BRDA:44,7,0,0
BRDA:44,7,1,0
BRDA:44,8,0,0
BRDA:44,8,1,0
BRDA:45,9,0,0
BRDA:45,9,1,0
BRDA:61,10,0,0
BRDA:61,10,1,0
BRDA:62,11,0,0
BRDA:62,11,1,0
BRDA:63,12,0,0
BRDA:63,12,1,0
BRDA:64,13,0,0
BRDA:64,13,1,0
BRDA:70,14,0,0
BRDA:70,14,1,0
BRDA:71,15,0,0
BRDA:71,15,1,0
BRDA:82,16,0,0
BRDA:82,16,1,0
BRDA:82,17,0,0
BRDA:82,17,1,0
BRDA:82,17,2,0
BRDA:82,18,0,0
BRDA:82,18,1,0
BRDA:83,19,0,0
BRDA:83,19,1,0
BRDA:84,20,0,0
BRDA:84,20,1,0
BRDA:101,21,0,0
BRDA:101,21,1,0
BRDA:101,22,0,0
BRDA:101,22,1,0
BRDA:101,22,2,0
BRDA:101,23,0,0
BRDA:101,23,1,0
BRDA:102,24,0,0
BRDA:102,24,1,0
BRDA:103,25,0,0
BRDA:103,25,1,0
BRDA:117,26,0,0
BRDA:117,26,1,0
BRDA:117,27,0,0
BRDA:117,27,1,0
BRDA:117,28,0,0
BRDA:117,28,1,0
BRDA:118,29,0,0
BRDA:118,29,1,0
BRDA:123,30,0,0
BRDA:123,30,1,0
BRDA:133,31,0,0
BRDA:133,31,1,0
BRDA:137,32,0,0
BRDA:137,32,1,0
BRDA:138,33,0,0
BRDA:138,33,1,0
BRDA:139,34,0,0
BRDA:139,34,1,0
BRDA:140,35,0,0
BRDA:140,35,1,0
BRDA:146,36,0,0
BRDA:146,36,1,0
BRDA:157,37,0,0
BRDA:157,37,1,0
BRDA:166,38,0,0
BRDA:200,39,0,0
BRDA:234,40,0,0
BRDA:239,41,0,0
BRDA:249,42,0,0
BRF:81
BRH:0
end_of_record
TN:
SF:components\notion\blocks\HeadingBlock.tsx
FN:31,HeadingBlock
FN:48,(anonymous_2)
FN:51,(anonymous_3)
FN:78,(anonymous_4)
FN:87,(anonymous_5)
FN:96,(anonymous_6)
FN:111,(anonymous_7)
FN:122,(anonymous_8)
FN:132,(anonymous_9)
FN:149,(anonymous_10)
FNF:10
FNH:0
FNDA:0,HeadingBlock
FNDA:0,(anonymous_2)
FNDA:0,(anonymous_3)
FNDA:0,(anonymous_4)
FNDA:0,(anonymous_5)
FNDA:0,(anonymous_6)
FNDA:0,(anonymous_7)
FNDA:0,(anonymous_8)
FNDA:0,(anonymous_9)
FNDA:0,(anonymous_10)
DA:3,0
DA:4,0
DA:5,0
DA:6,0
DA:7,0
DA:8,0
DA:9,0
DA:19,0
DA:25,0
DA:31,0
DA:37,0
DA:38,0
DA:39,0
DA:40,0
DA:41,0
DA:42,0
DA:44,0
DA:45,0
DA:48,0
DA:49,0
DA:51,0
DA:52,0
DA:53,0
DA:55,0
DA:61,0
DA:63,0
DA:64,0
DA:65,0
DA:67,0
DA:68,0
DA:71,0
DA:72,0
DA:78,0
DA:79,0
DA:80,0
DA:82,0
DA:83,0
DA:84,0
DA:87,0
DA:88,0
DA:91,0
DA:96,0
DA:97,0
DA:98,0
DA:99,0
DA:102,0
DA:103,0
DA:106,0
DA:107,0
DA:111,0
DA:112,0
DA:113,0
DA:116,0
DA:117,0
DA:118,0
DA:122,0
DA:123,0
DA:124,0
DA:126,0
DA:127,0
DA:132,0
DA:133,0
DA:134,0
DA:135,0
DA:136,0
DA:137,0
DA:138,0
DA:149,0
LF:68
LH:0
BRDA:33,0,0,0
BRDA:34,1,0,0
BRDA:37,2,0,0
BRDA:37,2,1,0
BRDA:40,3,0,0
BRDA:40,3,1,0
BRDA:49,4,0,0
BRDA:49,4,1,0
BRDA:49,5,0,0
BRDA:49,5,1,0
BRDA:63,6,0,0
BRDA:63,6,1,0
BRDA:64,7,0,0
BRDA:64,7,1,0
BRDA:65,8,0,0
BRDA:65,8,1,0
BRDA:71,9,0,0
BRDA:71,9,1,0
BRDA:82,10,0,0
BRDA:82,10,1,0
BRDA:82,11,0,0
BRDA:82,11,1,0
BRDA:82,12,0,0
BRDA:82,12,1,0
BRDA:83,13,0,0
BRDA:83,13,1,0
BRDA:97,14,0,0
BRDA:97,14,1,0
BRDA:97,15,0,0
BRDA:97,15,1,0
BRDA:102,16,0,0
BRDA:102,16,1,0
BRDA:112,17,0,0
BRDA:112,17,1,0
BRDA:116,18,0,0
BRDA:116,18,1,0
BRDA:117,19,0,0
BRDA:117,19,1,0
BRDA:123,20,0,0
BRDA:123,20,1,0
BRDA:133,21,0,0
BRDA:133,21,1,0
BRDA:136,22,0,0
BRDA:136,22,1,0
BRDA:145,23,0,0
BRDA:164,24,0,0
BRDA:190,25,0,0
BRDA:194,26,0,0
BRDA:204,27,0,0
BRF:49
BRH:0
end_of_record
TN:
SF:components\notion\blocks\ParagraphBlock.tsx
FN:19,ParagraphBlock
FN:33,(anonymous_2)
FN:36,(anonymous_3)
FN:63,(anonymous_4)
FN:72,(anonymous_5)
FN:81,(anonymous_6)
FN:96,(anonymous_7)
FN:107,(anonymous_8)
FN:117,(anonymous_9)
FN:133,(anonymous_10)
FNF:10
FNH:0
FNDA:0,ParagraphBlock
FNDA:0,(anonymous_2)
FNDA:0,(anonymous_3)
FNDA:0,(anonymous_4)
FNDA:0,(anonymous_5)
FNDA:0,(anonymous_6)
FNDA:0,(anonymous_7)
FNDA:0,(anonymous_8)
FNDA:0,(anonymous_9)
FNDA:0,(anonymous_10)
DA:3,0
DA:4,0
DA:5,0
DA:7,0
DA:8,0
DA:9,0
DA:19,0
DA:25,0
DA:26,0
DA:27,0
DA:28,0
DA:29,0
DA:30,0
DA:33,0
DA:34,0
DA:36,0
DA:37,0
DA:38,0
DA:40,0
DA:46,0
DA:48,0
DA:49,0
DA:50,0
DA:52,0
DA:53,0
DA:56,0
DA:57,0
DA:63,0
DA:64,0
DA:65,0
DA:67,0
DA:68,0
DA:69,0
DA:72,0
DA:73,0
DA:76,0
DA:81,0
DA:82,0
DA:83,0
DA:84,0
DA:87,0
DA:88,0
DA:91,0
DA:92,0
DA:96,0
DA:97,0
DA:98,0
DA:101,0
DA:102,0
DA:103,0
DA:107,0
DA:108,0
DA:109,0
DA:111,0
DA:112,0
DA:117,0
DA:118,0
DA:119,0
DA:120,0
DA:121,0
DA:122,0
DA:123,0
DA:133,0
LF:63
LH:0
BRDA:21,0,0,0
BRDA:22,1,0,0
BRDA:25,2,0,0
BRDA:25,2,1,0
BRDA:28,3,0,0
BRDA:28,3,1,0
BRDA:34,4,0,0
BRDA:34,4,1,0
BRDA:34,5,0,0
BRDA:34,5,1,0
BRDA:48,6,0,0
BRDA:48,6,1,0
BRDA:49,7,0,0
BRDA:49,7,1,0
BRDA:50,8,0,0
BRDA:50,8,1,0
BRDA:56,9,0,0
BRDA:56,9,1,0
BRDA:67,10,0,0
BRDA:67,10,1,0
BRDA:67,11,0,0
BRDA:67,11,1,0
BRDA:67,12,0,0
BRDA:67,12,1,0
BRDA:68,13,0,0
BRDA:68,13,1,0
BRDA:82,14,0,0
BRDA:82,14,1,0
BRDA:82,15,0,0
BRDA:82,15,1,0
BRDA:87,16,0,0
BRDA:87,16,1,0
BRDA:97,17,0,0
BRDA:97,17,1,0
BRDA:101,18,0,0
BRDA:101,18,1,0
BRDA:102,19,0,0
BRDA:102,19,1,0
BRDA:108,20,0,0
BRDA:108,20,1,0
BRDA:118,21,0,0
BRDA:118,21,1,0
BRDA:118,22,0,0
BRDA:118,22,1,0
BRDA:121,23,0,0
BRDA:121,23,1,0
BRDA:130,24,0,0
BRDA:148,25,0,0
BRDA:170,26,0,0
BRDA:174,27,0,0
BRDA:184,28,0,0
BRF:51
BRH:0
end_of_record
TN:
SF:components\notion\blocks\TodoBlock.tsx
FN:20,TodoBlock
FN:35,(anonymous_2)
FN:36,(anonymous_3)
FN:64,(anonymous_4)
FN:67,(anonymous_5)
FN:95,(anonymous_6)
FN:104,(anonymous_7)
FN:113,(anonymous_8)
FN:128,(anonymous_9)
FN:139,(anonymous_10)
FN:149,(anonymous_11)
FN:166,(anonymous_12)
FN:178,(anonymous_13)
FN:214,(anonymous_14)
FNF:14
FNH:0
FNDA:0,TodoBlock
FNDA:0,(anonymous_2)
FNDA:0,(anonymous_3)
FNDA:0,(anonymous_4)
FNDA:0,(anonymous_5)
FNDA:0,(anonymous_6)
FNDA:0,(anonymous_7)
FNDA:0,(anonymous_8)
FNDA:0,(anonymous_9)
FNDA:0,(anonymous_10)
FNDA:0,(anonymous_11)
FNDA:0,(anonymous_12)
FNDA:0,(anonymous_13)
FNDA:0,(anonymous_14)
DA:3,0
DA:4,0
DA:5,0
DA:6,0
DA:7,0
DA:8,0
DA:9,0
DA:20,0
DA:26,0
DA:27,0
DA:28,0
DA:29,0
DA:30,0
DA:31,0
DA:32,0
DA:35,0
DA:36,0
DA:37,0
DA:38,0
DA:40,0
DA:47,0
DA:49,0
DA:50,0
DA:51,0
DA:53,0
DA:54,0
DA:57,0
DA:58,0
DA:64,0
DA:65,0
DA:67,0
DA:68,0
DA:69,0
DA:71,0
DA:78,0
DA:80,0
DA:81,0
DA:82,0
DA:84,0
DA:85,0
DA:88,0
DA:89,0
DA:95,0
DA:96,0
DA:97,0
DA:99,0
DA:100,0
DA:101,0
DA:104,0
DA:105,0
DA:108,0
DA:113,0
DA:114,0
DA:115,0
DA:116,0
DA:119,0
DA:120,0
DA:123,0
DA:124,0
DA:128,0
DA:129,0
DA:130,0
DA:133,0
DA:134,0
DA:135,0
DA:139,0
DA:140,0
DA:141,0
DA:143,0
DA:144,0
DA:149,0
DA:150,0
DA:151,0
DA:152,0
DA:153,0
DA:154,0
DA:155,0
DA:166,0
DA:178,0
DA:214,0
LF:80
LH:0
BRDA:22,0,0,0
BRDA:23,1,0,0
BRDA:26,2,0,0
BRDA:26,2,1,0
BRDA:27,3,0,0
BRDA:27,3,1,0
BRDA:30,4,0,0
BRDA:30,4,1,0
BRDA:42,5,0,0
BRDA:42,5,1,0
BRDA:49,6,0,0
BRDA:49,6,1,0
BRDA:50,7,0,0
BRDA:50,7,1,0
BRDA:51,8,0,0
BRDA:51,8,1,0
BRDA:53,9,0,0
BRDA:53,9,1,0
BRDA:57,10,0,0
BRDA:57,10,1,0
BRDA:65,11,0,0
BRDA:65,11,1,0
BRDA:65,12,0,0
BRDA:65,12,1,0
BRDA:74,13,0,0
BRDA:74,13,1,0
BRDA:80,14,0,0
BRDA:80,14,1,0
BRDA:81,15,0,0
BRDA:81,15,1,0
BRDA:82,16,0,0
BRDA:82,16,1,0
BRDA:88,17,0,0
BRDA:88,17,1,0
BRDA:99,18,0,0
BRDA:99,18,1,0
BRDA:99,19,0,0
BRDA:99,19,1,0
BRDA:99,20,0,0
BRDA:99,20,1,0
BRDA:100,21,0,0
BRDA:100,21,1,0
BRDA:114,22,0,0
BRDA:114,22,1,0
BRDA:114,23,0,0
BRDA:114,23,1,0
BRDA:119,24,0,0
BRDA:119,24,1,0
BRDA:129,25,0,0
BRDA:129,25,1,0
BRDA:133,26,0,0
BRDA:133,26,1,0
BRDA:134,27,0,0
BRDA:134,27,1,0
BRDA:140,28,0,0
BRDA:140,28,1,0
BRDA:150,29,0,0
BRDA:150,29,1,0
BRDA:153,30,0,0
BRDA:153,30,1,0
BRDA:162,31,0,0
BRDA:171,32,0,0
BRDA:193,33,0,0
BRDA:219,34,0,0
BRDA:227,35,0,0
BRDA:227,35,1,0
BRDA:231,36,0,0
BRDA:235,37,0,0
BRDA:245,38,0,0
BRF:69
BRH:0
end_of_record
TN:
SF:components\notion\database\DatabaseTitle.tsx
FN:22,DatabaseTitle
FN:40,(anonymous_2)
FN:43,(anonymous_3)
FN:62,(anonymous_4)
FN:71,(anonymous_5)
FN:80,(anonymous_6)
FN:95,(anonymous_7)
FN:106,(anonymous_8)
FN:116,(anonymous_9)
FN:133,(anonymous_10)
FNF:10
FNH:0
FNDA:0,DatabaseTitle
FNDA:0,(anonymous_2)
FNDA:0,(anonymous_3)
FNDA:0,(anonymous_4)
FNDA:0,(anonymous_5)
FNDA:0,(anonymous_6)
FNDA:0,(anonymous_7)
FNDA:0,(anonymous_8)
FNDA:0,(anonymous_9)
FNDA:0,(anonymous_10)
DA:3,0
DA:4,0
DA:5,0
DA:6,0
DA:7,0
DA:8,0
DA:9,0
DA:22,0
DA:32,0
DA:33,0
DA:34,0
DA:35,0
DA:36,0
DA:37,0
DA:40,0
DA:41,0
DA:43,0
DA:44,0
DA:45,0
DA:46,0
DA:48,0
DA:49,0
DA:50,0
DA:52,0
DA:55,0
DA:56,0
DA:62,0
DA:63,0
DA:64,0
DA:66,0
DA:67,0
DA:68,0
DA:71,0
DA:72,0
DA:75,0
DA:80,0
DA:81,0
DA:82,0
DA:83,0
DA:86,0
DA:87,0
DA:90,0
DA:91,0
DA:95,0
DA:96,0
DA:97,0
DA:100,0
DA:101,0
DA:102,0
DA:106,0
DA:107,0
DA:108,0
DA:110,0
DA:111,0
DA:116,0
DA:117,0
DA:118,0
DA:119,0
DA:120,0
DA:121,0
DA:122,0
DA:133,0
LF:62
LH:0
BRDA:26,0,0,0
BRDA:27,1,0,0
BRDA:28,2,0,0
BRDA:29,3,0,0
BRDA:30,4,0,0
BRDA:41,5,0,0
BRDA:41,5,1,0
BRDA:48,6,0,0
BRDA:48,6,1,0
BRDA:50,7,0,0
BRDA:50,7,1,0
BRDA:66,8,0,0
BRDA:66,8,1,0
BRDA:66,9,0,0
BRDA:66,9,1,0
BRDA:67,10,0,0
BRDA:67,10,1,0
BRDA:81,11,0,0
BRDA:81,11,1,0
BRDA:86,12,0,0
BRDA:86,12,1,0
BRDA:96,13,0,0
BRDA:96,13,1,0
BRDA:107,14,0,0
BRDA:107,14,1,0
BRDA:117,15,0,0
BRDA:117,15,1,0
BRDA:120,16,0,0
BRDA:120,16,1,0
BRDA:129,17,0,0
BRDA:130,18,0,0
BRDA:149,19,0,0
BRDA:167,20,0,0
BRDA:172,21,0,0
BRDA:172,21,1,0
BRDA:182,22,0,0
BRDA:188,23,0,0
BRF:37
BRH:0
end_of_record
TN:
SF:components\notion\database\FilterPanel.tsx
FN:78,(anonymous_4)
FN:150,(anonymous_5)
FN:166,FilterPanel
FN:201,(anonymous_7)
FN:208,(anonymous_8)
FN:209,(anonymous_9)
FN:210,(anonymous_10)
FN:220,(anonymous_11)
FN:231,(anonymous_12)
FN:238,(anonymous_13)
FN:242,(anonymous_14)
FN:243,(anonymous_15)
FN:256,(anonymous_16)
FN:265,(anonymous_17)
FN:284,(anonymous_18)
FN:292,(anonymous_19)
FN:312,(anonymous_20)
FN:317,(anonymous_21)
FN:328,(anonymous_22)
FN:336,(anonymous_23)
FN:353,(anonymous_24)
FN:362,(anonymous_25)
FN:373,(anonymous_27)
FN:392,(anonymous_28)
FN:394,(anonymous_29)
FN:403,(anonymous_30)
FN:418,(anonymous_31)
FN:420,(anonymous_32)
FN:465,(anonymous_35)
FN:489,(anonymous_36)
FN:542,(anonymous_37)
FN:561,(anonymous_38)
FN:566,(anonymous_39)
FNF:33
FNH:0
FNDA:0,(anonymous_4)
FNDA:0,(anonymous_5)
FNDA:0,FilterPanel
FNDA:0,(anonymous_7)
FNDA:0,(anonymous_8)
FNDA:0,(anonymous_9)
FNDA:0,(anonymous_10)
FNDA:0,(anonymous_11)
FNDA:0,(anonymous_12)
FNDA:0,(anonymous_13)
FNDA:0,(anonymous_14)
FNDA:0,(anonymous_15)
FNDA:0,(anonymous_16)
FNDA:0,(anonymous_17)
FNDA:0,(anonymous_18)
FNDA:0,(anonymous_19)
FNDA:0,(anonymous_20)
FNDA:0,(anonymous_21)
FNDA:0,(anonymous_22)
FNDA:0,(anonymous_23)
FNDA:0,(anonymous_24)
FNDA:0,(anonymous_25)
FNDA:0,(anonymous_27)
FNDA:0,(anonymous_28)
FNDA:0,(anonymous_29)
FNDA:0,(anonymous_30)
FNDA:0,(anonymous_31)
FNDA:0,(anonymous_32)
FNDA:0,(anonymous_35)
FNDA:0,(anonymous_36)
FNDA:0,(anonymous_37)
FNDA:0,(anonymous_38)
FNDA:0,(anonymous_39)
DA:3,0
DA:4,0
DA:5,0
DA:6,0
DA:7,0
DA:8,0
DA:9,0
DA:10,0
DA:11,0
DA:12,0
DA:13,0
DA:14,0
DA:15,0
DA:16,0
DA:34,0
DA:35,0
DA:39,0
DA:54,0
DA:59,0
DA:78,0
DA:79,0
DA:82,0
DA:91,0
DA:103,0
DA:110,0
DA:126,0
DA:133,0
DA:140,0
DA:150,0
DA:151,0
DA:152,0
DA:153,0
DA:154,0
DA:155,0
DA:156,0
DA:157,0
DA:158,0
DA:159,0
DA:160,0
DA:161,0
DA:162,0
DA:166,0
DA:176,0
DA:177,0
DA:178,0
DA:180,0
DA:190,0
DA:195,0
DA:201,0
DA:208,0
DA:209,0
DA:210,0
DA:216,0
DA:220,0
DA:221,0
DA:227,0
DA:231,0
DA:234,0
DA:238,0
DA:239,0
DA:241,0
DA:242,0
DA:243,0
DA:250,0
DA:251,0
DA:252,0
DA:256,0
DA:257,0
DA:265,0
DA:266,0
DA:284,0
DA:292,0
DA:313,0
DA:317,0
DA:329,0
DA:336,0
DA:353,0
DA:363,0
DA:374,0
DA:375,0
DA:393,0
DA:394,0
DA:395,0
DA:404,0
DA:419,0
DA:420,0
DA:421,0
DA:424,0
DA:426,0
DA:427,0
DA:430,0
DA:448,0
DA:465,0
DA:489,0
DA:542,0
DA:561,0
DA:566,0
LF:97
LH:0
BRDA:79,0,0,0
BRDA:79,0,1,0
BRDA:79,0,2,0
BRDA:79,0,3,0
BRDA:79,0,4,0
BRDA:79,0,5,0
BRDA:79,0,6,0
BRDA:79,0,7,0
BRDA:79,0,8,0
BRDA:79,0,9,0
BRDA:79,0,10,0
BRDA:151,1,0,0
BRDA:151,1,1,0
BRDA:151,1,2,0
BRDA:151,1,3,0
BRDA:151,1,4,0
BRDA:151,1,5,0
BRDA:151,1,6,0
BRDA:151,1,7,0
BRDA:151,1,8,0
BRDA:151,1,9,0
BRDA:151,1,10,0
BRDA:171,2,0,0
BRDA:173,3,0,0
BRDA:174,4,0,0
BRDA:203,5,0,0
BRDA:203,5,1,0
BRDA:213,6,0,0
BRDA:213,6,1,0
BRDA:213,6,2,0
BRDA:239,7,0,0
BRDA:239,7,1,0
BRDA:246,8,0,0
BRDA:246,8,1,0
BRDA:246,8,2,0
BRDA:286,9,0,0
BRDA:286,9,1,0
BRDA:288,10,0,0
BRDA:308,11,0,0
BRDA:308,11,1,0
BRDA:333,12,0,0
BRDA:348,13,0,0
BRDA:394,14,0,0
BRDA:394,14,1,0
BRDA:420,15,0,0
BRDA:420,15,1,0
BRDA:426,16,0,0
BRDA:426,16,1,0
BRDA:430,17,0,0
BRDA:430,17,1,0
BRDA:438,18,0,0
BRDA:438,18,1,0
BRDA:448,19,0,0
BRDA:448,19,1,0
BRDA:458,20,0,0
BRDA:458,20,1,0
BRDA:464,21,0,0
BRDA:464,21,1,0
BRDA:511,22,0,0
BRDA:548,23,0,0
BRF:60
BRH:0
end_of_record
TN:
SF:components\notion\interactions\DndProvider.tsx
FN:36,DndProvider
FN:58,(anonymous_5)
FN:60,(anonymous_6)
FN:67,(anonymous_7)
FN:73,(anonymous_8)
FN:88,(anonymous_9)
FN:89,(anonymous_10)
FN:105,(anonymous_11)
FN:121,(anonymous_12)
FN:156,DropZone
FN:184,DraggableBlockWrapper
FNF:11
FNH:0
FNDA:0,DndProvider
FNDA:0,(anonymous_5)
FNDA:0,(anonymous_6)
FNDA:0,(anonymous_7)
FNDA:0,(anonymous_8)
FNDA:0,(anonymous_9)
FNDA:0,(anonymous_10)
FNDA:0,(anonymous_11)
FNDA:0,(anonymous_12)
FNDA:0,DropZone
FNDA:0,DraggableBlockWrapper
DA:3,0
DA:4,0
DA:17,0
DA:23,0
DA:24,0
DA:26,0
DA:36,0
DA:43,0
DA:44,0
DA:46,0
DA:58,0
DA:59,0
DA:60,0
DA:61,0
DA:62,0
DA:67,0
DA:68,0
DA:69,0
DA:73,0
DA:74,0
DA:76,0
DA:77,0
DA:79,0
DA:81,0
DA:82,0
DA:84,0
DA:87,0
DA:88,0
DA:89,0
DA:91,0
DA:92,0
DA:93,0
DA:98,0
DA:99,0
DA:100,0
DA:105,0
DA:106,0
DA:107,0
DA:121,0
DA:156,0
DA:184,0
LF:41
LH:0
BRDA:61,0,0,0
BRDA:61,0,1,0
BRDA:69,1,0,0
BRDA:69,1,1,0
BRDA:79,2,0,0
BRDA:79,2,1,0
BRDA:84,3,0,0
BRDA:84,3,1,0
BRDA:87,4,0,0
BRDA:87,4,1,0
BRDA:91,5,0,0
BRDA:91,5,1,0
BRDA:91,6,0,0
BRDA:91,6,1,0
BRDA:98,7,0,0
BRDA:98,7,1,0
BRDA:131,8,0,0
BRDA:131,8,1,0
BRDA:162,9,0,0
BRDA:162,9,1,0
BRDA:192,10,0,0
BRDA:193,11,0,0
BRDA:199,12,0,0
BRDA:199,12,1,0
BRDA:200,13,0,0
BRDA:200,13,1,0
BRDA:201,14,0,0
BRDA:201,14,1,0
BRDA:202,15,0,0
BRDA:202,15,1,0
BRF:30
BRH:0
end_of_record
TN:
SF:components\notion\interactions\DraggableBlock.tsx
FN:37,DraggableBlock
FN:80,(anonymous_4)
FN:86,(anonymous_5)
FN:87,(anonymous_6)
FN:88,(anonymous_7)
FN:89,(anonymous_8)
FN:101,(anonymous_9)
FN:102,(anonymous_10)
FN:202,(anonymous_11)
FN:208,(anonymous_12)
FN:209,(anonymous_13)
FN:210,(anonymous_14)
FN:211,(anonymous_15)
FN:212,(anonymous_16)
FN:245,DraggableBlockList
FN:259,(anonymous_18)
FN:265,(anonymous_19)
FN:270,(anonymous_20)
FN:283,(anonymous_21)
FN:292,(anonymous_22)
FN:293,(anonymous_23)
FN:306,(anonymous_24)
FN:312,(anonymous_25)
FN:313,(anonymous_26)
FN:314,(anonymous_27)
FN:315,(anonymous_28)
FN:316,(anonymous_29)
FNF:27
FNH:0
FNDA:0,DraggableBlock
FNDA:0,(anonymous_4)
FNDA:0,(anonymous_5)
FNDA:0,(anonymous_6)
FNDA:0,(anonymous_7)
FNDA:0,(anonymous_8)
FNDA:0,(anonymous_9)
FNDA:0,(anonymous_10)
FNDA:0,(anonymous_11)
FNDA:0,(anonymous_12)
FNDA:0,(anonymous_13)
FNDA:0,(anonymous_14)
FNDA:0,(anonymous_15)
FNDA:0,(anonymous_16)
FNDA:0,DraggableBlockList
FNDA:0,(anonymous_18)
FNDA:0,(anonymous_19)
FNDA:0,(anonymous_20)
FNDA:0,(anonymous_21)
FNDA:0,(anonymous_22)
FNDA:0,(anonymous_23)
FNDA:0,(anonymous_24)
FNDA:0,(anonymous_25)
FNDA:0,(anonymous_26)
FNDA:0,(anonymous_27)
FNDA:0,(anonymous_28)
FNDA:0,(anonymous_29)
DA:3,0
DA:4,0
DA:5,0
DA:6,0
DA:7,0
DA:8,0
DA:9,0
DA:18,0
DA:20,0
DA:37,0
DA:51,0
DA:52,0
DA:53,0
DA:62,0
DA:70,0
DA:74,0
DA:80,0
DA:81,0
DA:82,0
DA:86,0
DA:87,0
DA:88,0
DA:89,0
DA:101,0
DA:102,0
DA:203,0
DA:245,0
DA:256,0
DA:259,0
DA:260,0
DA:261,0
DA:262,0
DA:265,0
DA:266,0
DA:270,0
DA:271,0
DA:272,0
DA:273,0
DA:274,0
DA:276,0
DA:278,0
DA:283,0
DA:289,0
DA:292,0
DA:293,0
DA:294,0
DA:295,0
DA:296,0
DA:298,0
DA:300,0
DA:307,0
DA:312,0
LF:52
LH:0
BRDA:40,0,0,0
BRDA:46,1,0,0
BRDA:48,2,0,0
BRDA:49,3,0,0
BRDA:97,4,0,0
BRDA:97,4,1,0
BRDA:98,5,0,0
BRDA:98,5,1,0
BRDA:106,6,0,0
BRDA:106,6,1,0
BRDA:107,7,0,0
BRDA:107,7,1,0
BRDA:126,8,0,0
BRDA:134,9,0,0
BRDA:150,10,0,0
BRDA:150,10,1,0
BRDA:150,10,2,0
BRDA:200,11,0,0
BRDA:200,11,1,0
BRDA:208,12,0,0
BRDA:208,12,1,0
BRDA:209,13,0,0
BRDA:209,13,1,0
BRDA:210,14,0,0
BRDA:210,14,1,0
BRDA:211,15,0,0
BRDA:211,15,1,0
BRDA:212,16,0,0
BRDA:212,16,1,0
BRDA:225,17,0,0
BRDA:225,17,1,0
BRDA:253,18,0,0
BRDA:254,19,0,0
BRDA:271,20,0,0
BRDA:271,20,1,0
BRDA:273,21,0,0
BRDA:273,21,1,0
BRDA:285,22,0,0
BRDA:285,22,1,0
BRDA:295,23,0,0
BRDA:295,23,1,0
BRDA:313,24,0,0
BRDA:313,24,1,0
BRDA:314,25,0,0
BRDA:314,25,1,0
BRDA:315,26,0,0
BRDA:315,26,1,0
BRDA:316,27,0,0
BRDA:316,27,1,0
BRF:49
BRH:0
end_of_record
TN:
SF:components\notion\page\PageProperty.tsx
FN:33,PageProperty
FN:55,(anonymous_2)
FN:67,(anonymous_3)
FN:82,(anonymous_4)
FN:99,(anonymous_5)
FN:121,(anonymous_6)
FN:124,(anonymous_7)
FN:144,(anonymous_8)
FN:153,(anonymous_9)
FN:162,(anonymous_10)
FN:177,(anonymous_11)
FN:188,(anonymous_12)
FN:198,(anonymous_13)
FN:209,(anonymous_14)
FN:229,(anonymous_15)
FN:239,(anonymous_16)
FN:252,(anonymous_17)
FN:266,(anonymous_18)
FN:280,(anonymous_19)
FN:291,(anonymous_20)
FN:292,(anonymous_21)
FN:300,(anonymous_22)
FN:305,(anonymous_23)
FN:307,(anonymous_24)
FN:307,(anonymous_25)
FN:347,(anonymous_26)
FN:361,(anonymous_27)
FN:372,(anonymous_28)
FNF:28
FNH:0
FNDA:0,PageProperty
FNDA:0,(anonymous_2)
FNDA:0,(anonymous_3)
FNDA:0,(anonymous_4)
FNDA:0,(anonymous_5)
FNDA:0,(anonymous_6)
FNDA:0,(anonymous_7)
FNDA:0,(anonymous_8)
FNDA:0,(anonymous_9)
FNDA:0,(anonymous_10)
FNDA:0,(anonymous_11)
FNDA:0,(anonymous_12)
FNDA:0,(anonymous_13)
FNDA:0,(anonymous_14)
FNDA:0,(anonymous_15)
FNDA:0,(anonymous_16)
FNDA:0,(anonymous_17)
FNDA:0,(anonymous_18)
FNDA:0,(anonymous_19)
FNDA:0,(anonymous_20)
FNDA:0,(anonymous_21)
FNDA:0,(anonymous_22)
FNDA:0,(anonymous_23)
FNDA:0,(anonymous_24)
FNDA:0,(anonymous_25)
FNDA:0,(anonymous_26)
FNDA:0,(anonymous_27)
FNDA:0,(anonymous_28)
DA:3,0
DA:4,0
DA:5,0
DA:6,0
DA:7,0
DA:8,0
DA:9,0
DA:10,0
DA:11,0
DA:12,0
DA:13,0
DA:14,0
DA:15,0
DA:33,0
DA:47,0
DA:48,0
DA:49,0
DA:50,0
DA:51,0
DA:52,0
DA:55,0
DA:56,0
DA:58,0
DA:61,0
DA:63,0
DA:65,0
DA:67,0
DA:69,0
DA:71,0
DA:75,0
DA:77,0
DA:82,0
DA:83,0
DA:86,0
DA:90,0
DA:94,0
DA:98,0
DA:99,0
DA:102,0
DA:106,0
DA:112,0
DA:116,0
DA:121,0
DA:122,0
DA:124,0
DA:125,0
DA:126,0
DA:127,0
DA:128,0
DA:130,0
DA:131,0
DA:132,0
DA:134,0
DA:137,0
DA:138,0
DA:144,0
DA:145,0
DA:146,0
DA:148,0
DA:149,0
DA:150,0
DA:153,0
DA:154,0
DA:157,0
DA:162,0
DA:163,0
DA:164,0
DA:165,0
DA:168,0
DA:169,0
DA:172,0
DA:173,0
DA:177,0
DA:178,0
DA:179,0
DA:182,0
DA:183,0
DA:184,0
DA:188,0
DA:189,0
DA:190,0
DA:192,0
DA:193,0
DA:198,0
DA:199,0
DA:200,0
DA:201,0
DA:202,0
DA:203,0
DA:204,0
DA:209,0
DA:210,0
DA:223,0
DA:229,0
DA:239,0
DA:252,0
DA:267,0
DA:281,0
DA:282,0
DA:291,0
DA:293,0
DA:301,0
DA:305,0
DA:307,0
DA:347,0
DA:361,0
DA:372,0
LF:107
LH:0
BRDA:41,0,0,0
BRDA:43,1,0,0
BRDA:44,2,0,0
BRDA:45,3,0,0
BRDA:56,4,0,0
BRDA:56,4,1,0
BRDA:58,5,0,0
BRDA:58,5,1,0
BRDA:58,5,2,0
BRDA:58,5,3,0
BRDA:58,5,4,0
BRDA:58,5,5,0
BRDA:58,5,6,0
BRDA:58,5,7,0
BRDA:58,5,8,0
BRDA:58,5,9,0
BRDA:58,5,10,0
BRDA:61,6,0,0
BRDA:61,6,1,0
BRDA:61,7,0,0
BRDA:61,7,1,0
BRDA:65,8,0,0
BRDA:65,8,1,0
BRDA:67,9,0,0
BRDA:67,9,1,0
BRDA:69,10,0,0
BRDA:69,10,1,0
BRDA:71,11,0,0
BRDA:71,11,1,0
BRDA:75,12,0,0
BRDA:75,12,1,0
BRDA:77,13,0,0
BRDA:77,13,1,0
BRDA:83,14,0,0
BRDA:83,14,1,0
BRDA:83,14,2,0
BRDA:83,14,3,0
BRDA:83,14,4,0
BRDA:83,14,5,0
BRDA:83,14,6,0
BRDA:83,14,7,0
BRDA:83,14,8,0
BRDA:83,14,9,0
BRDA:83,14,10,0
BRDA:91,15,0,0
BRDA:91,15,1,0
BRDA:122,16,0,0
BRDA:122,16,1,0
BRDA:130,17,0,0
BRDA:130,17,1,0
BRDA:132,18,0,0
BRDA:132,18,1,0
BRDA:148,19,0,0
BRDA:148,19,1,0
BRDA:148,20,0,0
BRDA:148,20,1,0
BRDA:149,21,0,0
BRDA:149,21,1,0
BRDA:163,22,0,0
BRDA:163,22,1,0
BRDA:168,23,0,0
BRDA:168,23,1,0
BRDA:178,24,0,0
BRDA:178,24,1,0
BRDA:189,25,0,0
BRDA:189,25,1,0
BRDA:199,26,0,0
BRDA:199,26,1,0
BRDA:199,27,0,0
BRDA:199,27,1,0
BRDA:202,28,0,0
BRDA:202,28,1,0
BRDA:210,29,0,0
BRDA:210,29,1,0
BRDA:216,30,0,0
BRDA:223,31,0,0
BRDA:223,31,1,0
BRDA:223,31,2,0
BRDA:227,32,0,0
BRDA:252,33,0,0
BRDA:252,33,1,0
BRDA:281,34,0,0
BRDA:281,34,1,0
BRDA:281,35,0,0
BRDA:281,35,1,0
BRDA:305,36,0,0
BRDA:305,36,1,0
BRDA:326,37,0,0
BRDA:326,37,1,0
BRDA:340,38,0,0
BRDA:340,38,1,0
BRDA:346,39,0,0
BRDA:346,39,1,0
BRDA:359,40,0,0
BRDA:359,40,1,0
BRDA:359,41,0,0
BRDA:359,41,1,0
BRDA:383,42,0,0
BRDA:386,43,0,0
BRDA:395,44,0,0
BRDA:405,45,0,0
BRDA:422,46,0,0
BRDA:433,47,0,0
BRDA:433,47,1,0
BRDA:438,48,0,0
BRDA:438,48,1,0
BRDA:440,49,0,0
BRDA:440,49,1,0
BRF:108
BRH:0
end_of_record
TN:
SF:components\notion\page\PageTitle.tsx
FN:22,PageTitle
FN:40,(anonymous_2)
FN:43,(anonymous_3)
FN:63,(anonymous_4)
FN:74,(anonymous_5)
FN:83,(anonymous_6)
FN:98,(anonymous_7)
FN:109,(anonymous_8)
FN:119,(anonymous_9)
FN:135,(anonymous_10)
FNF:10
FNH:0
FNDA:0,PageTitle
FNDA:0,(anonymous_2)
FNDA:0,(anonymous_3)
FNDA:0,(anonymous_4)
FNDA:0,(anonymous_5)
FNDA:0,(anonymous_6)
FNDA:0,(anonymous_7)
FNDA:0,(anonymous_8)
FNDA:0,(anonymous_9)
FNDA:0,(anonymous_10)
DA:3,0
DA:4,0
DA:5,0
DA:6,0
DA:7,0
DA:8,0
DA:9,0
DA:22,0
DA:32,0
DA:33,0
DA:34,0
DA:35,0
DA:36,0
DA:37,0
DA:40,0
DA:41,0
DA:43,0
DA:44,0
DA:45,0
DA:46,0
DA:48,0
DA:50,0
DA:51,0
DA:53,0
DA:56,0
DA:57,0
DA:63,0
DA:64,0
DA:65,0
DA:67,0
DA:69,0
DA:70,0
DA:74,0
DA:75,0
DA:78,0
DA:83,0
DA:84,0
DA:85,0
DA:86,0
DA:89,0
DA:90,0
DA:93,0
DA:94,0
DA:98,0
DA:99,0
DA:100,0
DA:103,0
DA:104,0
DA:105,0
DA:109,0
DA:110,0
DA:111,0
DA:113,0
DA:114,0
DA:119,0
DA:120,0
DA:121,0
DA:122,0
DA:123,0
DA:124,0
DA:125,0
DA:135,0
LF:62
LH:0
BRDA:26,0,0,0
BRDA:27,1,0,0
BRDA:28,2,0,0
BRDA:29,3,0,0
BRDA:30,4,0,0
BRDA:41,5,0,0
BRDA:41,5,1,0
BRDA:48,6,0,0
BRDA:48,6,1,0
BRDA:51,7,0,0
BRDA:51,7,1,0
BRDA:67,8,0,0
BRDA:67,8,1,0
BRDA:67,9,0,0
BRDA:67,9,1,0
BRDA:69,10,0,0
BRDA:69,10,1,0
BRDA:84,11,0,0
BRDA:84,11,1,0
BRDA:89,12,0,0
BRDA:89,12,1,0
BRDA:99,13,0,0
BRDA:99,13,1,0
BRDA:110,14,0,0
BRDA:110,14,1,0
BRDA:120,15,0,0
BRDA:120,15,1,0
BRDA:123,16,0,0
BRDA:123,16,1,0
BRDA:132,17,0,0
BRDA:151,18,0,0
BRDA:173,19,0,0
BRDA:173,19,1,0
BRDA:175,20,0,0
BRDA:185,21,0,0
BRDA:191,22,0,0
BRF:36
BRH:0
end_of_record
TN:
SF:components\notion\performance\VirtualizedBlockList.tsx
FN:38,VirtualBlockItem
FN:49,(anonymous_5)
FN:50,(anonymous_6)
FN:51,(anonymous_7)
FN:52,(anonymous_8)
FN:60,VirtualizedBlockList
FN:76,(anonymous_10)
FN:81,(anonymous_11)
FN:88,(anonymous_12)
FN:105,(anonymous_13)
FN:108,(anonymous_14)
FN:111,(anonymous_15)
FN:121,(anonymous_16)
FN:138,(anonymous_17)
FN:143,(anonymous_18)
FN:186,VirtuosoBlockList
FN:201,(anonymous_21)
FN:205,(anonymous_22)
FN:211,(anonymous_23)
FN:227,(anonymous_24)
FN:230,(anonymous_25)
FN:233,(anonymous_26)
FN:243,(anonymous_27)
FN:270,(anonymous_28)
FN:275,(anonymous_29)
FN:321,InfiniteVirtualizedList
FN:332,(anonymous_32)
FNF:27
FNH:0
FNDA:0,VirtualBlockItem
FNDA:0,(anonymous_5)
FNDA:0,(anonymous_6)
FNDA:0,(anonymous_7)
FNDA:0,(anonymous_8)
FNDA:0,VirtualizedBlockList
FNDA:0,(anonymous_10)
FNDA:0,(anonymous_11)
FNDA:0,(anonymous_12)
FNDA:0,(anonymous_13)
FNDA:0,(anonymous_14)
FNDA:0,(anonymous_15)
FNDA:0,(anonymous_16)
FNDA:0,(anonymous_17)
FNDA:0,(anonymous_18)
FNDA:0,VirtuosoBlockList
FNDA:0,(anonymous_21)
FNDA:0,(anonymous_22)
FNDA:0,(anonymous_23)
FNDA:0,(anonymous_24)
FNDA:0,(anonymous_25)
FNDA:0,(anonymous_26)
FNDA:0,(anonymous_27)
FNDA:0,(anonymous_28)
FNDA:0,(anonymous_29)
FNDA:0,InfiniteVirtualizedList
FNDA:0,(anonymous_32)
DA:3,0
DA:5,0
DA:6,0
DA:9,0
DA:39,0
DA:40,0
DA:42,0
DA:60,0
DA:72,0
DA:73,0
DA:76,0
DA:77,0
DA:80,0
DA:81,0
DA:82,0
DA:83,0
DA:88,0
DA:89,0
DA:91,0
DA:93,0
DA:95,0
DA:97,0
DA:101,0
DA:105,0
DA:106,0
DA:107,0
DA:109,0
DA:110,0
DA:111,0
DA:112,0
DA:115,0
DA:121,0
DA:138,0
DA:143,0
DA:186,0
DA:197,0
DA:198,0
DA:201,0
DA:202,0
DA:204,0
DA:205,0
DA:206,0
DA:207,0
DA:211,0
DA:212,0
DA:214,0
DA:216,0
DA:218,0
DA:220,0
DA:224,0
DA:227,0
DA:228,0
DA:229,0
DA:231,0
DA:232,0
DA:233,0
DA:234,0
DA:237,0
DA:243,0
DA:244,0
DA:245,0
DA:270,0
DA:275,0
DA:321,0
DA:332,0
DA:333,0
DA:334,0
LF:67
LH:0
BRDA:42,0,0,0
BRDA:42,0,1,0
BRDA:49,1,0,0
BRDA:49,1,1,0
BRDA:50,2,0,0
BRDA:50,2,1,0
BRDA:51,3,0,0
BRDA:51,3,1,0
BRDA:52,4,0,0
BRDA:52,4,1,0
BRDA:53,5,0,0
BRDA:53,5,1,0
BRDA:62,6,0,0
BRDA:63,7,0,0
BRDA:65,8,0,0
BRDA:80,9,0,0
BRDA:80,9,1,0
BRDA:89,10,0,0
BRDA:89,10,1,0
BRDA:89,10,2,0
BRDA:89,10,3,0
BRDA:106,11,0,0
BRDA:106,11,1,0
BRDA:109,12,0,0
BRDA:109,12,1,0
BRDA:110,13,0,0
BRDA:110,13,1,0
BRDA:112,14,0,0
BRDA:112,14,1,0
BRDA:112,15,0,0
BRDA:112,15,1,0
BRDA:188,16,0,0
BRDA:190,17,0,0
BRDA:204,18,0,0
BRDA:204,18,1,0
BRDA:212,19,0,0
BRDA:212,19,1,0
BRDA:212,19,2,0
BRDA:212,19,3,0
BRDA:228,20,0,0
BRDA:228,20,1,0
BRDA:231,21,0,0
BRDA:231,21,1,0
BRDA:232,22,0,0
BRDA:232,22,1,0
BRDA:234,23,0,0
BRDA:234,23,1,0
BRDA:234,24,0,0
BRDA:234,24,1,0
BRDA:245,25,0,0
BRDA:245,25,1,0
BRDA:256,26,0,0
BRDA:256,26,1,0
BRDA:325,27,0,0
BRDA:334,28,0,0
BRDA:334,28,1,0
BRDA:356,29,0,0
BRDA:356,29,1,0
BRDA:362,30,0,0
BRF:59
BRH:0
end_of_record
TN:
SF:components\notion\search\NotionSearch.tsx
FN:61,NotionSearch
FN:81,(anonymous_3)
FN:82,(anonymous_4)
FN:91,(anonymous_5)
FN:92,(anonymous_6)
FN:101,(anonymous_7)
FN:103,(anonymous_8)
FN:109,(anonymous_9)
FN:111,(anonymous_10)
FN:113,(anonymous_11)
FN:121,(anonymous_12)
FN:133,(anonymous_13)
FN:143,(anonymous_14)
FN:151,(anonymous_15)
FN:173,(anonymous_16)
FN:174,(anonymous_17)
FN:186,(anonymous_18)
FN:195,(anonymous_19)
FN:206,(anonymous_20)
FN:231,(anonymous_21)
FN:242,(anonymous_22)
FN:250,(anonymous_23)
FN:267,(anonymous_24)
FN:282,(anonymous_25)
FN:289,(anonymous_26)
FN:321,(anonymous_27)
FN:326,(anonymous_28)
FN:350,SearchResultItem
FN:413,extractPageDescription
FN:415,(anonymous_31)
FN:426,extractPageTitle
FN:428,(anonymous_33)
FNF:32
FNH:0
FNDA:0,NotionSearch
FNDA:0,(anonymous_3)
FNDA:0,(anonymous_4)
FNDA:0,(anonymous_5)
FNDA:0,(anonymous_6)
FNDA:0,(anonymous_7)
FNDA:0,(anonymous_8)
FNDA:0,(anonymous_9)
FNDA:0,(anonymous_10)
FNDA:0,(anonymous_11)
FNDA:0,(anonymous_12)
FNDA:0,(anonymous_13)
FNDA:0,(anonymous_14)
FNDA:0,(anonymous_15)
FNDA:0,(anonymous_16)
FNDA:0,(anonymous_17)
FNDA:0,(anonymous_18)
FNDA:0,(anonymous_19)
FNDA:0,(anonymous_20)
FNDA:0,(anonymous_21)
FNDA:0,(anonymous_22)
FNDA:0,(anonymous_23)
FNDA:0,(anonymous_24)
FNDA:0,(anonymous_25)
FNDA:0,(anonymous_26)
FNDA:0,(anonymous_27)
FNDA:0,(anonymous_28)
FNDA:0,SearchResultItem
FNDA:0,extractPageDescription
FNDA:0,(anonymous_31)
FNDA:0,extractPageTitle
FNDA:0,(anonymous_33)
DA:3,0
DA:4,0
DA:5,0
DA:6,0
DA:7,0
DA:8,0
DA:9,0
DA:10,0
DA:25,0
DA:27,0
DA:51,0
DA:61,0
DA:72,0
DA:73,0
DA:74,0
DA:75,0
DA:77,0
DA:78,0
DA:81,0
DA:82,0
DA:87,0
DA:91,0
DA:92,0
DA:97,0
DA:101,0
DA:102,0
DA:103,0
DA:105,0
DA:109,0
DA:110,0
DA:112,0
DA:113,0
DA:115,0
DA:121,0
DA:122,0
DA:123,0
DA:126,0
DA:128,0
DA:131,0
DA:132,0
DA:133,0
DA:141,0
DA:142,0
DA:143,0
DA:151,0
DA:152,0
DA:154,0
DA:156,0
DA:157,0
DA:158,0
DA:160,0
DA:162,0
DA:164,0
DA:168,0
DA:169,0
DA:173,0
DA:174,0
DA:175,0
DA:176,0
DA:177,0
DA:179,0
DA:181,0
DA:186,0
DA:187,0
DA:188,0
DA:190,0
DA:195,0
DA:196,0
DA:206,0
DA:242,0
DA:250,0
DA:267,0
DA:282,0
DA:289,0
DA:322,0
DA:326,0
DA:351,0
DA:352,0
DA:353,0
DA:355,0
DA:359,0
DA:363,0
DA:364,0
DA:414,0
DA:415,0
DA:418,0
DA:419,0
DA:422,0
DA:427,0
DA:428,0
DA:430,0
LF:91
LH:0
BRDA:67,0,0,0
BRDA:68,1,0,0
BRDA:69,2,0,0
BRDA:70,3,0,0
BRDA:95,4,0,0
BRDA:95,4,1,0
BRDA:105,5,0,0
BRDA:105,5,1,0
BRDA:112,6,0,0
BRDA:112,6,1,0
BRDA:112,7,0,0
BRDA:112,7,1,0
BRDA:113,8,0,0
BRDA:113,8,1,0
BRDA:113,8,2,0
BRDA:122,9,0,0
BRDA:122,9,1,0
BRDA:131,10,0,0
BRDA:131,10,1,0
BRDA:136,11,0,0
BRDA:136,11,1,0
BRDA:141,12,0,0
BRDA:141,12,1,0
BRDA:146,13,0,0
BRDA:146,13,1,0
BRDA:152,14,0,0
BRDA:152,14,1,0
BRDA:152,14,2,0
BRDA:152,14,3,0
BRDA:152,14,4,0
BRDA:156,15,0,0
BRDA:156,15,1,0
BRDA:157,16,0,0
BRDA:157,16,1,0
BRDA:176,17,0,0
BRDA:176,17,1,0
BRDA:187,18,0,0
BRDA:187,18,1,0
BRDA:210,19,0,0
BRDA:223,20,0,0
BRDA:223,20,1,0
BRDA:226,21,0,0
BRDA:237,22,0,0
BRDA:240,23,0,0
BRDA:240,23,1,0
BRDA:248,24,0,0
BRDA:248,24,1,0
BRDA:262,25,0,0
BRDA:280,26,0,0
BRDA:280,26,1,0
BRDA:287,27,0,0
BRDA:287,27,1,0
BRDA:300,28,0,0
BRDA:307,29,0,0
BRDA:307,29,1,0
BRDA:307,29,2,0
BRDA:315,30,0,0
BRDA:315,30,1,0
BRDA:317,31,0,0
BRDA:317,31,1,0
BRDA:332,32,0,0
BRDA:352,33,0,0
BRDA:352,33,1,0
BRDA:353,34,0,0
BRDA:353,34,1,0
BRDA:355,35,0,0
BRDA:355,35,1,0
BRDA:359,36,0,0
BRDA:359,36,1,0
BRDA:363,37,0,0
BRDA:363,37,1,0
BRDA:370,38,0,0
BRDA:370,38,1,0
BRDA:374,39,0,0
BRDA:374,39,1,0
BRDA:381,40,0,0
BRDA:390,41,0,0
BRDA:390,41,1,0
BRDA:394,42,0,0
BRDA:394,42,1,0
BRDA:403,43,0,0
BRDA:403,43,1,0
BRDA:415,44,0,0
BRDA:415,44,1,0
BRDA:418,45,0,0
BRDA:418,45,1,0
BRDA:430,46,0,0
BRDA:430,46,1,0
BRF:88
BRH:0
end_of_record
TN:
SF:components\scc\bilingualtext.tsx
FN:7,BilingualText
FNF:1
FNH:0
FNDA:0,BilingualText
DA:3,0
DA:5,0
DA:7,0
DA:13,0
DA:15,0
DA:16,0
LF:6
LH:0
BRDA:11,0,0,0
BRDA:15,1,0,0
BRDA:15,1,1,0
BRDA:15,2,0,0
BRDA:15,2,1,0
BRDA:15,3,0,0
BRDA:15,3,1,0
BRDA:16,4,0,0
BRDA:16,4,1,0
BRDA:19,5,0,0
BRDA:19,5,1,0
BRDA:20,6,0,0
BRDA:20,6,1,0
BRF:13
BRH:0
end_of_record
TN:
SF:components\scc\contact-button-group.tsx
FN:15,ContactButtonGroup
FN:22,(anonymous_6)
FN:30,(anonymous_7)
FN:35,(anonymous_8)
FN:109,QuickContactButtons
FN:126,PriorityContactButtons
FN:160,EmergencyContactButtons
FNF:7
FNH:0
FNDA:0,ContactButtonGroup
FNDA:0,(anonymous_6)
FNDA:0,(anonymous_7)
FNDA:0,(anonymous_8)
FNDA:0,QuickContactButtons
FNDA:0,PriorityContactButtons
FNDA:0,EmergencyContactButtons
DA:3,0
DA:4,0
DA:5,0
DA:15,0
DA:22,0
DA:23,0
DA:24,0
DA:25,0
DA:26,0
DA:30,0
DA:31,0
DA:32,0
DA:35,0
DA:36,0
DA:38,0
DA:40,0
DA:42,0
DA:109,0
DA:126,0
DA:160,0
LF:20
LH:0
BRDA:17,0,0,0
BRDA:18,1,0,0
BRDA:19,2,0,0
BRDA:20,3,0,0
BRDA:23,4,0,0
BRDA:23,4,1,0
BRDA:23,4,2,0
BRDA:31,5,0,0
BRDA:31,5,1,0
BRDA:32,6,0,0
BRDA:32,6,1,0
BRDA:36,7,0,0
BRDA:36,7,1,0
BRDA:36,7,2,0
BRDA:48,8,0,0
BRDA:88,9,0,0
BRF:16
BRH:0
end_of_record
TN:
SF:components\scc\contactbutton.tsx
FN:15,ContactButton
FN:51,(anonymous_2)
FN:64,(anonymous_3)
FNF:3
FNH:0
FNDA:0,ContactButton
FNDA:0,(anonymous_2)
FNDA:0,(anonymous_3)
DA:3,0
DA:5,0
DA:6,0
DA:7,0
DA:9,0
DA:15,0
DA:21,0
DA:23,0
DA:24,0
DA:26,0
DA:33,0
DA:48,0
DA:49,0
DA:51,0
DA:52,0
DA:54,0
DA:56,0
DA:58,0
DA:60,0
DA:64,0
DA:65,0
DA:67,0
DA:69,0
LF:23
LH:0
BRDA:17,0,0,0
BRDA:21,1,0,0
BRDA:21,1,1,0
BRDA:49,2,0,0
BRDA:49,2,1,0
BRDA:49,2,2,0
BRDA:49,3,0,0
BRDA:49,3,1,0
BRDA:52,4,0,0
BRDA:52,4,1,0
BRDA:52,4,2,0
BRDA:52,4,3,0
BRDA:65,5,0,0
BRDA:65,5,1,0
BRDA:78,6,0,0
BRDA:78,6,1,0
BRDA:79,7,0,0
BRDA:79,7,1,0
BRDA:80,8,0,0
BRDA:80,8,1,0
BRDA:89,9,0,0
BRDA:89,9,1,0
BRDA:90,10,0,0
BRDA:90,10,1,0
BRDA:95,11,0,0
BRF:25
BRH:0
end_of_record
TN:
SF:components\scc\cost-estimator.tsx
FN:42,CostEstimator
FN:46,(anonymous_2)
FN:47,(anonymous_3)
FN:53,(anonymous_4)
FN:75,(anonymous_5)
FN:79,(anonymous_6)
FN:80,(anonymous_7)
FN:82,(anonymous_8)
FN:87,(anonymous_9)
FN:148,(anonymous_10)
FN:157,(anonymous_11)
FN:161,(anonymous_12)
FNF:12
FNH:0
FNDA:0,CostEstimator
FNDA:0,(anonymous_2)
FNDA:0,(anonymous_3)
FNDA:0,(anonymous_4)
FNDA:0,(anonymous_5)
FNDA:0,(anonymous_6)
FNDA:0,(anonymous_7)
FNDA:0,(anonymous_8)
FNDA:0,(anonymous_9)
FNDA:0,(anonymous_10)
FNDA:0,(anonymous_11)
FNDA:0,(anonymous_12)
DA:3,0
DA:4,0
DA:5,0
DA:6,0
DA:7,0
DA:8,0
DA:9,0
DA:24,0
DA:33,0
DA:42,0
DA:43,0
DA:44,0
DA:46,0
DA:47,0
DA:48,0
DA:50,0
DA:51,0
DA:53,0
DA:54,0
DA:55,0
DA:56,0
DA:59,0
DA:62,0
DA:63,0
DA:65,0
DA:75,0
DA:76,0
DA:79,0
DA:80,0
DA:81,0
DA:82,0
DA:87,0
DA:88,0
DA:149,0
DA:157,0
DA:161,0
LF:36
LH:0
BRDA:48,0,0,0
BRDA:48,0,1,0
BRDA:81,1,0,0
BRDA:81,1,1,0
BRDA:123,2,0,0
BRDA:123,2,1,0
BRDA:153,3,0,0
BRDA:153,3,1,0
BRDA:205,4,0,0
BRDA:205,4,1,0
BRDA:211,5,0,0
BRDA:211,5,1,0
BRF:12
BRH:0
end_of_record
TN:
SF:components\scc\emergency-contact.tsx
FN:14,EmergencyContact
FN:156,FloatingEmergencyButton
FNF:2
FNH:0
FNDA:0,EmergencyContact
FNDA:0,FloatingEmergencyButton
DA:3,0
DA:4,0
DA:5,0
DA:6,0
DA:14,0
DA:19,0
DA:34,0
DA:156,0
LF:8
LH:0
BRDA:16,0,0,0
BRDA:17,1,0,0
BRDA:19,2,0,0
BRDA:19,2,1,0
BRDA:34,3,0,0
BRDA:34,3,1,0
BRDA:64,4,0,0
BRF:7
BRH:0
end_of_record
TN:
SF:components\scc\package-card.tsx
FN:8,PackageCard
FN:24,(anonymous_2)
FN:72,(anonymous_3)
FN:91,(anonymous_4)
FNF:4
FNH:0
FNDA:0,PackageCard
FNDA:0,(anonymous_2)
FNDA:0,(anonymous_3)
FNDA:0,(anonymous_4)
DA:4,0
DA:5,0
DA:6,0
DA:8,0
DA:14,0
DA:24,0
DA:73,0
DA:92,0
DA:93,0
LF:9
LH:0
BRDA:21,0,0,0
BRDA:21,0,1,0
BRDA:27,1,0,0
BRDA:39,2,0,0
BRDA:39,2,1,0
BRDA:56,3,0,0
BRDA:87,4,0,0
BRDA:87,4,1,0
BRF:8
BRH:0
end_of_record
TN:
SF:components\scc\scc-icon.tsx
FN:125,SCCIcon
FN:160,SCCIconGroup
FN:167,(anonymous_7)
FN:195,SCCIconButton
FNF:4
FNH:0
FNDA:0,SCCIcon
FNDA:0,SCCIconGroup
FNDA:0,(anonymous_7)
FNDA:0,SCCIconButton
DA:3,0
DA:36,0
DA:37,0
DA:58,0
DA:107,0
DA:115,0
DA:125,0
DA:131,0
DA:133,0
DA:134,0
DA:160,0
DA:168,0
DA:195,0
DA:204,0
DA:206,0
DA:212,0
LF:16
LH:0
BRDA:127,0,0,0
BRDA:129,1,0,0
BRDA:133,2,0,0
BRDA:133,2,1,0
BRDA:162,3,0,0
BRDA:172,4,0,0
BRDA:199,5,0,0
BRDA:200,6,0,0
BRDA:201,7,0,0
BRF:9
BRH:0
end_of_record
TN:
SF:components\scc\scc-typography.tsx
FN:52,SCCHeading
FN:100,SCCBody
FN:147,SCCBilingualHeading
FN:196,SCCBilingualBody
FN:244,SCCPrice
FN:267,SCCBadge
FN:297,SCCHighlight
FN:312,SCCTextGroup
FNF:8
FNH:0
FNDA:0,SCCHeading
FNDA:0,SCCBody
FNDA:0,SCCBilingualHeading
FNDA:0,SCCBilingualBody
FNDA:0,SCCPrice
FNDA:0,SCCBadge
FNDA:0,SCCHighlight
FNDA:0,SCCTextGroup
DA:3,0
DA:4,0
DA:5,0
DA:52,0
DA:60,0
DA:67,0
DA:75,0
DA:82,0
DA:100,0
DA:108,0
DA:114,0
DA:122,0
DA:129,0
DA:147,0
DA:156,0
DA:163,0
DA:171,0
DA:178,0
DA:196,0
DA:205,0
DA:211,0
DA:219,0
DA:226,0
DA:244,0
DA:253,0
DA:267,0
DA:276,0
DA:297,0
DA:312,0
DA:321,0
LF:30
LH:0
BRDA:56,0,0,0
BRDA:57,1,0,0
BRDA:82,2,0,0
BRDA:82,2,1,0
BRDA:82,3,0,0
BRDA:82,3,1,0
BRDA:82,4,0,0
BRDA:82,4,1,0
BRDA:82,5,0,0
BRDA:82,5,1,0
BRDA:104,6,0,0
BRDA:105,7,0,0
BRDA:106,8,0,0
BRDA:152,9,0,0
BRDA:153,10,0,0
BRDA:178,11,0,0
BRDA:178,11,1,0
BRDA:178,12,0,0
BRDA:178,12,1,0
BRDA:178,13,0,0
BRDA:178,13,1,0
BRDA:178,14,0,0
BRDA:178,14,1,0
BRDA:201,15,0,0
BRDA:202,16,0,0
BRDA:203,17,0,0
BRDA:246,18,0,0
BRDA:269,19,0,0
BRDA:314,20,0,0
BRF:29
BRH:0
end_of_record
TN:
SF:components\scc\service-card.tsx
FN:9,ServiceCard
FN:46,(anonymous_2)
FNF:2
FNH:0
FNDA:0,ServiceCard
FNDA:0,(anonymous_2)
DA:4,0
DA:5,0
DA:6,0
DA:9,0
DA:14,0
DA:47,0
LF:6
LH:0
BRDA:44,0,0,0
BRDA:44,0,1,0
BRF:2
BRH:0
end_of_record
TN:
SF:components\scc\skip-to-content.tsx
FN:6,SkipToContent
FNF:1
FNH:0
FNDA:0,SkipToContent
DA:3,0
DA:4,0
DA:6,0
DA:7,0
LF:4
LH:0
BRF:0
BRH:0
end_of_record
TN:
SF:components\scc\store-demo.tsx
FN:20,StoreDemo
FN:32,(anonymous_2)
FN:38,(anonymous_3)
FN:43,(anonymous_4)
FN:53,(anonymous_5)
FN:102,(anonymous_6)
FN:105,(anonymous_7)
FN:163,(anonymous_8)
FN:192,(anonymous_9)
FN:199,(anonymous_10)
FNF:10
FNH:0
FNDA:0,StoreDemo
FNDA:0,(anonymous_2)
FNDA:0,(anonymous_3)
FNDA:0,(anonymous_4)
FNDA:0,(anonymous_5)
FNDA:0,(anonymous_6)
FNDA:0,(anonymous_7)
FNDA:0,(anonymous_8)
FNDA:0,(anonymous_9)
FNDA:0,(anonymous_10)
DA:3,0
DA:5,0
DA:6,0
DA:7,0
DA:8,0
DA:18,0
DA:20,0
DA:22,0
DA:23,0
DA:24,0
DA:27,0
DA:28,0
DA:29,0
DA:30,0
DA:32,0
DA:33,0
DA:34,0
DA:35,0
DA:38,0
DA:39,0
DA:40,0
DA:43,0
DA:44,0
DA:50,0
DA:53,0
DA:54,0
DA:64,0
DA:103,0
DA:105,0
DA:164,0
DA:192,0
DA:199,0
LF:32
LH:0
BRDA:33,0,0,0
BRDA:33,0,1,0
BRDA:88,1,0,0
BRDA:88,1,1,0
BRDA:106,2,0,0
BRDA:106,2,1,0
BRDA:122,3,0,0
BRDA:122,3,1,0
BRDA:123,4,0,0
BRDA:123,4,1,0
BRDA:142,5,0,0
BRDA:142,5,1,0
BRDA:143,6,0,0
BRDA:143,6,1,0
BRDA:157,7,0,0
BRDA:157,7,1,0
BRDA:163,8,0,0
BRDA:207,9,0,0
BRDA:207,9,1,0
BRDA:208,10,0,0
BRDA:208,10,1,0
BRF:21
BRH:0
end_of_record
TN:
SF:components\scc\structured-data.tsx
FN:10,StructuredData
FN:15,(anonymous_8)
FN:65,(anonymous_9)
FN:85,FAQStructuredData
FN:89,ServiceStructuredData
FN:93,OrganizationStructuredData
FN:97,BreadcrumbStructuredData
FNF:7
FNH:0
FNDA:0,StructuredData
FNDA:0,(anonymous_8)
FNDA:0,(anonymous_9)
FNDA:0,FAQStructuredData
FNDA:0,ServiceStructuredData
FNDA:0,OrganizationStructuredData
FNDA:0,BreadcrumbStructuredData
DA:3,0
DA:10,0
DA:11,0
DA:15,0
DA:65,0
DA:74,0
DA:85,0
DA:89,0
DA:93,0
DA:97,0
LF:10
LH:0
BRDA:38,0,0,0
BRDA:38,0,1,0
BRF:2
BRH:0
end_of_record
TN:
SF:components\scc\trust-indicators.tsx
FN:13,TrustBadge
FN:34,TrustIndicators
FN:58,ExtendedTrustIndicators
FNF:3
FNH:0
FNDA:0,TrustBadge
FNDA:0,TrustIndicators
FNDA:0,ExtendedTrustIndicators
DA:3,0
DA:4,0
DA:5,0
DA:14,0
DA:21,0
DA:34,0
DA:58,0
LF:7
LH:0
BRF:0
BRH:0
end_of_record
TN:
SF:components\scc\animations\animation-demo.tsx
FN:27,AnimationDemo
FN:31,(anonymous_2)
FN:32,(anonymous_3)
FN:34,(anonymous_4)
FN:74,(anonymous_5)
FN:85,(anonymous_6)
FN:120,(anonymous_7)
FN:187,(anonymous_8)
FN:212,(anonymous_9)
FNF:9
FNH:0
FNDA:0,AnimationDemo
FNDA:0,(anonymous_2)
FNDA:0,(anonymous_3)
FNDA:0,(anonymous_4)
FNDA:0,(anonymous_5)
FNDA:0,(anonymous_6)
FNDA:0,(anonymous_7)
FNDA:0,(anonymous_8)
FNDA:0,(anonymous_9)
DA:3,0
DA:4,0
DA:5,0
DA:6,0
DA:14,0
DA:15,0
DA:25,0
DA:27,0
DA:28,0
DA:29,0
DA:31,0
DA:32,0
DA:33,0
DA:34,0
DA:37,0
DA:74,0
DA:86,0
DA:121,0
DA:188,0
DA:213,0
LF:20
LH:0
BRDA:61,0,0,0
BRF:1
BRH:0
end_of_record
TN:
SF:components\scc\animations\fade-in.tsx
FN:14,FadeIn
FNF:1
FNH:0
FNDA:0,FadeIn
DA:3,0
DA:14,0
DA:21,0
LF:3
LH:0
BRDA:16,0,0,0
BRDA:17,1,0,0
BRDA:18,2,0,0
BRF:3
BRH:0
end_of_record
TN:
SF:components\scc\animations\hover-scale.tsx
FN:14,HoverScale
FNF:1
FNH:0
FNDA:0,HoverScale
DA:3,0
DA:14,0
LF:2
LH:0
BRDA:16,0,0,0
BRDA:17,1,0,0
BRDA:19,2,0,0
BRDA:27,3,0,0
BRDA:27,3,1,0
BRF:5
BRH:0
end_of_record
TN:
SF:components\scc\animations\index.ts
FNF:0
FNH:0
DA:6,0
DA:7,0
DA:8,0
DA:9,0
DA:10,0
DA:13,0
DA:63,0
LF:7
LH:0
BRF:0
BRH:0
end_of_record
TN:
SF:components\scc\animations\parallax.tsx
FN:12,Parallax
FNF:1
FNH:0
FNDA:0,Parallax
DA:3,0
DA:4,0
DA:12,0
DA:17,0
DA:18,0
DA:23,0
LF:6
LH:0
BRDA:14,0,0,0
BRF:1
BRH:0
end_of_record
TN:
SF:components\scc\animations\slide-in.tsx
FN:15,SlideIn
FNF:1
FNH:0
FNDA:0,SlideIn
DA:3,0
DA:15,0
DA:23,0
LF:3
LH:0
BRDA:17,0,0,0
BRDA:18,1,0,0
BRDA:19,2,0,0
BRDA:20,3,0,0
BRF:4
BRH:0
end_of_record
TN:
SF:components\scc\animations\stagger-children.tsx
FN:13,StaggerChildren
FN:53,(anonymous_2)
FNF:2
FNH:0
FNDA:0,StaggerChildren
FNDA:0,(anonymous_2)
DA:3,0
DA:13,0
DA:19,0
DA:30,0
DA:54,0
LF:5
LH:0
BRDA:15,0,0,0
BRDA:16,1,0,0
BRDA:53,2,0,0
BRF:3
BRH:0
end_of_record
TN:
SF:components\scc\forms\inquiry-form.tsx
FN:32,InquiryForm
FN:55,(anonymous_2)
FN:64,(anonymous_3)
FN:70,(anonymous_4)
FN:200,(anonymous_5)
FN:206,(anonymous_6)
FN:227,(anonymous_7)
FN:233,(anonymous_8)
FN:300,(anonymous_9)
FN:319,(anonymous_10)
FNF:10
FNH:0
FNDA:0,InquiryForm
FNDA:0,(anonymous_2)
FNDA:0,(anonymous_3)
FNDA:0,(anonymous_4)
FNDA:0,(anonymous_5)
FNDA:0,(anonymous_6)
FNDA:0,(anonymous_7)
FNDA:0,(anonymous_8)
FNDA:0,(anonymous_9)
FNDA:0,(anonymous_10)
DA:3,0
DA:4,0
DA:5,0
DA:6,0
DA:7,0
DA:8,0
DA:9,0
DA:10,0
DA:11,0
DA:12,0
DA:13,0
DA:15,0
DA:16,0
DA:17,0
DA:19,0
DA:26,0
DA:32,0
DA:33,0
DA:34,0
DA:35,0
DA:36,0
DA:38,0
DA:55,0
DA:56,0
DA:57,0
DA:59,0
DA:61,0
DA:64,0
DA:66,0
DA:67,0
DA:70,0
DA:71,0
DA:72,0
DA:76,0
DA:78,0
DA:82,0
DA:200,0
DA:207,0
DA:227,0
DA:234,0
DA:300,0
DA:319,0
LF:42
LH:0
BRDA:41,0,0,0
BRDA:41,0,1,0
BRDA:42,1,0,0
BRDA:42,1,1,0
BRDA:43,2,0,0
BRDA:43,2,1,0
BRDA:44,3,0,0
BRDA:44,3,1,0
BRDA:45,4,0,0
BRDA:45,4,1,0
BRDA:46,5,0,0
BRDA:46,5,1,0
BRDA:47,6,0,0
BRDA:47,6,1,0
BRDA:48,7,0,0
BRDA:48,7,1,0
BRDA:49,8,0,0
BRDA:49,8,1,0
BRDA:50,9,0,0
BRDA:50,9,1,0
BRDA:51,10,0,0
BRDA:51,10,1,0
BRDA:82,11,0,0
BRDA:82,11,1,0
BRDA:131,12,0,0
BRDA:131,12,1,0
BRDA:133,13,0,0
BRDA:148,14,0,0
BRDA:148,14,1,0
BRDA:150,15,0,0
BRDA:167,16,0,0
BRDA:167,16,1,0
BRDA:169,17,0,0
BRDA:183,18,0,0
BRDA:183,18,1,0
BRDA:185,19,0,0
BRDA:203,20,0,0
BRDA:203,20,1,0
BRDA:213,21,0,0
BRDA:230,22,0,0
BRDA:230,22,1,0
BRDA:240,23,0,0
BRDA:257,24,0,0
BRDA:272,25,0,0
BRDA:272,25,1,0
BRDA:284,26,0,0
BRDA:284,26,1,0
BRDA:287,27,0,0
BRDA:309,28,0,0
BRDA:328,29,0,0
BRDA:342,30,0,0
BRF:51
BRH:0
end_of_record
TN:
SF:components\scc\forms\optimized-inquiry-form.tsx
FN:43,OptimizedInquiryForm
FN:70,(anonymous_5)
FN:243,(anonymous_6)
FN:269,(anonymous_7)
FN:318,(anonymous_8)
FN:322,(anonymous_9)
FNF:6
FNH:0
FNDA:0,OptimizedInquiryForm
FNDA:0,(anonymous_5)
FNDA:0,(anonymous_6)
FNDA:0,(anonymous_7)
FNDA:0,(anonymous_8)
FNDA:0,(anonymous_9)
DA:3,0
DA:4,0
DA:5,0
DA:6,0
DA:7,0
DA:8,0
DA:9,0
DA:10,0
DA:11,0
DA:13,0
DA:14,0
DA:15,0
DA:16,0
DA:19,0
DA:43,0
DA:48,0
DA:49,0
DA:50,0
DA:52,0
DA:67,0
DA:68,0
DA:70,0
DA:71,0
DA:72,0
DA:74,0
DA:75,0
DA:83,0
DA:85,0
DA:86,0
DA:87,0
DA:89,0
DA:92,0
DA:93,0
DA:95,0
DA:100,0
DA:243,0
DA:269,0
DA:319,0
DA:322,0
LF:39
LH:0
BRDA:45,0,0,0
BRDA:46,1,0,0
BRDA:85,2,0,0
BRDA:85,2,1,0
BRDA:89,3,0,0
BRDA:89,3,1,0
BRDA:100,4,0,0
BRDA:100,4,1,0
BRDA:118,5,0,0
BRDA:165,6,0,0
BRDA:165,6,1,0
BRDA:200,7,0,0
BRDA:200,7,1,0
BRDA:201,8,0,0
BRDA:201,8,1,0
BRDA:203,9,0,0
BRDA:215,10,0,0
BRDA:215,10,1,0
BRDA:216,11,0,0
BRDA:216,11,1,0
BRDA:218,12,0,0
BRDA:231,13,0,0
BRDA:231,13,1,0
BRDA:232,14,0,0
BRDA:232,14,1,0
BRDA:234,15,0,0
BRDA:244,16,0,0
BRDA:244,16,1,0
BRDA:257,17,0,0
BRDA:270,18,0,0
BRDA:270,18,1,0
BRDA:288,19,0,0
BRDA:300,20,0,0
BRDA:300,20,1,0
BRDA:302,21,0,0
BRDA:325,22,0,0
BRDA:325,22,1,0
BRDA:335,23,0,0
BRDA:341,24,0,0
BRDA:368,25,0,0
BRDA:382,26,0,0
BRDA:395,27,0,0
BRDA:395,27,1,0
BRF:43
BRH:0
end_of_record
TN:
SF:components\seo\page-seo.tsx
FN:21,generatePageMetadata
FNF:1
FNH:0
FNDA:0,generatePageMetadata
DA:21,0
DA:33,0
DA:34,0
DA:35,0
DA:36,0
DA:38,0
DA:80,0
LF:7
LH:0
BRDA:24,0,0,0
BRDA:25,1,0,0
BRDA:27,2,0,0
BRDA:30,3,0,0
BRDA:31,4,0,0
BRDA:35,5,0,0
BRDA:35,5,1,0
BRDA:36,6,0,0
BRDA:36,6,1,0
BRDA:56,7,0,0
BRDA:56,7,1,0
BRDA:58,8,0,0
BRDA:58,8,1,0
BRDA:59,9,0,0
BRDA:59,9,1,0
BRDA:70,10,0,0
BRDA:70,10,1,0
BRDA:71,11,0,0
BRDA:71,11,1,0
BRF:19
BRH:0
end_of_record
TN:
SF:components\seo\structured-data.tsx
FN:12,OrganizationSchema
FN:117,WebSiteSchema
FN:145,BreadcrumbSchema
FN:149,(anonymous_11)
FN:167,ServiceSchema
FN:203,FAQSchema
FN:207,(anonymous_14)
FN:227,ContactPointSchema
FNF:8
FNH:0
FNDA:0,OrganizationSchema
FNDA:0,WebSiteSchema
FNDA:0,BreadcrumbSchema
FNDA:0,(anonymous_11)
FNDA:0,ServiceSchema
FNDA:0,FAQSchema
FNDA:0,(anonymous_14)
FNDA:0,ContactPointSchema
DA:6,0
DA:12,0
DA:13,0
DA:117,0
DA:118,0
DA:145,0
DA:146,0
DA:149,0
DA:167,0
DA:178,0
DA:203,0
DA:204,0
DA:207,0
DA:227,0
DA:228,0
LF:15
LH:0
BRDA:12,0,0,0
BRDA:18,1,0,0
BRDA:18,1,1,0
BRDA:23,2,0,0
BRDA:23,2,1,0
BRDA:74,3,0,0
BRDA:74,3,1,0
BRDA:76,4,0,0
BRDA:76,4,1,0
BRDA:85,5,0,0
BRDA:85,5,1,0
BRDA:87,6,0,0
BRDA:87,6,1,0
BRDA:96,7,0,0
BRDA:96,7,1,0
BRDA:98,8,0,0
BRDA:98,8,1,0
BRDA:170,9,0,0
BRDA:171,10,0,0
BRF:19
BRH:0
end_of_record
TN:
SF:components\ui\accordion.tsx
FN:9,Accordion
FN:15,AccordionItem
FN:28,AccordionTrigger
FN:50,AccordionContent
FNF:4
FNH:0
FNDA:0,Accordion
FNDA:0,AccordionItem
FNDA:0,AccordionTrigger
FNDA:0,AccordionContent
DA:3,0
DA:4,0
DA:5,0
DA:7,0
DA:66,0
LF:5
LH:0
BRF:0
BRH:0
end_of_record
TN:
SF:components\ui\alert-dialog.tsx
FN:9,AlertDialog
FN:15,AlertDialogTrigger
FN:23,AlertDialogPortal
FN:31,AlertDialogOverlay
FN:47,AlertDialogContent
FN:66,AlertDialogHeader
FN:79,AlertDialogFooter
FN:95,AlertDialogTitle
FN:108,AlertDialogDescription
FN:121,AlertDialogAction
FN:133,AlertDialogCancel
FNF:11
FNH:0
FNDA:0,AlertDialog
FNDA:0,AlertDialogTrigger
FNDA:0,AlertDialogPortal
FNDA:0,AlertDialogOverlay
FNDA:0,AlertDialogContent
FNDA:0,AlertDialogHeader
FNDA:0,AlertDialogFooter
FNDA:0,AlertDialogTitle
FNDA:0,AlertDialogDescription
FNDA:0,AlertDialogAction
FNDA:0,AlertDialogCancel
DA:3,0
DA:4,0
DA:6,0
DA:7,0
DA:146,0
DA:147,0
DA:148,0
DA:149,0
DA:150,0
DA:151,0
DA:152,0
DA:153,0
DA:154,0
DA:155,0
DA:156,0
LF:15
LH:0
BRF:0
BRH:0
end_of_record
TN:
SF:components\ui\alert.tsx
FN:22,Alert
FN:37,AlertTitle
FN:50,AlertDescription
FNF:3
FNH:0
FNDA:0,Alert
FNDA:0,AlertTitle
FNDA:0,AlertDescription
DA:1,0
DA:2,0
DA:4,0
DA:6,0
DA:66,0
LF:5
LH:0
BRF:0
BRH:0
end_of_record
TN:
SF:components\ui\aspect-ratio.tsx
FN:5,AspectRatio
FNF:1
FNH:0
FNDA:0,AspectRatio
DA:3,0
DA:11,0
LF:2
LH:0
BRF:0
BRH:0
end_of_record
TN:
SF:components\ui\avatar.tsx
FN:8,Avatar
FN:24,AvatarImage
FN:37,AvatarFallback
FNF:3
FNH:0
FNDA:0,Avatar
FNDA:0,AvatarImage
FNDA:0,AvatarFallback
DA:3,0
DA:4,0
DA:6,0
DA:53,0
LF:4
LH:0
BRF:0
BRH:0
end_of_record
TN:
SF:components\ui\badge.tsx
FN:28,Badge
FNF:1
FNH:0
FNDA:0,Badge
DA:1,0
DA:2,0
DA:3,0
DA:5,0
DA:7,0
DA:35,0
DA:46,0
LF:7
LH:0
BRDA:31,0,0,0
BRDA:35,1,0,0
BRDA:35,1,1,0
BRF:3
BRH:0
end_of_record
TN:
SF:components\ui\breadcrumb.tsx
FN:7,Breadcrumb
FN:11,BreadcrumbList
FN:24,BreadcrumbItem
FN:34,BreadcrumbLink
FN:52,BreadcrumbPage
FN:65,BreadcrumbSeparator
FN:83,BreadcrumbEllipsis
FNF:7
FNH:0
FNDA:0,Breadcrumb
FNDA:0,BreadcrumbList
FNDA:0,BreadcrumbItem
FNDA:0,BreadcrumbLink
FNDA:0,BreadcrumbPage
FNDA:0,BreadcrumbSeparator
FNDA:0,BreadcrumbEllipsis
DA:1,0
DA:2,0
DA:3,0
DA:5,0
DA:41,0
DA:102,0
DA:103,0
DA:104,0
DA:105,0
DA:106,0
DA:107,0
DA:108,0
LF:12
LH:0
BRDA:41,0,0,0
BRDA:41,0,1,0
BRDA:78,1,0,0
BRDA:78,1,1,0
BRF:4
BRH:0
end_of_record
TN:
SF:components\ui\button.tsx
FN:65,Button
FNF:1
FNH:0
FNDA:0,Button
DA:3,0
DA:4,0
DA:5,0
DA:7,0
DA:9,0
DA:77,0
DA:80,0
DA:137,0
LF:8
LH:0
BRDA:69,0,0,0
BRDA:70,1,0,0
BRDA:71,2,0,0
BRDA:72,3,0,0
BRDA:77,4,0,0
BRDA:77,4,1,0
BRDA:80,5,0,0
BRDA:80,5,1,0
BRDA:86,6,0,0
BRDA:86,6,1,0
BRDA:87,7,0,0
BRDA:87,7,1,0
BRDA:102,8,0,0
BRDA:102,8,1,0
BRDA:103,9,0,0
BRDA:103,9,1,0
BRDA:104,10,0,0
BRDA:104,10,1,0
BRDA:107,11,0,0
BRDA:107,11,1,0
BRDA:110,12,0,0
BRF:21
BRH:0
end_of_record
TN:
SF:components\ui\calendar.tsx
FN:14,Calendar
FN:39,(anonymous_7)
FN:128,(anonymous_8)
FN:138,(anonymous_9)
FN:159,(anonymous_10)
FN:175,CalendarDayButton
FN:184,(anonymous_12)
FNF:7
FNH:0
FNDA:0,Calendar
FNDA:0,(anonymous_7)
FNDA:0,(anonymous_8)
FNDA:0,(anonymous_9)
FNDA:0,(anonymous_10)
FNDA:0,CalendarDayButton
FNDA:0,(anonymous_12)
DA:3,0
DA:8,0
DA:9,0
DA:11,0
DA:12,0
DA:26,0
DA:40,0
DA:139,0
DA:145,0
DA:181,0
DA:183,0
DA:184,0
DA:185,0
DA:213,0
LF:14
LH:0
BRDA:17,0,0,0
BRDA:18,1,0,0
BRDA:19,2,0,0
BRDA:82,3,0,0
BRDA:82,3,1,0
BRDA:139,4,0,0
BRDA:139,4,1,0
BRDA:145,5,0,0
BRDA:145,5,1,0
BRDA:185,6,0,0
BRDA:185,6,1,0
BRDA:195,7,0,0
BRDA:195,7,1,0
BRDA:195,7,2,0
BRDA:195,7,3,0
BRF:15
BRH:0
end_of_record
TN:
SF:components\ui\card.tsx
FN:109,(anonymous_14)
FNF:1
FNH:0
FNDA:0,(anonymous_14)
DA:1,0
DA:2,0
DA:3,0
DA:4,0
DA:6,0
DA:40,0
DA:62,0
DA:78,0
DA:108,0
DA:110,0
DA:121,0
DA:137,0
DA:157,0
DA:172,0
DA:188,0
DA:204,0
DA:207,0
DA:208,0
DA:209,0
DA:210,0
DA:211,0
DA:212,0
DA:213,0
DA:214,0
DA:215,0
DA:216,0
LF:26
LH:0
BRDA:109,0,0,0
BRDA:110,1,0,0
BRDA:110,1,1,0
BRDA:146,2,0,0
BRF:4
BRH:0
end_of_record
TN:
SF:components\ui\carousel.tsx
FN:35,useCarousel
FN:45,Carousel
FN:64,(anonymous_12)
FN:70,(anonymous_13)
FN:74,(anonymous_14)
FN:79,(anonymous_15)
FN:91,(anonymous_16)
FN:96,(anonymous_17)
FN:102,(anonymous_18)
FN:135,CarouselContent
FN:156,CarouselItem
FN:174,CarouselPrevious
FN:204,CarouselNext
FNF:13
FNH:0
FNDA:0,useCarousel
FNDA:0,Carousel
FNDA:0,(anonymous_12)
FNDA:0,(anonymous_13)
FNDA:0,(anonymous_14)
FNDA:0,(anonymous_15)
FNDA:0,(anonymous_16)
FNDA:0,(anonymous_17)
FNDA:0,(anonymous_18)
FNDA:0,CarouselContent
FNDA:0,CarouselItem
FNDA:0,CarouselPrevious
FNDA:0,CarouselNext
DA:3,0
DA:6,0
DA:7,0
DA:9,0
DA:10,0
DA:33,0
DA:36,0
DA:38,0
DA:39,0
DA:42,0
DA:54,0
DA:61,0
DA:62,0
[...]
FN:308,(anonymous_36)
FN:323,(anonymous_37)
FN:339,(anonymous_38)
FN:350,(anonymous_39)
FN:358,(anonymous_40)
FN:365,(anonymous_41)
FN:375,(anonymous_42)
FN:382,(anonymous_43)
FN:399,(anonymous_44)
FN:413,(anonymous_45)
FN:420,(anonymous_46)
FN:422,(anonymous_47)
FN:433,(anonymous_48)
FN:435,(anonymous_49)
FN:444,(anonymous_50)
FN:450,(anonymous_51)
FN:452,(anonymous_52)
FN:457,(anonymous_53)
FN:463,(anonymous_54)
FN:467,(anonymous_55)
FNF:40
FNH:22
FNDA:0,cn
FNDA:4,(anonymous_17)
FNDA:0,(anonymous_18)
FNDA:2,(anonymous_19)
FNDA:2,(anonymous_20)
FNDA:2,(anonymous_21)
FNDA:1,(anonymous_22)
FNDA:8,(anonymous_23)
FNDA:1,(anonymous_24)
FNDA:2,(anonymous_25)
FNDA:6,(anonymous_26)
FNDA:0,(anonymous_27)
FNDA:16,(anonymous_28)
FNDA:17,(anonymous_29)
FNDA:6,(anonymous_30)
FNDA:0,(anonymous_31)
FNDA:0,(anonymous_32)
FNDA:0,(anonymous_33)
FNDA:0,(anonymous_34)
FNDA:0,(anonymous_35)
FNDA:0,(anonymous_36)
FNDA:0,(anonymous_37)
FNDA:4,(anonymous_38)
FNDA:2,(anonymous_39)
FNDA:2,(anonymous_40)
FNDA:2,(anonymous_41)
FNDA:3,(anonymous_42)
FNDA:6,(anonymous_43)
FNDA:3,(anonymous_44)
FNDA:1,(anonymous_45)
FNDA:2,(anonymous_46)
FNDA:7,(anonymous_47)
FNDA:0,(anonymous_48)
FNDA:0,(anonymous_49)
FNDA:0,(anonymous_50)
FNDA:0,(anonymous_51)
FNDA:0,(anonymous_52)
FNDA:0,(anonymous_53)
FNDA:0,(anonymous_54)
FNDA:0,(anonymous_55)
DA:6,1
DA:7,1
DA:19,0
DA:20,0
DA:24,11
DA:29,4
DA:30,3
DA:37,0
DA:39,0
DA:40,0
DA:47,2
DA:51,2
DA:58,2
DA:64,2
DA:65,2
DA:72,2
DA:73,2
DA:80,1
DA:81,1
DA:89,11
DA:94,8
DA:96,8
DA:97,2
DA:106,8
DA:107,2
DA:116,8
DA:117,2
DA:126,8
DA:127,2
DA:136,8
DA:137,2
DA:146,8
DA:147,2
DA:156,8
DA:162,1
DA:180,2
DA:182,2
DA:183,6
DA:184,4
DA:188,2
DA:195,0
DA:196,0
DA:198,0
DA:199,0
DA:200,0
DA:204,0
DA:209,1
DA:214,16
DA:215,16
DA:222,17
DA:223,17
DA:230,6
DA:231,6
DA:232,3
DA:234,3
DA:240,8
DA:241,9
DA:242,6
DA:245,1
DA:250,0
DA:252,0
DA:253,0
DA:254,0
DA:255,0
DA:266,0
DA:268,0
DA:278,0
DA:279,0
DA:286,0
DA:291,1
DA:296,0
DA:298,0
DA:299,0
DA:301,0
DA:309,0
DA:311,0
DA:312,0
DA:313,0
DA:315,0
DA:316,0
DA:324,0
DA:326,0
DA:327,0
DA:329,0
DA:335,10
DA:340,4
DA:351,2
DA:352,1
DA:359,2
DA:366,2
DA:371,12
DA:376,3
DA:383,6
DA:384,6
DA:385,16
DA:386,16
DA:387,16
DA:388,16
DA:389,14
DA:390,14
DA:393,6
DA:400,3
DA:401,3
DA:402,4
DA:404,3
DA:409,3
DA:414,1
DA:421,2
DA:422,2
DA:423,7
DA:424,4
DA:427,2
DA:434,0
DA:435,0
DA:436,0
DA:437,0
DA:439,0
DA:444,1
DA:448,0
DA:450,0
DA:451,0
DA:452,0
DA:457,1
DA:463,0
DA:464,0
DA:465,0
DA:466,0
DA:467,0
DA:473,1
DA:487,1
LF:130
LH:81
BRDA:29,0,0,1
BRDA:29,0,1,3
BRDA:30,1,0,3
BRDA:30,1,1,1
BRDA:30,1,2,0
BRDA:37,2,0,0
BRDA:37,2,1,0
BRDA:40,3,0,0
BRDA:40,3,1,0
BRDA:64,4,0,1
BRDA:64,4,1,1
BRDA:72,5,0,1
BRDA:72,5,1,1
BRDA:80,6,0,0
BRDA:80,6,1,1
BRDA:96,7,0,2
BRDA:96,7,1,6
BRDA:96,8,0,8
BRDA:96,8,1,8
BRDA:106,9,0,2
BRDA:106,9,1,6
BRDA:106,10,0,8
BRDA:106,10,1,8
BRDA:116,11,0,2
BRDA:116,11,1,6
BRDA:116,12,0,8
BRDA:116,12,1,8
BRDA:126,13,0,2
BRDA:126,13,1,6
BRDA:136,14,0,2
BRDA:136,14,1,6
BRDA:146,15,0,2
BRDA:146,15,1,6
BRDA:183,16,0,4
BRDA:183,16,1,2
BRDA:183,17,0,6
BRDA:183,17,1,5
BRDA:183,17,2,5
BRDA:199,18,0,0
BRDA:199,18,1,0
BRDA:249,19,0,0
BRDA:250,20,0,0
BRDA:250,20,1,0
BRDA:253,21,0,0
BRDA:253,21,1,0
BRDA:266,22,0,0
BRDA:266,22,1,0
BRDA:278,23,0,0
BRDA:278,23,1,0
BRDA:279,24,0,0
BRDA:279,24,1,0
BRDA:296,25,0,0
BRDA:296,25,1,0
BRDA:309,26,0,0
BRDA:309,26,1,0
BRDA:313,27,0,0
BRDA:313,27,1,0
BRDA:324,28,0,0
BRDA:324,28,1,0
BRDA:351,29,0,1
BRDA:351,29,1,1
BRDA:388,30,0,14
BRDA:388,30,1,2
BRDA:388,31,0,16
BRDA:388,31,1,14
BRDA:423,32,0,4
BRDA:423,32,1,3
BRDA:423,33,0,7
BRDA:423,33,1,6
BRDA:423,33,2,5
BRDA:451,34,0,0
BRDA:451,34,1,0
BRDA:464,35,0,0
BRDA:464,35,1,0
BRF:74
BRH:43
end_of_record
TN:
SF:lib\utils.ts
FN:4,cn
FN:10,checkBusinessHours
FN:21,getText
FN:25,formatPrice
FN:33,generateWhatsAppLink
FN:53,scrollToSection
FNF:6
FNH:0
FNDA:0,cn
FNDA:0,checkBusinessHours
FNDA:0,getText
FNDA:0,formatPrice
FNDA:0,generateWhatsAppLink
FNDA:0,scrollToSection
DA:1,0
DA:2,0
DA:4,0
DA:5,0
DA:10,0
DA:11,0
DA:12,0
DA:13,0
DA:14,0
DA:16,0
DA:17,0
DA:18,0
DA:21,0
DA:22,0
DA:25,0
DA:26,0
DA:33,0
DA:34,0
DA:37,0
DA:53,0
DA:54,0
DA:55,0
DA:56,0
DA:57,0
DA:61,0
DA:72,0
DA:73,0
DA:74,0
DA:76,0
LF:29
LH:0
BRDA:16,0,0,0
BRDA:16,0,1,0
BRDA:17,1,0,0
BRDA:17,1,1,0
BRDA:17,2,0,0
BRDA:17,2,1,0
BRDA:18,3,0,0
BRDA:18,3,1,0
BRDA:25,4,0,0
BRDA:37,5,0,0
BRDA:37,5,1,0
BRDA:55,6,0,0
BRDA:55,6,1,0
BRDA:72,7,0,0
BRDA:72,7,1,0
BRDA:72,7,2,0
BRF:16
BRH:0
end_of_record
TN:
SF:lib\hooks\useNotion.ts
FN:35,useDatabases
FN:38,(anonymous_22)
FN:49,useDatabase
FN:52,(anonymous_24)
FN:64,useDatabasePages
FN:67,(anonymous_26)
FN:79,useSearchDatabases
FN:82,(anonymous_28)
FN:95,useCreateDatabase
FN:99,(anonymous_30)
FN:100,(anonymous_31)
FN:106,useUpdateDatabase
FN:110,(anonymous_33)
FN:112,(anonymous_34)
FN:119,useDeleteDatabase
FN:123,(anonymous_36)
FN:124,(anonymous_37)
FN:130,useDuplicateDatabase
FN:134,(anonymous_39)
FN:136,(anonymous_40)
FN:143,usePages
FN:146,(anonymous_42)
FN:157,usePage
FN:160,(anonymous_44)
FN:172,usePageBlocks
FN:175,(anonymous_46)
FN:187,useSearchPages
FN:190,(anonymous_48)
FN:203,useCreatePage
FN:207,(anonymous_50)
FN:208,(anonymous_51)
FN:214,useUpdatePage
FN:218,(anonymous_53)
FN:220,(anonymous_54)
FN:227,useDeletePage
FN:231,(anonymous_56)
FN:232,(anonymous_57)
FN:238,useDuplicatePage
FN:242,(anonymous_59)
FN:244,(anonymous_60)
FN:250,useMovePage
FN:254,(anonymous_62)
FN:256,(anonymous_63)
FN:263,useUpdatePageSharing
FN:267,(anonymous_65)
FN:269,(anonymous_66)
FN:276,useNotionData
FN:288,useRefreshNotionData
FN:291,(anonymous_69)
FNF:49
FNH:0
FNDA:0,useDatabases
FNDA:0,(anonymous_22)
FNDA:0,useDatabase
FNDA:0,(anonymous_24)
FNDA:0,useDatabasePages
FNDA:0,(anonymous_26)
FNDA:0,useSearchDatabases
FNDA:0,(anonymous_28)
FNDA:0,useCreateDatabase
FNDA:0,(anonymous_30)
FNDA:0,(anonymous_31)
FNDA:0,useUpdateDatabase
FNDA:0,(anonymous_33)
FNDA:0,(anonymous_34)
FNDA:0,useDeleteDatabase
FNDA:0,(anonymous_36)
FNDA:0,(anonymous_37)
FNDA:0,useDuplicateDatabase
FNDA:0,(anonymous_39)
FNDA:0,(anonymous_40)
FNDA:0,usePages
FNDA:0,(anonymous_42)
FNDA:0,usePage
FNDA:0,(anonymous_44)
FNDA:0,usePageBlocks
FNDA:0,(anonymous_46)
FNDA:0,useSearchPages
FNDA:0,(anonymous_48)
FNDA:0,useCreatePage
FNDA:0,(anonymous_50)
FNDA:0,(anonymous_51)
FNDA:0,useUpdatePage
FNDA:0,(anonymous_53)
FNDA:0,(anonymous_54)
FNDA:0,useDeletePage
FNDA:0,(anonymous_56)
FNDA:0,(anonymous_57)
FNDA:0,useDuplicatePage
FNDA:0,(anonymous_59)
FNDA:0,(anonymous_60)
FNDA:0,useMovePage
FNDA:0,(anonymous_62)
FNDA:0,(anonymous_63)
FNDA:0,useUpdatePageSharing
FNDA:0,(anonymous_65)
FNDA:0,(anonymous_66)
FNDA:0,useNotionData
FNDA:0,useRefreshNotionData
FNDA:0,(anonymous_69)
DA:1,0
DA:11,0
DA:23,0
DA:35,0
DA:36,0
DA:39,0
DA:40,0
DA:41,0
DA:43,0
DA:49,0
DA:50,0
DA:53,0
DA:54,0
DA:55,0
DA:57,0
DA:64,0
DA:65,0
DA:68,0
DA:69,0
DA:70,0
DA:72,0
DA:79,0
DA:80,0
DA:83,0
DA:84,0
DA:85,0
DA:87,0
DA:95,0
DA:96,0
DA:98,0
DA:99,0
DA:101,0
DA:106,0
DA:107,0
DA:109,0
DA:111,0
DA:113,0
DA:114,0
DA:119,0
DA:120,0
DA:122,0
DA:123,0
DA:125,0
DA:130,0
DA:131,0
DA:133,0
DA:135,0
DA:137,0
DA:143,0
DA:144,0
DA:147,0
DA:148,0
DA:149,0
DA:151,0
DA:157,0
DA:158,0
DA:161,0
DA:162,0
DA:163,0
DA:165,0
DA:172,0
DA:173,0
DA:176,0
DA:177,0
DA:178,0
DA:180,0
DA:187,0
DA:188,0
DA:191,0
DA:192,0
DA:193,0
DA:195,0
DA:203,0
DA:204,0
DA:206,0
DA:207,0
DA:209,0
DA:214,0
DA:215,0
DA:217,0
DA:219,0
DA:221,0
DA:222,0
DA:227,0
DA:228,0
DA:230,0
DA:231,0
DA:233,0
DA:238,0
DA:239,0
DA:241,0
DA:243,0
DA:245,0
DA:250,0
DA:251,0
DA:253,0
DA:255,0
DA:257,0
DA:258,0
DA:263,0
DA:264,0
DA:266,0
DA:268,0
DA:270,0
DA:276,0
DA:277,0
DA:278,0
DA:280,0
DA:288,0
DA:289,0
DA:291,0
DA:292,0
LF:112
LH:0
BRDA:40,0,0,0
BRDA:40,0,1,0
BRDA:41,1,0,0
BRDA:41,1,1,0
BRDA:54,2,0,0
BRDA:54,2,1,0
BRDA:55,3,0,0
BRDA:55,3,1,0
BRDA:64,4,0,0
BRDA:69,5,0,0
BRDA:69,5,1,0
BRDA:70,6,0,0
BRDA:70,6,1,0
BRDA:84,7,0,0
BRDA:84,7,1,0
BRDA:85,8,0,0
BRDA:85,8,1,0
BRDA:89,9,0,0
BRDA:89,9,1,0
BRDA:148,10,0,0
BRDA:148,10,1,0
BRDA:149,11,0,0
BRDA:149,11,1,0
BRDA:162,12,0,0
BRDA:162,12,1,0
BRDA:163,13,0,0
BRDA:163,13,1,0
BRDA:177,14,0,0
BRDA:177,14,1,0
BRDA:178,15,0,0
BRDA:178,15,1,0
BRDA:192,16,0,0
BRDA:192,16,1,0
BRDA:193,17,0,0
BRDA:193,17,1,0
BRDA:197,18,0,0
BRDA:197,18,1,0
BRDA:283,19,0,0
BRDA:283,19,1,0
BRDA:284,20,0,0
BRDA:284,20,1,0
BRF:41
BRH:0
end_of_record
TN:
SF:lib\notion\client.ts
FN:8,getNotionClientInstance
FN:16,createNotionClient
FN:30,createNotionClientForClient
FN:55,(anonymous_10)
FN:62,(anonymous_11)
FN:69,(anonymous_12)
FN:81,(anonymous_13)
FN:90,(anonymous_14)
FN:97,(anonymous_15)
FN:106,(anonymous_16)
FN:116,(anonymous_17)
FN:126,(anonymous_18)
FN:137,createNotionService
FN:145,createNotionServiceForClient
FNF:14
FNH:0
FNDA:0,getNotionClientInstance
FNDA:0,createNotionClient
FNDA:0,createNotionClientForClient
FNDA:0,(anonymous_10)
FNDA:0,(anonymous_11)
FNDA:0,(anonymous_12)
FNDA:0,(anonymous_13)
FNDA:0,(anonymous_14)
FNDA:0,(anonymous_15)
FNDA:0,(anonymous_16)
FNDA:0,(anonymous_17)
FNDA:0,(anonymous_18)
FNDA:0,createNotionService
FNDA:0,createNotionServiceForClient
DA:1,0
DA:2,0
DA:8,0
DA:9,0
DA:16,0
DA:17,0
DA:19,0
DA:20,0
DA:23,0
DA:30,0
DA:31,0
DA:36,0
DA:37,0
DA:40,0
DA:42,0
DA:43,0
DA:46,0
DA:52,0
DA:56,0
DA:63,0
DA:70,0
DA:82,0
DA:91,0
DA:98,0
DA:107,0
DA:117,0
DA:127,0
DA:137,0
DA:138,0
DA:139,0
DA:145,0
DA:146,0
DA:147,0
LF:33
LH:0
BRDA:19,0,0,0
BRDA:19,0,1,0
BRDA:36,1,0,0
BRDA:36,1,1,0
BRDA:42,2,0,0
BRDA:42,2,1,0
BRF:6
BRH:0
end_of_record
TN:
SF:lib\notion\crm.ts
FN:10,(anonymous_6)
FN:17,saveCustomerInquiry
FN:92,updateInquiryStatus
FN:124,getCustomerInquiries
FN:190,getCustomerInquiry
FN:216,getCRMStats
FN:228,(anonymous_12)
FN:238,(anonymous_13)
FNF:8
FNH:0
FNDA:0,(anonymous_6)
FNDA:0,saveCustomerInquiry
FNDA:0,updateInquiryStatus
FNDA:0,getCustomerInquiries
FNDA:0,getCustomerInquiry
FNDA:0,getCRMStats
FNDA:0,(anonymous_12)
FNDA:0,(anonymous_13)
DA:6,0
DA:10,0
DA:11,0
DA:17,0
DA:29,0
DA:30,0
DA:32,0
DA:74,0
DA:80,0
DA:81,0
DA:92,0
DA:93,0
DA:94,0
DA:96,0
DA:106,0
DA:112,0
DA:113,0
DA:124,0
DA:130,0
DA:131,0
DA:133,0
DA:137,0
DA:138,0
DA:144,0
DA:145,0
DA:151,0
DA:152,0
DA:157,0
DA:158,0
DA:161,0
DA:162,0
DA:165,0
DA:168,0
DA:172,0
DA:178,0
DA:179,0
DA:190,0
DA:191,0
DA:192,0
DA:194,0
DA:198,0
DA:204,0
DA:205,0
DA:216,0
DA:217,0
DA:218,0
DA:221,0
DA:226,0
DA:229,0
DA:232,0
DA:236,0
DA:239,0
DA:242,0
DA:246,0
DA:247,0
DA:248,0
DA:250,0
DA:254,0
DA:265,0
DA:266,0
LF:60
LH:0
BRDA:10,0,0,0
BRDA:10,0,1,0
BRDA:57,1,0,0
BRDA:57,1,1,0
BRDA:60,2,0,0
BRDA:60,2,1,0
BRDA:84,3,0,0
BRDA:84,3,1,0
BRDA:116,4,0,0
BRDA:116,4,1,0
BRDA:137,5,0,0
BRDA:137,5,1,0
BRDA:144,6,0,0
BRDA:144,6,1,0
BRDA:151,7,0,0
BRDA:151,7,1,0
BRDA:151,8,0,0
BRDA:151,8,1,0
BRDA:157,9,0,0
BRDA:157,9,1,0
BRDA:161,10,0,0
BRDA:161,10,1,0
BRDA:182,11,0,0
BRDA:182,11,1,0
BRDA:208,12,0,0
BRDA:208,12,1,0
BRDA:269,13,0,0
BRDA:269,13,1,0
BRF:28
BRH:0
end_of_record
TN:
SF:lib\notion\markdown-utils.ts
FN:9,extractLinks
FN:37,extractImages
FNF:2
FNH:2
FNDA:16,extractLinks
FNDA:13,extractImages
DA:9,16
DA:11,16
DA:12,1
DA:13,1
DA:17,15
DA:18,15
DA:21,15
DA:23,17
DA:24,17
DA:31,15
DA:37,13
DA:39,13
DA:40,1
DA:41,1
DA:44,12
DA:45,12
DA:48,12
DA:50,15
DA:51,15
DA:58,12
LF:20
LH:20
BRDA:11,0,0,1
BRDA:11,0,1,15
BRDA:23,1,0,17
BRDA:23,1,1,0
BRDA:23,2,0,17
BRDA:23,2,1,17
BRDA:39,3,0,1
BRDA:39,3,1,12
BRDA:50,4,0,15
BRDA:50,4,1,0
BRDA:52,5,0,15
BRDA:52,5,1,1
BRF:12
BRH:10
end_of_record
TN:
SF:lib\notion\markdown.ts
FN:12,(anonymous_6)
FN:119,(anonymous_7)
FN:121,(anonymous_8)
FN:132,(anonymous_9)
FN:134,(anonymous_10)
FN:145,(anonymous_11)
FN:26,(anonymous_12)
FN:34,(anonymous_13)
FN:52,(anonymous_14)
FN:70,(anonymous_15)
FN:81,(anonymous_16)
FN:102,(anonymous_17)
FN:104,(anonymous_18)
FN:154,(anonymous_19)
FN:155,(anonymous_20)
FN:156,(anonymous_21)
FN:166,(anonymous_22)
FN:182,(anonymous_23)
FN:196,(anonymous_24)
FN:204,(anonymous_25)
FNF:20
FNH:0
FNDA:0,(anonymous_6)
FNDA:0,(anonymous_7)
FNDA:0,(anonymous_8)
FNDA:0,(anonymous_9)
FNDA:0,(anonymous_10)
FNDA:0,(anonymous_11)
FNDA:0,(anonymous_12)
FNDA:0,(anonymous_13)
FNDA:0,(anonymous_14)
FNDA:0,(anonymous_15)
FNDA:0,(anonymous_16)
FNDA:0,(anonymous_17)
FNDA:0,(anonymous_18)
FNDA:0,(anonymous_19)
FNDA:0,(anonymous_20)
FNDA:0,(anonymous_21)
FNDA:0,(anonymous_22)
FNDA:0,(anonymous_23)
FNDA:0,(anonymous_24)
FNDA:0,(anonymous_25)
DA:1,0
DA:2,0
DA:8,0
DA:13,0
DA:27,0
DA:35,0
DA:36,0
DA:39,0
DA:40,0
DA:41,0
DA:42,0
DA:44,0
DA:45,0
DA:53,0
DA:54,0
DA:57,0
DA:58,0
DA:59,0
DA:60,0
DA:62,0
DA:63,0
DA:71,0
DA:72,0
DA:75,0
DA:76,0
DA:80,0
DA:82,0
DA:83,0
DA:84,0
DA:92,0
DA:94,0
DA:95,0
DA:103,0
DA:104,0
DA:107,0
DA:108,0
DA:111,0
DA:116,0
DA:120,0
DA:121,0
DA:123,0
DA:129,0
DA:133,0
DA:134,0
DA:136,0
DA:142,0
DA:147,0
DA:155,0
DA:156,0
DA:160,0
DA:173,0
DA:174,0
DA:176,0
DA:177,0
DA:178,0
DA:179,0
DA:180,0
DA:181,0
DA:182,0
DA:183,0
DA:184,0
DA:185,0
DA:186,0
DA:190,0
DA:197,0
DA:198,0
DA:205,0
DA:206,0
DA:211,0
LF:69
LH:0
BRDA:120,0,0,0
BRDA:120,0,1,0
BRDA:133,1,0,0
BRDA:133,1,1,0
BRDA:35,2,0,0
BRDA:35,2,1,0
BRDA:42,3,0,0
BRDA:42,3,1,0
BRDA:53,4,0,0
BRDA:53,4,1,0
BRDA:60,5,0,0
BRDA:60,5,1,0
BRDA:71,6,0,0
BRDA:71,6,1,0
BRDA:107,7,0,0
BRDA:107,7,1,0
BRDA:177,8,0,0
BRDA:177,8,1,0
BRDA:179,9,0,0
BRDA:179,9,1,0
BRDA:181,10,0,0
BRDA:181,10,1,0
BRDA:183,11,0,0
BRDA:183,11,1,0
BRDA:185,12,0,0
BRDA:185,12,1,0
BRF:26
BRH:0
end_of_record
TN:
SF:lib\notion\server.ts
FN:10,getNotionClient
FN:25,getCachedNotionClient
FN:35,validateNotionApiKey
FN:49,searchDatabases
FN:59,searchPages
FN:69,getDatabase
FN:77,getDatabasePages
FN:87,getPage
FN:95,getPageBlocks
FNF:9
FNH:0
FNDA:0,getNotionClient
FNDA:0,getCachedNotionClient
FNDA:0,validateNotionApiKey
FNDA:0,searchDatabases
FNDA:0,searchPages
FNDA:0,getDatabase
FNDA:0,getDatabasePages
FNDA:0,getPage
FNDA:0,getPageBlocks
DA:3,0
DA:4,0
DA:10,0
DA:11,0
DA:13,0
DA:14,0
DA:17,0
DA:23,0
DA:25,0
DA:26,0
DA:27,0
DA:29,0
DA:35,0
DA:36,0
DA:37,0
DA:38,0
DA:39,0
DA:41,0
DA:42,0
DA:49,0
DA:50,0
DA:51,0
DA:59,0
DA:60,0
DA:61,0
DA:69,0
DA:70,0
DA:71,0
DA:77,0
DA:78,0
DA:79,0
DA:87,0
DA:88,0
DA:89,0
DA:95,0
DA:96,0
DA:97,0
LF:37
LH:0
BRDA:13,0,0,0
BRDA:13,0,1,0
BRDA:26,1,0,0
BRDA:26,1,1,0
BRDA:77,2,0,0
BRF:5
BRH:0
end_of_record
TN:
SF:lib\providers\query-provider.tsx
FN:7,QueryProvider
FN:9,(anonymous_2)
FN:18,(anonymous_3)
FN:27,(anonymous_4)
FNF:4
FNH:0
FNDA:0,QueryProvider
FNDA:0,(anonymous_2)
FNDA:0,(anonymous_3)
FNDA:0,(anonymous_4)
DA:3,0
DA:4,0
DA:5,0
DA:7,0
DA:8,0
DA:10,0
DA:20,0
DA:21,0
DA:24,0
DA:27,0
LF:10
LH:0
BRDA:20,0,0,0
BRDA:20,0,1,0
BRDA:20,1,0,0
BRDA:20,1,1,0
BRDA:20,1,2,0
BRDA:45,2,0,0
BRF:6
BRH:0
end_of_record
TN:
SF:lib\schemas\form-schemas.ts
FN:22,(anonymous_6)
FN:26,(anonymous_7)
FN:31,(anonymous_8)
FN:45,(anonymous_9)
FN:48,(anonymous_10)
FN:54,(anonymous_11)
FN:62,(anonymous_12)
FN:94,(anonymous_13)
FN:108,(anonymous_14)
FN:128,(anonymous_15)
FN:132,(anonymous_16)
FN:259,getErrorMessage
FNF:12
FNH:0
FNDA:0,(anonymous_6)
FNDA:0,(anonymous_7)
FNDA:0,(anonymous_8)
FNDA:0,(anonymous_9)
FNDA:0,(anonymous_10)
FNDA:0,(anonymous_11)
FNDA:0,(anonymous_12)
FNDA:0,(anonymous_13)
FNDA:0,(anonymous_14)
FNDA:0,(anonymous_15)
FNDA:0,(anonymous_16)
FNDA:0,getErrorMessage
DA:1,0
DA:5,0
DA:22,0
DA:26,0
DA:32,0
DA:33,0
DA:34,0
DA:35,0
DA:45,0
DA:48,0
DA:52,0
DA:54,0
DA:62,0
DA:73,0
DA:94,0
DA:108,0
DA:112,0
DA:128,0
DA:132,0
DA:143,0
DA:259,0
DA:260,0
DA:261,0
DA:262,0
DA:265,0
DA:266,0
DA:267,0
DA:268,0
DA:270,0
DA:271,0
DA:275,0
LF:31
LH:0
BRDA:259,0,0,0
BRDA:260,1,0,0
BRDA:260,1,1,0
BRDA:262,2,0,0
BRDA:262,2,1,0
BRDA:265,3,0,0
BRDA:265,3,1,0
BRDA:266,4,0,0
BRDA:266,4,1,0
BRDA:268,5,0,0
BRDA:268,5,1,0
BRDA:270,6,0,0
BRDA:270,6,1,0
BRDA:271,7,0,0
BRDA:271,7,1,0
BRDA:271,7,2,0
BRF:16
BRH:0
end_of_record
TN:
SF:lib\store\index.ts
FNF:0
FNH:0
DA:8,0
DA:9,0
DA:10,0
DA:11,0
DA:12,0
DA:13,0
DA:17,0
DA:18,0
DA:19,0
DA:20,0
DA:21,0
DA:22,0
DA:23,0
LF:13
LH:0
BRF:0
BRH:0
end_of_record
TN:
SF:lib\store\sccStore.ts
FN:55,(anonymous_6)
FN:58,(anonymous_7)
FN:62,(anonymous_8)
FN:62,(anonymous_9)
FN:65,(anonymous_10)
FN:67,(anonymous_11)
FN:76,(anonymous_12)
FN:76,(anonymous_13)
FN:82,(anonymous_14)
FN:90,(anonymous_15)
FN:90,(anonymous_16)
FN:97,(anonymous_17)
FN:97,(anonymous_18)
FN:104,(anonymous_19)
FN:104,(anonymous_20)
FN:110,(anonymous_21)
FN:117,(anonymous_22)
FN:117,(anonymous_23)
FN:118,(anonymous_24)
FN:123,(anonymous_25)
FN:127,(anonymous_26)
FN:141,(anonymous_27)
FN:142,(anonymous_28)
FN:143,(anonymous_29)
FN:148,(anonymous_30)
FN:149,(anonymous_31)
FN:150,(anonymous_32)
FN:151,(anonymous_33)
FN:152,(anonymous_34)
FN:153,(anonymous_35)
FN:164,(anonymous_36)
FN:165,(anonymous_37)
FN:166,(anonymous_38)
FN:171,(anonymous_39)
FN:172,(anonymous_40)
FN:173,(anonymous_41)
FNF:36
FNH:0
FNDA:0,(anonymous_6)
FNDA:0,(anonymous_7)
FNDA:0,(anonymous_8)
FNDA:0,(anonymous_9)
FNDA:0,(anonymous_10)
FNDA:0,(anonymous_11)
FNDA:0,(anonymous_12)
FNDA:0,(anonymous_13)
FNDA:0,(anonymous_14)
FNDA:0,(anonymous_15)
FNDA:0,(anonymous_16)
FNDA:0,(anonymous_17)
FNDA:0,(anonymous_18)
FNDA:0,(anonymous_19)
FNDA:0,(anonymous_20)
FNDA:0,(anonymous_21)
FNDA:0,(anonymous_22)
FNDA:0,(anonymous_23)
FNDA:0,(anonymous_24)
FNDA:0,(anonymous_25)
FNDA:0,(anonymous_26)
FNDA:0,(anonymous_27)
FNDA:0,(anonymous_28)
FNDA:0,(anonymous_29)
FNDA:0,(anonymous_30)
FNDA:0,(anonymous_31)
FNDA:0,(anonymous_32)
FNDA:0,(anonymous_33)
FNDA:0,(anonymous_34)
FNDA:0,(anonymous_35)
FNDA:0,(anonymous_36)
FNDA:0,(anonymous_37)
FNDA:0,(anonymous_38)
FNDA:0,(anonymous_39)
FNDA:0,(anonymous_40)
FNDA:0,(anonymous_41)
DA:1,0
DA:2,0
DA:53,0
DA:55,0
DA:58,0
DA:62,0
DA:65,0
DA:67,0
DA:76,0
DA:82,0
DA:90,0
DA:97,0
DA:104,0
DA:105,0
DA:106,0
DA:108,0
DA:110,0
DA:117,0
DA:118,0
DA:119,0
DA:123,0
DA:127,0
DA:141,0
DA:142,0
DA:143,0
DA:145,0
DA:148,0
DA:149,0
DA:150,0
DA:151,0
DA:152,0
DA:153,0
DA:155,0
DA:164,0
DA:165,0
DA:166,0
DA:168,0
DA:171,0
DA:172,0
DA:173,0
DA:175,0
LF:41
LH:0
BRDA:109,0,0,0
BRDA:109,0,1,0
BRF:2
BRH:0
end_of_record
TN:
SF:lib\store\uiStore.ts
FN:54,(anonymous_7)
FN:57,(anonymous_8)
FN:57,(anonymous_9)
FN:58,(anonymous_10)
FN:62,(anonymous_11)
FN:66,(anonymous_12)
FN:66,(anonymous_13)
FN:67,(anonymous_14)
FN:71,(anonymous_15)
FN:79,(anonymous_16)
FN:86,(anonymous_17)
FN:86,(anonymous_18)
FN:100,(anonymous_19)
FN:100,(anonymous_20)
FN:106,(anonymous_21)
FN:106,(anonymous_22)
FN:112,(anonymous_23)
FN:123,(anonymous_24)
FN:127,(anonymous_25)
FN:131,(anonymous_26)
FN:142,(anonymous_27)
FN:143,(anonymous_28)
FN:144,(anonymous_29)
FN:145,(anonymous_30)
FN:150,(anonymous_31)
FN:151,(anonymous_32)
FN:152,(anonymous_33)
FN:157,(anonymous_34)
FN:158,(anonymous_35)
FN:159,(anonymous_36)
FN:160,(anonymous_37)
FN:165,(anonymous_38)
FN:166,(anonymous_39)
FN:167,(anonymous_40)
FN:168,(anonymous_41)
FN:173,(anonymous_42)
FN:174,(anonymous_43)
FN:175,(anonymous_44)
FN:176,(anonymous_45)
FN:177,(anonymous_46)
FNF:40
FNH:0
FNDA:0,(anonymous_7)
FNDA:0,(anonymous_8)
FNDA:0,(anonymous_9)
FNDA:0,(anonymous_10)
FNDA:0,(anonymous_11)
FNDA:0,(anonymous_12)
FNDA:0,(anonymous_13)
FNDA:0,(anonymous_14)
FNDA:0,(anonymous_15)
FNDA:0,(anonymous_16)
FNDA:0,(anonymous_17)
FNDA:0,(anonymous_18)
FNDA:0,(anonymous_19)
FNDA:0,(anonymous_20)
FNDA:0,(anonymous_21)
FNDA:0,(anonymous_22)
FNDA:0,(anonymous_23)
FNDA:0,(anonymous_24)
FNDA:0,(anonymous_25)
FNDA:0,(anonymous_26)
FNDA:0,(anonymous_27)
FNDA:0,(anonymous_28)
FNDA:0,(anonymous_29)
FNDA:0,(anonymous_30)
FNDA:0,(anonymous_31)
FNDA:0,(anonymous_32)
FNDA:0,(anonymous_33)
FNDA:0,(anonymous_34)
FNDA:0,(anonymous_35)
FNDA:0,(anonymous_36)
FNDA:0,(anonymous_37)
FNDA:0,(anonymous_38)
FNDA:0,(anonymous_39)
FNDA:0,(anonymous_40)
FNDA:0,(anonymous_41)
FNDA:0,(anonymous_42)
FNDA:0,(anonymous_43)
FNDA:0,(anonymous_44)
FNDA:0,(anonymous_45)
FNDA:0,(anonymous_46)
DA:1,0
DA:2,0
DA:52,0
DA:54,0
DA:57,0
DA:58,0
DA:62,0
DA:66,0
DA:67,0
DA:71,0
DA:79,0
DA:86,0
DA:100,0
DA:106,0
DA:112,0
DA:123,0
DA:127,0
DA:131,0
DA:142,0
DA:143,0
DA:144,0
DA:145,0
DA:147,0
DA:150,0
DA:151,0
DA:152,0
DA:154,0
DA:157,0
DA:158,0
DA:159,0
DA:160,0
DA:162,0
DA:165,0
DA:166,0
DA:167,0
DA:168,0
DA:170,0
DA:173,0
DA:174,0
DA:175,0
DA:176,0
DA:177,0
DA:179,0
LF:43
LH:0
BRDA:79,0,0,0
BRF:1
BRH:0
end_of_record
